New log file opened at Sun Jul 24 23:12:36 EEST 2016 by 8484@BUMBLEBEE
Sending msg to client play-fork-run-d078e517-d625-43de-a466-0821b67b7852: DetachedLogEvent(LogMessage(debug,sbt server socket logs are in: C:\Users\EFE\play-java\.sbtserver\connections\master.log))
Sending msg to client play-fork-run-d078e517-d625-43de-a466-0821b67b7852: DetachedLogEvent(LogMessage(debug,sbt general server logs are in: C:\Users\EFE\play-java\.sbtserver\master.log))
Sending msg to client play-fork-run-d078e517-d625-43de-a466-0821b67b7852: DetachedLogEvent(LogMessage(debug,sbt client logs are in: C:\Users\EFE\play-java\.sbtserver\connections\play-fork-run-d078e517-d625-43de-a466-0821b67b7852.log))
Reading next message from client.
Got request: DaemonRequest(true)
Reading next message from client.
Sending msg to client play-fork-run-d078e517-d625-43de-a466-0821b67b7852: (3,ReceivedResponse())
Got request: ListenToEvents()
Reading next message from client.
Sending msg to client play-fork-run-d078e517-d625-43de-a466-0821b67b7852: BackgroundJobStarted(76,BackgroundJobInfo(9,backgroundRun,AttributeKey[sbt.BackgroundJobHandle]("backgroundRun") in Scope(Build: file:/C:/Users/EFE/play-java/, , Project: ProjectReference(file:/C:/Users/EFE/play-java/,myProject), Config: compile)))
Sending msg to client play-fork-run-d078e517-d625-43de-a466-0821b67b7852: (4,ReceivedResponse())
Got request: KeyLookupRequest(myProject/playForkConfig)
Reading next message from client.
Sending msg to client play-fork-run-d078e517-d625-43de-a466-0821b67b7852: (5,KeyLookupResponse(myProject/playForkConfig,Vector(AttributeKey[play.forkrun.protocol.ForkConfig]("playForkConfig") in Scope(Build: file:/C:/Users/EFE/play-java/, , Project: ProjectReference(file:/C:/Users/EFE/play-java/,myProject)))))
Got request: ListenToValue(AttributeKey[play.forkrun.protocol.ForkConfig]("playForkConfig") in Scope(Build: file:/C:/Users/EFE/play-java/, , Project: ProjectReference(file:/C:/Users/EFE/play-java/,myProject)))
Reading next message from client.
Sending msg to client play-fork-run-d078e517-d625-43de-a466-0821b67b7852: (6,ReceivedResponse())
Got request: KeyExecutionRequest(AttributeKey[play.forkrun.protocol.ForkConfig]("playForkConfig") in Scope(Build: file:/C:/Users/EFE/play-java/, , Project: ProjectReference(file:/C:/Users/EFE/play-java/,myProject)))
Reading next message from client.
Sending msg to client play-fork-run-d078e517-d625-43de-a466-0821b67b7852: (7,ExecutionRequestReceived(77))
Sending msg to client play-fork-run-d078e517-d625-43de-a466-0821b67b7852: ExecutionWaiting(77,{file:/C:/Users/EFE/play-java/}myProject/*:playForkConfig,ClientInfo(d078e517-d625-43de-a466-0821b67b7852,play-fork-run,Play Fork Run,1,Vector()))
Sending msg to client play-fork-run-d078e517-d625-43de-a466-0821b67b7852: ExecutionStarting(77)
Sending msg to client play-fork-run-d078e517-d625-43de-a466-0821b67b7852: DetachedLogEvent(LogMessage(debug,> {file:/C:/Users/EFE/play-java/}myProject/*:playForkConfig))
Sending msg to client play-fork-run-d078e517-d625-43de-a466-0821b67b7852: DetachedLogEvent(LogMessage(debug,Evaluating tasks: myProject/*:playForkConfig))
Sending msg to client play-fork-run-d078e517-d625-43de-a466-0821b67b7852: DetachedLogEvent(LogMessage(debug,Running task... Cancel: sbt.server.ServerTaskCancellation@36d5a6b2, check cycles: false))
Sending msg to client play-fork-run-d078e517-d625-43de-a466-0821b67b7852: DetachedLogEvent(LogMessage(debug,cancel strategy start enabled=true lastCommand=Some(LastCommand(CommandExecutionWork(ExecutionId(77),{file:/C:/Users/EFE/play-java/}myProject/*:playForkConfig,Set(LiveClient(play-fork-run d078e517-d625-43de-a466-0821b67b7852)),sbt.server.WorkCancellationStatus$$anon$1@3016b3a0)))))
Sending msg to client play-fork-run-d078e517-d625-43de-a466-0821b67b7852: TaskStarted(77,9060,None)
Sending msg to client play-fork-run-d078e517-d625-43de-a466-0821b67b7852: TaskStarted(77,9066,None)
Sending msg to client play-fork-run-d078e517-d625-43de-a466-0821b67b7852: TaskStarted(77,9072,Some(AttributeKey[boolean]("skip") in Scope(Global)))
Sending msg to client play-fork-run-d078e517-d625-43de-a466-0821b67b7852: TaskStarted(77,9077,Some(AttributeKey[java.lang.String]("updateCacheName") in Scope(Build: file:/C:/Users/EFE/play-java/, , Project: ProjectReference(file:/C:/Users/EFE/play-java/,myProject))))
Sending msg to client play-fork-run-d078e517-d625-43de-a466-0821b67b7852: TaskStarted(77,9079,None)
Sending msg to client play-fork-run-d078e517-d625-43de-a466-0821b67b7852: TaskStarted(77,9083,Some(AttributeKey[scala.collection.Seq[sbt.Credentials]]("credentials") in Scope(Global)))
Sending msg to client play-fork-run-d078e517-d625-43de-a466-0821b67b7852: TaskStarted(77,9086,Some(AttributeKey[scala.Option[scala.collection.Seq[sbt.Resolver]]]("bootResolvers") in Scope(Build: file:/C:/Users/EFE/play-java/, , Project: ProjectReference(file:/C:/Users/EFE/play-java/,myProject))))
Sending msg to client play-fork-run-d078e517-d625-43de-a466-0821b67b7852: TaskStarted(77,9087,Some(AttributeKey[scala.collection.Seq[sbt.Resolver]]("externalResolvers") in Scope(Build: file:/C:/Users/EFE/play-java/, , Project: ProjectReference(file:/C:/Users/EFE/play-java/,myProject))))
Sending msg to client play-fork-run-d078e517-d625-43de-a466-0821b67b7852: TaskStarted(77,9095,None)
Sending msg to client play-fork-run-d078e517-d625-43de-a466-0821b67b7852: TaskStarted(77,9097,None)
Sending msg to client play-fork-run-d078e517-d625-43de-a466-0821b67b7852: TaskStarted(77,9098,None)
Sending msg to client play-fork-run-d078e517-d625-43de-a466-0821b67b7852: TaskStarted(77,9103,None)
Sending msg to client play-fork-run-d078e517-d625-43de-a466-0821b67b7852: TaskStarted(77,9108,None)
Sending msg to client play-fork-run-d078e517-d625-43de-a466-0821b67b7852: TaskStarted(77,9110,Some(AttributeKey[scala.collection.Seq[java.lang.String]]("javaOptions") in Scope(Global)))
Sending msg to client play-fork-run-d078e517-d625-43de-a466-0821b67b7852: TaskStarted(77,9111,None)
Sending msg to client play-fork-run-d078e517-d625-43de-a466-0821b67b7852: TaskStarted(77,9113,Some(AttributeKey[scala.Tuple2[java.lang.String,java.io.File]]("playPrefixAndAssets") in Scope(Build: file:/C:/Users/EFE/play-java/, , Project: ProjectReference(file:/C:/Users/EFE/play-java/,myProject))))
Sending msg to client play-fork-run-d078e517-d625-43de-a466-0821b67b7852: TaskStarted(77,9114,Some(AttributeKey[scala.Option[java.lang.String]]("mainClass") in Scope(Build: file:/C:/Users/EFE/play-java/, , Project: ProjectReference(file:/C:/Users/EFE/play-java/,myProject), Config: compile, Task: AttributeKey[void]("run"))))
Sending msg to client play-fork-run-d078e517-d625-43de-a466-0821b67b7852: TaskFinished(77,9077,Some(AttributeKey[java.lang.String]("updateCacheName") in Scope(Build: file:/C:/Users/EFE/play-java/, , Project: ProjectReference(file:/C:/Users/EFE/play-java/,myProject))),true,None)
Sending msg to client play-fork-run-d078e517-d625-43de-a466-0821b67b7852: TaskFinished(77,9072,Some(AttributeKey[boolean]("skip") in Scope(Global)),true,None)
Sending msg to client play-fork-run-d078e517-d625-43de-a466-0821b67b7852: TaskFinished(77,9060,None,true,None)
Sending msg to client play-fork-run-d078e517-d625-43de-a466-0821b67b7852: TaskStarted(77,9059,None)
Sending msg to client play-fork-run-d078e517-d625-43de-a466-0821b67b7852: TaskStarted(77,9067,None)
Sending msg to client play-fork-run-d078e517-d625-43de-a466-0821b67b7852: TaskStarted(77,9076,None)
Sending msg to client play-fork-run-d078e517-d625-43de-a466-0821b67b7852: TaskStarted(77,9082,None)
Sending msg to client play-fork-run-d078e517-d625-43de-a466-0821b67b7852: TaskStarted(77,9090,None)
Sending msg to client play-fork-run-d078e517-d625-43de-a466-0821b67b7852: TaskStarted(77,9091,None)
Sending msg to client play-fork-run-d078e517-d625-43de-a466-0821b67b7852: TaskStarted(77,9099,None)
Sending msg to client play-fork-run-d078e517-d625-43de-a466-0821b67b7852: TaskStarted(77,9104,None)
Sending msg to client play-fork-run-d078e517-d625-43de-a466-0821b67b7852: TaskFinished(77,9066,None,true,None)
Sending msg to client play-fork-run-d078e517-d625-43de-a466-0821b67b7852: TaskStarted(77,9065,Some(AttributeKey[sbt.BuildStructure]("buildStructure") in Scope(Global)))
Sending msg to client play-fork-run-d078e517-d625-43de-a466-0821b67b7852: TaskStarted(77,9073,Some(AttributeKey[java.io.File]("dependencyCacheDirectory") in Scope(Build: file:/C:/Users/EFE/play-java/, , Project: ProjectReference(file:/C:/Users/EFE/play-java/,myProject))))
Sending msg to client play-fork-run-d078e517-d625-43de-a466-0821b67b7852: TaskFinished(77,9083,Some(AttributeKey[scala.collection.Seq[sbt.Credentials]]("credentials") in Scope(Global)),true,None)
Sending msg to client play-fork-run-d078e517-d625-43de-a466-0821b67b7852: TaskFinished(77,9086,Some(AttributeKey[scala.Option[scala.collection.Seq[sbt.Resolver]]]("bootResolvers") in Scope(Build: file:/C:/Users/EFE/play-java/, , Project: ProjectReference(file:/C:/Users/EFE/play-java/,myProject))),true,None)
Sending msg to client play-fork-run-d078e517-d625-43de-a466-0821b67b7852: TaskFinished(77,9087,Some(AttributeKey[scala.collection.Seq[sbt.Resolver]]("externalResolvers") in Scope(Build: file:/C:/Users/EFE/play-java/, , Project: ProjectReference(file:/C:/Users/EFE/play-java/,myProject))),true,None)
Sending msg to client play-fork-run-d078e517-d625-43de-a466-0821b67b7852: TaskFinished(77,9095,None,true,None)
Sending msg to client play-fork-run-d078e517-d625-43de-a466-0821b67b7852: TaskFinished(77,9097,None,true,None)
Sending msg to client play-fork-run-d078e517-d625-43de-a466-0821b67b7852: TaskFinished(77,9098,None,true,None)
Sending msg to client play-fork-run-d078e517-d625-43de-a466-0821b67b7852: TaskStarted(77,9096,Some(AttributeKey[scala.collection.Seq[sbt.UpdateReport]]("transitiveUpdate") in Scope(Build: file:/C:/Users/EFE/play-java/, , Project: ProjectReference(file:/C:/Users/EFE/play-java/,myProject))))
Sending msg to client play-fork-run-d078e517-d625-43de-a466-0821b67b7852: TaskFinished(77,9103,None,true,None)
Sending msg to client play-fork-run-d078e517-d625-43de-a466-0821b67b7852: TaskFinished(77,9108,None,true,None)
Sending msg to client play-fork-run-d078e517-d625-43de-a466-0821b67b7852: TaskFinished(77,9110,Some(AttributeKey[scala.collection.Seq[java.lang.String]]("javaOptions") in Scope(Global)),true,None)
Sending msg to client play-fork-run-d078e517-d625-43de-a466-0821b67b7852: TaskFinished(77,9111,None,true,None)
Sending msg to client play-fork-run-d078e517-d625-43de-a466-0821b67b7852: TaskStarted(77,9109,Some(AttributeKey[scala.collection.Seq[java.lang.String]]("javaOptions") in Scope(Build: file:/C:/Users/EFE/play-java/, )))
Sending msg to client play-fork-run-d078e517-d625-43de-a466-0821b67b7852: TaskFinished(77,9113,Some(AttributeKey[scala.Tuple2[java.lang.String,java.io.File]]("playPrefixAndAssets") in Scope(Build: file:/C:/Users/EFE/play-java/, , Project: ProjectReference(file:/C:/Users/EFE/play-java/,myProject))),true,None)
Sending msg to client play-fork-run-d078e517-d625-43de-a466-0821b67b7852: TaskStarted(77,9112,Some(AttributeKey[scala.collection.Seq[scala.Tuple2[java.lang.String,java.io.File]]]("playAllAssets") in Scope(Build: file:/C:/Users/EFE/play-java/, , Project: ProjectReference(file:/C:/Users/EFE/play-java/,myProject))))
Sending msg to client play-fork-run-d078e517-d625-43de-a466-0821b67b7852: TaskFinished(77,9114,Some(AttributeKey[scala.Option[java.lang.String]]("mainClass") in Scope(Build: file:/C:/Users/EFE/play-java/, , Project: ProjectReference(file:/C:/Users/EFE/play-java/,myProject), Config: compile, Task: AttributeKey[void]("run"))),true,None)
Sending msg to client play-fork-run-d078e517-d625-43de-a466-0821b67b7852: TaskFinished(77,9059,None,true,None)
Sending msg to client play-fork-run-d078e517-d625-43de-a466-0821b67b7852: TaskFinished(77,9067,None,true,None)
Sending msg to client play-fork-run-d078e517-d625-43de-a466-0821b67b7852: TaskFinished(77,9079,None,true,None)
Sending msg to client play-fork-run-d078e517-d625-43de-a466-0821b67b7852: TaskFinished(77,9090,None,true,None)
Sending msg to client play-fork-run-d078e517-d625-43de-a466-0821b67b7852: TaskFinished(77,9091,None,true,None)
Sending msg to client play-fork-run-d078e517-d625-43de-a466-0821b67b7852: TaskFinished(77,9099,None,true,None)
Sending msg to client play-fork-run-d078e517-d625-43de-a466-0821b67b7852: TaskFinished(77,9082,None,true,None)
Sending msg to client play-fork-run-d078e517-d625-43de-a466-0821b67b7852: TaskFinished(77,9104,None,true,None)
Sending msg to client play-fork-run-d078e517-d625-43de-a466-0821b67b7852: TaskFinished(77,9065,Some(AttributeKey[sbt.BuildStructure]("buildStructure") in Scope(Global)),true,None)
Sending msg to client play-fork-run-d078e517-d625-43de-a466-0821b67b7852: TaskStarted(77,9064,Some(AttributeKey[sbt.Settings[sbt.Scope]]("settingsData") in Scope(Global)))
Sending msg to client play-fork-run-d078e517-d625-43de-a466-0821b67b7852: TaskFinished(77,9073,Some(AttributeKey[java.io.File]("dependencyCacheDirectory") in Scope(Build: file:/C:/Users/EFE/play-java/, , Project: ProjectReference(file:/C:/Users/EFE/play-java/,myProject))),true,None)
Sending msg to client play-fork-run-d078e517-d625-43de-a466-0821b67b7852: TaskFinished(77,9096,Some(AttributeKey[scala.collection.Seq[sbt.UpdateReport]]("transitiveUpdate") in Scope(Build: file:/C:/Users/EFE/play-java/, , Project: ProjectReference(file:/C:/Users/EFE/play-java/,myProject))),true,None)
Sending msg to client play-fork-run-d078e517-d625-43de-a466-0821b67b7852: TaskFinished(77,9109,Some(AttributeKey[scala.collection.Seq[java.lang.String]]("javaOptions") in Scope(Build: file:/C:/Users/EFE/play-java/, )),true,None)
Sending msg to client play-fork-run-d078e517-d625-43de-a466-0821b67b7852: TaskFinished(77,9076,None,true,None)
Sending msg to client play-fork-run-d078e517-d625-43de-a466-0821b67b7852: TaskStarted(77,9075,Some(AttributeKey[scala.collection.immutable.Map[sbt.ModuleID,sbt.SourcePosition]]("dependencyPositions") in Scope(Build: file:/C:/Users/EFE/play-java/, , Project: ProjectReference(file:/C:/Users/EFE/play-java/,myProject))))
Sending msg to client play-fork-run-d078e517-d625-43de-a466-0821b67b7852: TaskFinished(77,9112,Some(AttributeKey[scala.collection.Seq[scala.Tuple2[java.lang.String,java.io.File]]]("playAllAssets") in Scope(Build: file:/C:/Users/EFE/play-java/, , Project: ProjectReference(file:/C:/Users/EFE/play-java/,myProject))),true,None)
Sending msg to client play-fork-run-d078e517-d625-43de-a466-0821b67b7852: TaskFinished(77,9064,Some(AttributeKey[sbt.Settings[sbt.Scope]]("settingsData") in Scope(Global)),true,None)
Sending msg to client play-fork-run-d078e517-d625-43de-a466-0821b67b7852: TaskStarted(77,9063,None)
Sending msg to client play-fork-run-d078e517-d625-43de-a466-0821b67b7852: TaskStarted(77,9078,None)
Sending msg to client play-fork-run-d078e517-d625-43de-a466-0821b67b7852: TaskStarted(77,9089,Some(AttributeKey[scala.collection.immutable.Map[org.apache.ivy.core.module.id.ModuleRevisionId,org.apache.ivy.core.module.descriptor.ModuleDescriptor]]("projectDescriptors") in Scope(Build: file:/C:/Users/EFE/play-java/, , Project: ProjectReference(file:/C:/Users/EFE/play-java/,myProject))))
Sending msg to client play-fork-run-d078e517-d625-43de-a466-0821b67b7852: TaskStarted(77,9094,Some(AttributeKey[scala.collection.Seq[sbt.ModuleID]]("projectDependencies") in Scope(Build: file:/C:/Users/EFE/play-java/, , Project: ProjectReference(file:/C:/Users/EFE/play-java/,myProject))))
Sending msg to client play-fork-run-d078e517-d625-43de-a466-0821b67b7852: TaskStarted(77,9107,Some(AttributeKey[scala.collection.Seq[java.io.File]]("playMonitoredFiles") in Scope(Build: file:/C:/Users/EFE/play-java/, , Project: ProjectReference(file:/C:/Users/EFE/play-java/,myProject))))
Sending msg to client play-fork-run-d078e517-d625-43de-a466-0821b67b7852: TaskStarted(77,9115,None)
Sending msg to client play-fork-run-d078e517-d625-43de-a466-0821b67b7852: TaskStarted(77,9119,None)
Sending msg to client play-fork-run-d078e517-d625-43de-a466-0821b67b7852: TaskStarted(77,9120,None)
Sending msg to client play-fork-run-d078e517-d625-43de-a466-0821b67b7852: TaskStarted(77,9123,None)
Sending msg to client play-fork-run-d078e517-d625-43de-a466-0821b67b7852: TaskStarted(77,9125,None)
Sending msg to client play-fork-run-d078e517-d625-43de-a466-0821b67b7852: TaskStarted(77,9126,None)
Sending msg to client play-fork-run-d078e517-d625-43de-a466-0821b67b7852: TaskStarted(77,9128,None)
Sending msg to client play-fork-run-d078e517-d625-43de-a466-0821b67b7852: TaskFinished(77,9094,Some(AttributeKey[scala.collection.Seq[sbt.ModuleID]]("projectDependencies") in Scope(Build: file:/C:/Users/EFE/play-java/, , Project: ProjectReference(file:/C:/Users/EFE/play-java/,myProject))),true,None)
Sending msg to client play-fork-run-d078e517-d625-43de-a466-0821b67b7852: TaskStarted(77,9093,Some(AttributeKey[scala.collection.Seq[sbt.ModuleID]]("allDependencies") in Scope(Build: file:/C:/Users/EFE/play-java/, , Project: ProjectReference(file:/C:/Users/EFE/play-java/,myProject))))
Sending msg to client play-fork-run-d078e517-d625-43de-a466-0821b67b7852: TaskStarted(77,9129,None)
Sending msg to client play-fork-run-d078e517-d625-43de-a466-0821b67b7852: TaskFinished(77,9115,None,true,None)
Sending msg to client play-fork-run-d078e517-d625-43de-a466-0821b67b7852: TaskFinished(77,9078,None,true,None)
Sending msg to client play-fork-run-d078e517-d625-43de-a466-0821b67b7852: TaskFinished(77,9119,None,true,None)
Sending msg to client play-fork-run-d078e517-d625-43de-a466-0821b67b7852: TaskFinished(77,9120,None,true,None)
Sending msg to client play-fork-run-d078e517-d625-43de-a466-0821b67b7852: TaskStarted(77,9118,Some(AttributeKey[scala.collection.Seq[sbt.Attributed[java.io.File]]]("unmanagedJars") in Scope(Build: file:/C:/Users/EFE/play-java/, , Project: ProjectReference(file:/C:/Users/EFE/play-java/,myProject), Config: runtime)))
Sending msg to client play-fork-run-d078e517-d625-43de-a466-0821b67b7852: TaskFinished(77,9123,None,true,None)
Sending msg to client play-fork-run-d078e517-d625-43de-a466-0821b67b7852: TaskStarted(77,9122,None)
Sending msg to client play-fork-run-d078e517-d625-43de-a466-0821b67b7852: TaskFinished(77,9125,None,true,None)
Sending msg to client play-fork-run-d078e517-d625-43de-a466-0821b67b7852: TaskFinished(77,9126,None,true,None)
Sending msg to client play-fork-run-d078e517-d625-43de-a466-0821b67b7852: TaskStarted(77,9124,Some(AttributeKey[scala.collection.Seq[sbt.Attributed[java.io.File]]]("unmanagedJars") in Scope(Build: file:/C:/Users/EFE/play-java/, , Project: ProjectReference(file:/C:/Users/EFE/play-java/,myProject), Config: compile)))
Sending msg to client play-fork-run-d078e517-d625-43de-a466-0821b67b7852: TaskFinished(77,9128,None,true,None)
Sending msg to client play-fork-run-d078e517-d625-43de-a466-0821b67b7852: TaskStarted(77,9127,None)
Sending msg to client play-fork-run-d078e517-d625-43de-a466-0821b67b7852: TaskFinished(77,9093,Some(AttributeKey[scala.collection.Seq[sbt.ModuleID]]("allDependencies") in Scope(Build: file:/C:/Users/EFE/play-java/, , Project: ProjectReference(file:/C:/Users/EFE/play-java/,myProject))),true,None)
Sending msg to client play-fork-run-d078e517-d625-43de-a466-0821b67b7852: TaskStarted(77,9092,Some(AttributeKey[sbt.ModuleSettings]("moduleSettings") in Scope(Build: file:/C:/Users/EFE/play-java/, , Project: ProjectReference(file:/C:/Users/EFE/play-java/,myProject))))
Sending msg to client play-fork-run-d078e517-d625-43de-a466-0821b67b7852: TaskFinished(77,9129,None,true,None)
Sending msg to client play-fork-run-d078e517-d625-43de-a466-0821b67b7852: TaskFinished(77,9107,Some(AttributeKey[scala.collection.Seq[java.io.File]]("playMonitoredFiles") in Scope(Build: file:/C:/Users/EFE/play-java/, , Project: ProjectReference(file:/C:/Users/EFE/play-java/,myProject))),true,None)
Sending msg to client play-fork-run-d078e517-d625-43de-a466-0821b67b7852: TaskFinished(77,9118,Some(AttributeKey[scala.collection.Seq[sbt.Attributed[java.io.File]]]("unmanagedJars") in Scope(Build: file:/C:/Users/EFE/play-java/, , Project: ProjectReference(file:/C:/Users/EFE/play-java/,myProject), Config: runtime)),true,None)
Sending msg to client play-fork-run-d078e517-d625-43de-a466-0821b67b7852: TaskStarted(77,9130,None)
Sending msg to client play-fork-run-d078e517-d625-43de-a466-0821b67b7852: TaskFinished(77,9127,None,true,None)
Sending msg to client play-fork-run-d078e517-d625-43de-a466-0821b67b7852: TaskFinished(77,9089,Some(AttributeKey[scala.collection.immutable.Map[org.apache.ivy.core.module.id.ModuleRevisionId,org.apache.ivy.core.module.descriptor.ModuleDescriptor]]("projectDescriptors") in Scope(Build: file:/C:/Users/EFE/play-java/, , Project: ProjectReference(file:/C:/Users/EFE/play-java/,myProject))),true,None)
Sending msg to client play-fork-run-d078e517-d625-43de-a466-0821b67b7852: TaskStarted(77,9088,Some(AttributeKey[sbt.Resolver]("projectResolver") in Scope(Build: file:/C:/Users/EFE/play-java/, , Project: ProjectReference(file:/C:/Users/EFE/play-java/,myProject))))
Sending msg to client play-fork-run-d078e517-d625-43de-a466-0821b67b7852: TaskFinished(77,9124,Some(AttributeKey[scala.collection.Seq[sbt.Attributed[java.io.File]]]("unmanagedJars") in Scope(Build: file:/C:/Users/EFE/play-java/, , Project: ProjectReference(file:/C:/Users/EFE/play-java/,myProject), Config: compile)),true,None)
Sending msg to client play-fork-run-d078e517-d625-43de-a466-0821b67b7852: TaskFinished(77,9092,Some(AttributeKey[sbt.ModuleSettings]("moduleSettings") in Scope(Build: file:/C:/Users/EFE/play-java/, , Project: ProjectReference(file:/C:/Users/EFE/play-java/,myProject))),true,None)
Sending msg to client play-fork-run-d078e517-d625-43de-a466-0821b67b7852: TaskFinished(77,9130,None,true,None)
Sending msg to client play-fork-run-d078e517-d625-43de-a466-0821b67b7852: TaskFinished(77,9122,None,true,None)
Sending msg to client play-fork-run-d078e517-d625-43de-a466-0821b67b7852: TaskStarted(77,9121,Some(AttributeKey[scala.collection.Seq[sbt.Attributed[java.io.File]]]("unmanagedJars") in Scope(Build: file:/C:/Users/EFE/play-java/, , Project: ProjectReference(file:/C:/Users/EFE/play-java/,myProject), Config: compile)))
Sending msg to client play-fork-run-d078e517-d625-43de-a466-0821b67b7852: TaskFinished(77,9088,Some(AttributeKey[sbt.Resolver]("projectResolver") in Scope(Build: file:/C:/Users/EFE/play-java/, , Project: ProjectReference(file:/C:/Users/EFE/play-java/,myProject))),true,None)
Sending msg to client play-fork-run-d078e517-d625-43de-a466-0821b67b7852: TaskStarted(77,9085,Some(AttributeKey[scala.collection.Seq[sbt.Resolver]]("fullResolvers") in Scope(Build: file:/C:/Users/EFE/play-java/, , Project: ProjectReference(file:/C:/Users/EFE/play-java/,myProject))))
Sending msg to client play-fork-run-d078e517-d625-43de-a466-0821b67b7852: TaskFinished(77,9121,Some(AttributeKey[scala.collection.Seq[sbt.Attributed[java.io.File]]]("unmanagedJars") in Scope(Build: file:/C:/Users/EFE/play-java/, , Project: ProjectReference(file:/C:/Users/EFE/play-java/,myProject), Config: compile)),true,None)
Sending msg to client play-fork-run-d078e517-d625-43de-a466-0821b67b7852: TaskStarted(77,9117,None)
Sending msg to client play-fork-run-d078e517-d625-43de-a466-0821b67b7852: TaskFinished(77,9085,Some(AttributeKey[scala.collection.Seq[sbt.Resolver]]("fullResolvers") in Scope(Build: file:/C:/Users/EFE/play-java/, , Project: ProjectReference(file:/C:/Users/EFE/play-java/,myProject))),true,None)
Sending msg to client play-fork-run-d078e517-d625-43de-a466-0821b67b7852: TaskStarted(77,9084,Some(AttributeKey[sbt.IvyConfiguration]("ivyConfiguration") in Scope(Build: file:/C:/Users/EFE/play-java/, , Project: ProjectReference(file:/C:/Users/EFE/play-java/,myProject))))
Sending msg to client play-fork-run-d078e517-d625-43de-a466-0821b67b7852: TaskFinished(77,9117,None,true,None)
Sending msg to client play-fork-run-d078e517-d625-43de-a466-0821b67b7852: TaskStarted(77,9116,None)
Sending msg to client play-fork-run-d078e517-d625-43de-a466-0821b67b7852: TaskFinished(77,9084,Some(AttributeKey[sbt.IvyConfiguration]("ivyConfiguration") in Scope(Build: file:/C:/Users/EFE/play-java/, , Project: ProjectReference(file:/C:/Users/EFE/play-java/,myProject))),true,None)
Sending msg to client play-fork-run-d078e517-d625-43de-a466-0821b67b7852: TaskStarted(77,9081,Some(AttributeKey[sbt.IvySbt]("ivySbt") in Scope(Build: file:/C:/Users/EFE/play-java/, , Project: ProjectReference(file:/C:/Users/EFE/play-java/,myProject))))
Sending msg to client play-fork-run-d078e517-d625-43de-a466-0821b67b7852: TaskFinished(77,9116,None,true,None)
Sending msg to client play-fork-run-d078e517-d625-43de-a466-0821b67b7852: TaskFinished(77,9063,None,true,None)
Sending msg to client play-fork-run-d078e517-d625-43de-a466-0821b67b7852: TaskStarted(77,9062,Some(AttributeKey[scala.collection.Seq[sbt.Attributed[java.io.File]]]("unmanagedClasspath") in Scope(Build: file:/C:/Users/EFE/play-java/, , Project: ProjectReference(file:/C:/Users/EFE/play-java/,myProject), Config: runtime)))
Sending msg to client play-fork-run-d078e517-d625-43de-a466-0821b67b7852: TaskFinished(77,9081,Some(AttributeKey[sbt.IvySbt]("ivySbt") in Scope(Build: file:/C:/Users/EFE/play-java/, , Project: ProjectReference(file:/C:/Users/EFE/play-java/,myProject))),true,None)
Sending msg to client play-fork-run-d078e517-d625-43de-a466-0821b67b7852: TaskStarted(77,9080,Some(AttributeKey[sbt.IvySbt$Module]("ivyModule") in Scope(Build: file:/C:/Users/EFE/play-java/, , Project: ProjectReference(file:/C:/Users/EFE/play-java/,myProject))))
Sending msg to client play-fork-run-d078e517-d625-43de-a466-0821b67b7852: TaskFinished(77,9062,Some(AttributeKey[scala.collection.Seq[sbt.Attributed[java.io.File]]]("unmanagedClasspath") in Scope(Build: file:/C:/Users/EFE/play-java/, , Project: ProjectReference(file:/C:/Users/EFE/play-java/,myProject), Config: runtime)),true,None)
Sending msg to client play-fork-run-d078e517-d625-43de-a466-0821b67b7852: TaskFinished(77,9080,Some(AttributeKey[sbt.IvySbt$Module]("ivyModule") in Scope(Build: file:/C:/Users/EFE/play-java/, , Project: ProjectReference(file:/C:/Users/EFE/play-java/,myProject))),true,None)
Sending msg to client play-fork-run-d078e517-d625-43de-a466-0821b67b7852: TaskFinished(77,9075,Some(AttributeKey[scala.collection.immutable.Map[sbt.ModuleID,sbt.SourcePosition]]("dependencyPositions") in Scope(Build: file:/C:/Users/EFE/play-java/, , Project: ProjectReference(file:/C:/Users/EFE/play-java/,myProject))),true,None)
Sending msg to client play-fork-run-d078e517-d625-43de-a466-0821b67b7852: TaskStarted(77,9074,Some(AttributeKey[sbt.UnresolvedWarningConfiguration]("unresolvedWarningConfiguration") in Scope(Build: file:/C:/Users/EFE/play-java/, , Project: ProjectReference(file:/C:/Users/EFE/play-java/,myProject), Task: AttributeKey[sbt.UpdateReport]("update"))))
Sending msg to client play-fork-run-d078e517-d625-43de-a466-0821b67b7852: TaskFinished(77,9074,Some(AttributeKey[sbt.UnresolvedWarningConfiguration]("unresolvedWarningConfiguration") in Scope(Build: file:/C:/Users/EFE/play-java/, , Project: ProjectReference(file:/C:/Users/EFE/play-java/,myProject), Task: AttributeKey[sbt.UpdateReport]("update"))),true,None)
Sending msg to client play-fork-run-d078e517-d625-43de-a466-0821b67b7852: TaskStarted(77,9071,Some(AttributeKey[sbt.UpdateReport]("update") in Scope(Build: file:/C:/Users/EFE/play-java/, , Project: ProjectReference(file:/C:/Users/EFE/play-java/,myProject))))
Sending msg to client play-fork-run-d078e517-d625-43de-a466-0821b67b7852: TaskFinished(77,9071,Some(AttributeKey[sbt.UpdateReport]("update") in Scope(Build: file:/C:/Users/EFE/play-java/, , Project: ProjectReference(file:/C:/Users/EFE/play-java/,myProject))),true,None)
Sending msg to client play-fork-run-d078e517-d625-43de-a466-0821b67b7852: TaskStarted(77,9070,Some(AttributeKey[sbt.UpdateReport]("update") in Scope(Build: file:/C:/Users/EFE/play-java/, , Project: ProjectReference(file:/C:/Users/EFE/play-java/,myProject))))
Sending msg to client play-fork-run-d078e517-d625-43de-a466-0821b67b7852: TaskFinished(77,9070,Some(AttributeKey[sbt.UpdateReport]("update") in Scope(Build: file:/C:/Users/EFE/play-java/, , Project: ProjectReference(file:/C:/Users/EFE/play-java/,myProject))),true,None)
Sending msg to client play-fork-run-d078e517-d625-43de-a466-0821b67b7852: TaskStarted(77,9102,Some(AttributeKey[sbt.Configuration]("classpathConfiguration") in Scope(Build: file:/C:/Users/EFE/play-java/, , Project: ProjectReference(file:/C:/Users/EFE/play-java/,myProject), Config: compile)))
Sending msg to client play-fork-run-d078e517-d625-43de-a466-0821b67b7852: TaskStarted(77,9105,Some(AttributeKey[scala.collection.Seq[sbt.Attributed[java.io.File]]]("managedClasspath") in Scope(Build: file:/C:/Users/EFE/play-java/, , Project: ProjectReference(file:/C:/Users/EFE/play-java/,myProject), Config: docs)))
Sending msg to client play-fork-run-d078e517-d625-43de-a466-0821b67b7852: TaskFinished(77,9102,Some(AttributeKey[sbt.Configuration]("classpathConfiguration") in Scope(Build: file:/C:/Users/EFE/play-java/, , Project: ProjectReference(file:/C:/Users/EFE/play-java/,myProject), Config: compile)),true,None)
Sending msg to client play-fork-run-d078e517-d625-43de-a466-0821b67b7852: TaskStarted(77,9101,None)
Sending msg to client play-fork-run-d078e517-d625-43de-a466-0821b67b7852: TaskFinished(77,9105,Some(AttributeKey[scala.collection.Seq[sbt.Attributed[java.io.File]]]("managedClasspath") in Scope(Build: file:/C:/Users/EFE/play-java/, , Project: ProjectReference(file:/C:/Users/EFE/play-java/,myProject), Config: docs)),true,None)
Sending msg to client play-fork-run-d078e517-d625-43de-a466-0821b67b7852: TaskStarted(77,9106,Some(AttributeKey[scala.Option[java.io.File]]("playDocsJar") in Scope(Build: file:/C:/Users/EFE/play-java/, , Project: ProjectReference(file:/C:/Users/EFE/play-java/,myProject))))
Sending msg to client play-fork-run-d078e517-d625-43de-a466-0821b67b7852: TaskFinished(77,9101,None,true,None)
Sending msg to client play-fork-run-d078e517-d625-43de-a466-0821b67b7852: TaskStarted(77,9100,Some(AttributeKey[sbt.Configuration]("classpathConfiguration") in Scope(Build: file:/C:/Users/EFE/play-java/, , Project: ProjectReference(file:/C:/Users/EFE/play-java/,myProject), Config: runtime)))
Sending msg to client play-fork-run-d078e517-d625-43de-a466-0821b67b7852: TaskFinished(77,9106,Some(AttributeKey[scala.Option[java.io.File]]("playDocsJar") in Scope(Build: file:/C:/Users/EFE/play-java/, , Project: ProjectReference(file:/C:/Users/EFE/play-java/,myProject))),true,None)
Sending msg to client play-fork-run-d078e517-d625-43de-a466-0821b67b7852: TaskFinished(77,9100,Some(AttributeKey[sbt.Configuration]("classpathConfiguration") in Scope(Build: file:/C:/Users/EFE/play-java/, , Project: ProjectReference(file:/C:/Users/EFE/play-java/,myProject), Config: runtime)),true,None)
Sending msg to client play-fork-run-d078e517-d625-43de-a466-0821b67b7852: TaskStarted(77,9069,None)
Sending msg to client play-fork-run-d078e517-d625-43de-a466-0821b67b7852: TaskFinished(77,9069,None,true,None)
Sending msg to client play-fork-run-d078e517-d625-43de-a466-0821b67b7852: TaskStarted(77,9068,Some(AttributeKey[scala.collection.Seq[sbt.Attributed[java.io.File]]]("managedClasspath") in Scope(Build: file:/C:/Users/EFE/play-java/, , Project: ProjectReference(file:/C:/Users/EFE/play-java/,myProject), Config: runtime)))
Sending msg to client play-fork-run-d078e517-d625-43de-a466-0821b67b7852: TaskFinished(77,9068,Some(AttributeKey[scala.collection.Seq[sbt.Attributed[java.io.File]]]("managedClasspath") in Scope(Build: file:/C:/Users/EFE/play-java/, , Project: ProjectReference(file:/C:/Users/EFE/play-java/,myProject), Config: runtime)),true,None)
Sending msg to client play-fork-run-d078e517-d625-43de-a466-0821b67b7852: TaskStarted(77,9061,None)
Sending msg to client play-fork-run-d078e517-d625-43de-a466-0821b67b7852: TaskFinished(77,9061,None,true,None)
Sending msg to client play-fork-run-d078e517-d625-43de-a466-0821b67b7852: TaskStarted(77,9058,Some(AttributeKey[scala.collection.Seq[sbt.Attributed[java.io.File]]]("playDependencyClasspath") in Scope(Build: file:/C:/Users/EFE/play-java/, , Project: ProjectReference(file:/C:/Users/EFE/play-java/,myProject))))
Sending msg to client play-fork-run-d078e517-d625-43de-a466-0821b67b7852: TaskFinished(77,9058,Some(AttributeKey[scala.collection.Seq[sbt.Attributed[java.io.File]]]("playDependencyClasspath") in Scope(Build: file:/C:/Users/EFE/play-java/, , Project: ProjectReference(file:/C:/Users/EFE/play-java/,myProject))),true,None)
Sending msg to client play-fork-run-d078e517-d625-43de-a466-0821b67b7852: TaskStarted(77,9057,Some(AttributeKey[play.forkrun.protocol.ForkConfig]("playForkConfig") in Scope(Build: file:/C:/Users/EFE/play-java/, , Project: ProjectReference(file:/C:/Users/EFE/play-java/,myProject))))
Sending msg to client play-fork-run-d078e517-d625-43de-a466-0821b67b7852: TaskFinished(77,9057,Some(AttributeKey[play.forkrun.protocol.ForkConfig]("playForkConfig") in Scope(Build: file:/C:/Users/EFE/play-java/, , Project: ProjectReference(file:/C:/Users/EFE/play-java/,myProject))),true,None)
Sending msg to client play-fork-run-d078e517-d625-43de-a466-0821b67b7852: ValueChanged(AttributeKey[play.forkrun.protocol.ForkConfig]("playForkConfig") in Scope(Build: file:/C:/Users/EFE/play-java/, , Project: ProjectReference(file:/C:/Users/EFE/play-java/,myProject)),TaskSuccess(BuildValue(LazyValue(ForkConfig(C:\Users\EFE\play-java,List(-Djna.nosys=true),List(C:\activator-dist-1.3.10\repository\org.scala-lang\scala-library\2.11.7\jars\scala-library.jar, C:\activator-dist-1.3.10\repository\com.typesafe.play\play-enhancer\1.1.0\jars\play-enhancer.jar, C:\activator-dist-1.3.10\repository\com.typesafe.play\twirl-api_2.11\1.1.1\jars\twirl-api_2.11.jar, C:\activator-dist-1.3.10\repository\org.apache.commons\commons-lang3\3.4\jars\commons-lang3.jar, C:\Users\EFE\.ivy2\cache\org.scala-lang.modules\scala-xml_2.11\bundles\scala-xml_2.11-1.0.1.jar, C:\Users\EFE\.ivy2\cache\com.typesafe.play\play-ebean_2.11\jars\play-ebean_2.11-3.0.0.jar, C:\Users\EFE\.ivy2\cache\com.typesafe.play\play-java-jdbc_2.11\jars\play-java-jdbc_2.11-2.5.4.jar, C:\Users\EFE\.ivy2\cache\com.typesafe.play\play-jdbc_2.11\jars\play-jdbc_2.11-2.5.4.jar, C:\Users\EFE\.ivy2\cache\com.typesafe.play\play-jdbc-api_2.11\jars\play-jdbc-api_2.11-2.5.4.jar, C:\Users\EFE\.ivy2\cache\com.typesafe.play\play_2.11\jars\play_2.11-2.5.4.jar, C:\Users\EFE\.ivy2\cache\com.typesafe.play\build-link\jars\build-link-2.5.4.jar, C:\Users\EFE\.ivy2\cache\com.typesafe.play\play-exceptions\jars\play-exceptions-2.5.4.jar, C:\Users\EFE\.ivy2\cache\com.typesafe.play\play-iteratees_2.11\jars\play-iteratees_2.11-2.5.4.jar, C:\Users\EFE\.ivy2\cache\org.scala-stm\scala-stm_2.11\jars\scala-stm_2.11-0.7.jar, C:\activator-dist-1.3.10\repository\com.typesafe\config\1.3.0\bundles\config.jar, C:\Users\EFE\.ivy2\cache\ch.qos.logback\logback-classic\jars\logback-classic-1.1.7.jar, C:\Users\EFE\.ivy2\cache\ch.qos.logback\logback-core\jars\logback-core-1.1.7.jar, C:\Users\EFE\.ivy2\cache\com.typesafe.play\play-json_2.11\jars\play-json_2.11-2.5.4.jar, C:\Users\EFE\.ivy2\cache\com.typesafe.play\play-functional_2.11\jars\play-functional_2.11-2.5.4.jar, C:\Users\EFE\.ivy2\cache\com.typesafe.play\play-datacommons_2.11\jars\play-datacommons_2.11-2.5.4.jar, C:\activator-dist-1.3.10\repository\joda-time\joda-time\2.9.2\jars\joda-time.jar, C:\activator-dist-1.3.10\repository\org.joda\joda-convert\1.8.1\jars\joda-convert.jar, C:\activator-dist-1.3.10\repository\org.scala-lang\scala-reflect\2.11.7\jars\scala-reflect.jar, C:\activator-dist-1.3.10\repository\com.fasterxml.jackson.core\jackson-core\2.7.1\bundles\jackson-core.jar, C:\activator-dist-1.3.10\repository\com.fasterxml.jackson.core\jackson-annotations\2.7.1\bundles\jackson-annotations.jar, C:\activator-dist-1.3.10\repository\com.fasterxml.jackson.core\jackson-databind\2.7.1\bundles\jackson-databind.jar, C:\activator-dist-1.3.10\repository\com.fasterxml.jackson.datatype\jackson-datatype-jdk8\2.7.1\bundles\jackson-datatype-jdk8.jar, C:\activator-dist-1.3.10\repository\com.fasterxml.jackson.datatype\jackson-datatype-jsr310\2.7.1\bundles\jackson-datatype-jsr310.jar, C:\Users\EFE\.ivy2\cache\com.typesafe.play\play-netty-utils\jars\play-netty-utils-2.5.4.jar, C:\Users\EFE\.ivy2\cache\org.slf4j\jul-to-slf4j\jars\jul-to-slf4j-1.7.19.jar, C:\Users\EFE\.ivy2\cache\org.slf4j\jcl-over-slf4j\jars\jcl-over-slf4j-1.7.19.jar, C:\Users\EFE\.ivy2\cache\com.typesafe.play\play-streams_2.11\jars\play-streams_2.11-2.5.4.jar, C:\activator-dist-1.3.10\repository\org.reactivestreams\reactive-streams\1.0.0\jars\reactive-streams.jar, C:\Users\EFE\.ivy2\cache\com.typesafe.akka\akka-stream_2.11\jars\akka-stream_2.11-2.4.4.jar, C:\Users\EFE\.ivy2\cache\com.typesafe.akka\akka-actor_2.11\jars\akka-actor_2.11-2.4.4.jar, C:\activator-dist-1.3.10\repository\org.scala-lang.modules\scala-java8-compat_2.11\0.7.0\bundles\scala-java8-compat_2.11.jar, C:\Users\EFE\.ivy2\cache\com.typesafe\ssl-config-akka_2.11\bundles\ssl-config-akka_2.11-0.2.1.jar, C:\Users\EFE\.ivy2\cache\com.typesafe\ssl-config-core_2.11\bundles\ssl-config-core_2.11-0.2.1.jar, C:\Users\EFE\.ivy2\cache\org.scala-lang.modules\scala-parser-combinators_2.11\bundles\scala-parser-combinators_2.11-1.0.4.jar, C:\Users\EFE\.ivy2\cache\com.typesafe.akka\akka-slf4j_2.11\jars\akka-slf4j_2.11-2.4.4.jar, C:\activator-dist-1.3.10\repository\commons-codec\commons-codec\1.10\jars\commons-codec.jar, C:\Users\EFE\.ivy2\cache\xerces\xercesImpl\jars\xercesImpl-2.11.0.jar, C:\Users\EFE\.ivy2\cache\xml-apis\xml-apis\jars\xml-apis-1.4.01.jar, C:\Users\EFE\.ivy2\cache\javax.transaction\jta\jars\jta-1.1.jar, C:\activator-dist-1.3.10\repository\com.google.inject\guice\4.0\jars\guice.jar, C:\activator-dist-1.3.10\repository\javax.inject\javax.inject\1\jars\javax.inject.jar, C:\activator-dist-1.3.10\repository\aopalliance\aopalliance\1.0\jars\aopalliance.jar, C:\activator-dist-1.3.10\repository\com.google.inject.extensions\guice-assistedinject\4.0\jars\guice-assistedinject.jar, C:\activator-dist-1.3.10\repository\com.jolbox\bonecp\0.8.0.RELEASE\bundles\bonecp.jar, C:\activator-dist-1.3.10\repository\com.zaxxer\HikariCP\2.4.3\bundles\HikariCP.jar, C:\activator-dist-1.3.10\repository\com.googlecode.usc\jdbcdslog\1.0.6.2\jars\jdbcdslog.jar, C:\activator-dist-1.3.10\repository\com.h2database\h2\1.4.191\jars\h2.jar, C:\activator-dist-1.3.10\repository\tyrex\tyrex\1.0.1\jars\tyrex.jar, C:\Users\EFE\.ivy2\cache\com.typesafe.play\play-java_2.11\jars\play-java_2.11-2.5.4.jar, C:\activator-dist-1.3.10\repository\org.yaml\snakeyaml\1.16\bundles\snakeyaml.jar, C:\activator-dist-1.3.10\repository\org.hibernate\hibernate-validator\5.2.4.Final\jars\hibernate-validator.jar, C:\activator-dist-1.3.10\repository\javax.validation\validation-api\1.1.0.Final\jars\validation-api.jar, C:\activator-dist-1.3.10\repository\org.jboss.logging\jboss-logging\3.2.1.Final\jars\jboss-logging.jar, C:\activator-dist-1.3.10\repository\com.fasterxml\classmate\1.1.0\bundles\classmate.jar, C:\activator-dist-1.3.10\repository\javax.el\javax.el-api\3.0.0\jars\javax.el-api.jar, C:\activator-dist-1.3.10\repository\org.springframework\spring-context\4.2.4.RELEASE\jars\spring-context.jar, C:\activator-dist-1.3.10\repository\org.springframework\spring-core\4.2.4.RELEASE\jars\spring-core.jar, C:\activator-dist-1.3.10\repository\org.springframework\spring-beans\4.2.4.RELEASE\jars\spring-beans.jar, C:\activator-dist-1.3.10\repository\org.reflections\reflections\0.9.10\jars\reflections.jar, C:\activator-dist-1.3.10\repository\com.google.guava\guava\19.0\bundles\guava.jar, C:\activator-dist-1.3.10\repository\net.jodah\typetools\0.4.4\bundles\typetools.jar, C:\activator-dist-1.3.10\repository\com.google.code.findbugs\jsr305\3.0.1\jars\jsr305.jar, C:\Users\EFE\.ivy2\cache\org.apache.tomcat\tomcat-servlet-api\jars\tomcat-servlet-api-8.0.33.jar, C:\Users\EFE\.ivy2\cache\com.typesafe.play\play-jdbc-evolutions_2.11\jars\play-jdbc-evolutions_2.11-2.5.0.jar, C:\Users\EFE\.ivy2\cache\org.avaje.ebeanorm\avaje-ebeanorm\jars\avaje-ebeanorm-6.18.1.jar, C:\Users\EFE\.ivy2\cache\org.jetbrains\annotations\jars\annotations-13.0.jar, C:\Users\EFE\.ivy2\cache\javax.persistence\persistence-api\jars\persistence-api-1.0.jar, C:\Users\EFE\.ivy2\cache\org.avaje.ebeanorm\avaje-ebeanorm-agent\jars\avaje-ebeanorm-agent-4.9.1.jar, C:\Users\EFE\.ivy2\cache\com.typesafe.play\play-server_2.11\jars\play-server_2.11-2.5.4.jar, C:\Users\EFE\.ivy2\cache\com.typesafe.play\play-netty-server_2.11\jars\play-netty-server_2.11-2.5.4.jar, C:\Users\EFE\.ivy2\cache\com.typesafe.netty\netty-reactive-streams-http\jars\netty-reactive-streams-http-1.0.6.jar, C:\Users\EFE\.ivy2\cache\com.typesafe.netty\netty-reactive-streams\jars\netty-reactive-streams-1.0.6.jar, C:\activator-dist-1.3.10\repository\io.netty\netty-handler\4.0.36.Final\jars\netty-handler.jar, C:\activator-dist-1.3.10\repository\io.netty\netty-buffer\4.0.36.Final\jars\netty-buffer.jar, C:\activator-dist-1.3.10\repository\io.netty\netty-common\4.0.36.Final\jars\netty-common.jar, C:\activator-dist-1.3.10\repository\io.netty\netty-transport\4.0.36.Final\jars\netty-transport.jar, C:\activator-dist-1.3.10\repository\io.netty\netty-codec\4.0.36.Final\jars\netty-codec.jar, C:\activator-dist-1.3.10\repository\io.netty\netty-codec-http\4.0.36.Final\jars\netty-codec-http.jar, C:\activator-dist-1.3.10\repository\io.netty\netty-transport-native-epoll\4.0.36.Final\jars\netty-transport-native-epoll-linux-x86_64.jar, C:\Users\EFE\.ivy2\cache\com.typesafe.play\play-logback_2.11\jars\play-logback_2.11-2.5.4.jar, C:\Users\EFE\.ivy2\cache\com.typesafe.play\play-cache_2.11\jars\play-cache_2.11-2.5.4.jar, C:\activator-dist-1.3.10\repository\net.sf.ehcache\ehcache-core\2.6.11\jars\ehcache-core.jar, C:\Users\EFE\.ivy2\cache\com.typesafe.play\play-java-ws_2.11\jars\play-java-ws_2.11-2.5.4.jar, C:\Users\EFE\.ivy2\cache\com.typesafe.play\play-ws_2.11\jars\play-ws_2.11-2.5.4.jar, C:\Users\EFE\.ivy2\cache\org.asynchttpclient\async-http-client\jars\async-http-client-2.0.2.jar, C:\Users\EFE\.ivy2\cache\org.asynchttpclient\netty-resolver-dns\jars\netty-resolver-dns-2.0.2.jar, C:\Users\EFE\.ivy2\cache\org.asynchttpclient\netty-resolver\jars\netty-resolver-2.0.2.jar, C:\activator-dist-1.3.10\repository\org.slf4j\slf4j-api\1.7.21\jars\slf4j-api.jar, C:\Users\EFE\.ivy2\cache\org.asynchttpclient\netty-codec-dns\jars\netty-codec-dns-2.0.2.jar, C:\activator-dist-1.3.10\repository\org.javassist\javassist\3.20.0-GA\bundles\javassist.jar, C:\Users\EFE\.ivy2\cache\oauth.signpost\signpost-core\jars\signpost-core-1.2.1.2.jar, C:\Users\EFE\.ivy2\cache\oauth.signpost\signpost-commonshttp4\jars\signpost-commonshttp4-1.2.1.2.jar, C:\activator-dist-1.3.10\repository\org.apache.httpcomponents\httpcore\4.0.1\jars\httpcore.jar, C:\activator-dist-1.3.10\repository\org.apache.httpcomponents\httpclient\4.0.1\jars\httpclient.jar, C:\Users\EFE\.ivy2\cache\commons-logging\commons-logging\jars\commons-logging-1.1.1.jar),List((public/,C:\Users\EFE\play-java\target\web\public\main)),List(C:\Users\EFE\.ivy2\cache\com.typesafe.play\play-omnidoc_2.11\jars\play-omnidoc_2.11-2.5.4.jar, C:\activator-dist-1.3.10\repository\org.scala-lang\scala-library\2.11.7\jars\scala-library.jar, C:\Users\EFE\.ivy2\cache\com.typesafe.play\play-docs_2.11\jars\play-docs_2.11-2.5.4.jar, C:\Users\EFE\.ivy2\cache\com.typesafe.play\play-netty-server_2.11\jars\play-netty-server_2.11-2.5.4.jar, C:\Users\EFE\.ivy2\cache\com.typesafe.play\play-server_2.11\jars\play-server_2.11-2.5.4.jar, C:\Users\EFE\.ivy2\cache\com.typesafe.play\play_2.11\jars\play_2.11-2.5.4.jar, C:\Users\EFE\.ivy2\cache\com.typesafe.play\build-link\jars\build-link-2.5.4.jar, C:\Users\EFE\.ivy2\cache\com.typesafe.play\play-exceptions\jars\play-exceptions-2.5.4.jar, C:\Users\EFE\.ivy2\cache\com.typesafe.play\play-iteratees_2.11\jars\play-iteratees_2.11-2.5.4.jar, C:\Users\EFE\.ivy2\cache\org.scala-stm\scala-stm_2.11\jars\scala-stm_2.11-0.7.jar, C:\activator-dist-1.3.10\repository\com.typesafe\config\1.3.0\bundles\config.jar, C:\Users\EFE\.ivy2\cache\ch.qos.logback\logback-classic\jars\logback-classic-1.1.7.jar, C:\Users\EFE\.ivy2\cache\ch.qos.logback\logback-core\jars\logback-core-1.1.7.jar, C:\Users\EFE\.ivy2\cache\org.slf4j\slf4j-api\jars\slf4j-api-1.7.19.jar, C:\Users\EFE\.ivy2\cache\com.typesafe.play\play-json_2.11\jars\play-json_2.11-2.5.4.jar, C:\Users\EFE\.ivy2\cache\com.typesafe.play\play-functional_2.11\jars\play-functional_2.11-2.5.4.jar, C:\Users\EFE\.ivy2\cache\com.typesafe.play\play-datacommons_2.11\jars\play-datacommons_2.11-2.5.4.jar, C:\activator-dist-1.3.10\repository\joda-time\joda-time\2.9.2\jars\joda-time.jar, C:\activator-dist-1.3.10\repository\org.joda\joda-convert\1.8.1\jars\joda-convert.jar, C:\activator-dist-1.3.10\repository\org.scala-lang\scala-reflect\2.11.7\jars\scala-reflect.jar, C:\activator-dist-1.3.10\repository\com.fasterxml.jackson.core\jackson-core\2.7.1\bundles\jackson-core.jar, C:\activator-dist-1.3.10\repository\com.fasterxml.jackson.core\jackson-annotations\2.7.1\bundles\jackson-annotations.jar, C:\activator-dist-1.3.10\repository\com.fasterxml.jackson.core\jackson-databind\2.7.1\bundles\jackson-databind.jar, C:\activator-dist-1.3.10\repository\com.fasterxml.jackson.datatype\jackson-datatype-jdk8\2.7.1\bundles\jackson-datatype-jdk8.jar, C:\activator-dist-1.3.10\repository\com.fasterxml.jackson.datatype\jackson-datatype-jsr310\2.7.1\bundles\jackson-datatype-jsr310.jar, C:\Users\EFE\.ivy2\cache\com.typesafe.play\play-netty-utils\jars\play-netty-utils-2.5.4.jar, C:\Users\EFE\.ivy2\cache\org.slf4j\jul-to-slf4j\jars\jul-to-slf4j-1.7.19.jar, C:\Users\EFE\.ivy2\cache\org.slf4j\jcl-over-slf4j\jars\jcl-over-slf4j-1.7.19.jar, C:\Users\EFE\.ivy2\cache\com.typesafe.play\play-streams_2.11\jars\play-streams_2.11-2.5.4.jar, C:\activator-dist-1.3.10\repository\org.reactivestreams\reactive-streams\1.0.0\jars\reactive-streams.jar, C:\Users\EFE\.ivy2\cache\com.typesafe.akka\akka-stream_2.11\jars\akka-stream_2.11-2.4.4.jar, C:\Users\EFE\.ivy2\cache\com.typesafe.akka\akka-actor_2.11\jars\akka-actor_2.11-2.4.4.jar, C:\activator-dist-1.3.10\repository\org.scala-lang.modules\scala-java8-compat_2.11\0.7.0\bundles\scala-java8-compat_2.11.jar, C:\Users\EFE\.ivy2\cache\com.typesafe\ssl-config-akka_2.11\bundles\ssl-config-akka_2.11-0.2.1.jar, C:\Users\EFE\.ivy2\cache\com.typesafe\ssl-config-core_2.11\bundles\ssl-config-core_2.11-0.2.1.jar, C:\Users\EFE\.ivy2\cache\org.scala-lang.modules\scala-parser-combinators_2.11\bundles\scala-parser-combinators_2.11-1.0.4.jar, C:\activator-dist-1.3.10\repository\com.typesafe.play\twirl-api_2.11\1.1.1\jars\twirl-api_2.11.jar, C:\activator-dist-1.3.10\repository\org.apache.commons\commons-lang3\3.4\jars\commons-lang3.jar, C:\Users\EFE\.ivy2\cache\org.scala-lang.modules\scala-xml_2.11\bundles\scala-xml_2.11-1.0.1.jar, C:\Users\EFE\.ivy2\cache\com.typesafe.akka\akka-slf4j_2.11\jars\akka-slf4j_2.11-2.4.4.jar, C:\activator-dist-1.3.10\repository\commons-codec\commons-codec\1.10\jars\commons-codec.jar, C:\Users\EFE\.ivy2\cache\xerces\xercesImpl\jars\xercesImpl-2.11.0.jar, C:\Users\EFE\.ivy2\cache\xml-apis\xml-apis\jars\xml-apis-1.4.01.jar, C:\Users\EFE\.ivy2\cache\javax.transaction\jta\jars\jta-1.1.jar, C:\activator-dist-1.3.10\repository\com.google.inject\guice\4.0\jars\guice.jar, C:\activator-dist-1.3.10\repository\javax.inject\javax.inject\1\jars\javax.inject.jar, C:\activator-dist-1.3.10\repository\aopalliance\aopalliance\1.0\jars\aopalliance.jar, C:\Users\EFE\.ivy2\cache\com.google.guava\guava\bundles\guava-16.0.1.jar, C:\activator-dist-1.3.10\repository\com.google.inject.extensions\guice-assistedinject\4.0\jars\guice-assistedinject.jar, C:\Users\EFE\.ivy2\cache\com.typesafe.netty\netty-reactive-streams-http\jars\netty-reactive-streams-http-1.0.6.jar, C:\Users\EFE\.ivy2\cache\com.typesafe.netty\netty-reactive-streams\jars\netty-reactive-streams-1.0.6.jar, C:\activator-dist-1.3.10\repository\io.netty\netty-handler\4.0.36.Final\jars\netty-handler.jar, C:\activator-dist-1.3.10\repository\io.netty\netty-buffer\4.0.36.Final\jars\netty-buffer.jar, C:\activator-dist-1.3.10\repository\io.netty\netty-common\4.0.36.Final\jars\netty-common.jar, C:\activator-dist-1.3.10\repository\io.netty\netty-transport\4.0.36.Final\jars\netty-transport.jar, C:\activator-dist-1.3.10\repository\io.netty\netty-codec\4.0.36.Final\jars\netty-codec.jar, C:\activator-dist-1.3.10\repository\io.netty\netty-codec-http\4.0.36.Final\jars\netty-codec-http.jar, C:\activator-dist-1.3.10\repository\io.netty\netty-transport-native-epoll\4.0.36.Final\jars\netty-transport-native-epoll-linux-x86_64.jar, C:\activator-dist-1.3.10\repository\com.typesafe.play\play-doc_2.11\1.2.2\jars\play-doc_2.11.jar, C:\activator-dist-1.3.10\repository\org.pegdown\pegdown\1.4.0\jars\pegdown.jar, C:\activator-dist-1.3.10\repository\org.parboiled\parboiled-java\1.1.5\bundles\parboiled-java.jar, C:\activator-dist-1.3.10\repository\org.parboiled\parboiled-core\1.1.5\bundles\parboiled-core.jar, C:\activator-dist-1.3.10\repository\org.ow2.asm\asm\4.1\jars\asm.jar, C:\activator-dist-1.3.10\repository\org.ow2.asm\asm-tree\4.1\jars\asm-tree.jar, C:\activator-dist-1.3.10\repository\org.ow2.asm\asm-analysis\4.1\jars\asm-analysis.jar, C:\activator-dist-1.3.10\repository\org.ow2.asm\asm-util\4.1\jars\asm-util.jar, C:\activator-dist-1.3.10\repository\commons-io\commons-io\2.4\jars\commons-io.jar),Some(C:\Users\EFE\.ivy2\cache\com.typesafe.play\play-omnidoc_2.11\jars\play-omnidoc_2.11-2.5.4.jar),List(),9000,0.0.0.0,DefaultWatchService,List(C:\Users\EFE\play-java\public, C:\Users\EFE\play-java\conf, C:\Users\EFE\play-java\app),C:\Users\EFE\play-java\target,500,myProject/playForkNotifyStart,myProject/playForkReload,300000,play.core.server.DevServerStart),scala.pickling.PicklerUnpickler$DelegatingPicklerUnpickler@67e06a35),ForkConfig(C:\Users\EFE\play-java,List(-Djna.nosys=true),List(C:\activator-dist-1.3.10\repository\org.scala-lang\scala-library\2.11.7\jars\scala-library.jar, C:\activator-dist-1.3.10\repository\com.typesafe.play\play-enhancer\1.1.0\jars\play-enhancer.jar, C:\activator-dist-1.3.10\repository\com.typesafe.play\twirl-api_2.11\1.1.1\jars\twirl-api_2.11.jar, C:\activator-dist-1.3.10\repository\org.apache.commons\commons-lang3\3.4\jars\commons-lang3.jar, C:\Users\EFE\.ivy2\cache\org.scala-lang.modules\scala-xml_2.11\bundles\scala-xml_2.11-1.0.1.jar, C:\Users\EFE\.ivy2\cache\com.typesafe.play\play-ebean_2.11\jars\play-ebean_2.11-3.0.0.jar, C:\Users\EFE\.ivy2\cache\com.typesafe.play\play-java-jdbc_2.11\jars\play-java-jdbc_2.11-2.5.4.jar, C:\Users\EFE\.ivy2\cache\com.typesafe.play\play-jdbc_2.11\jars\play-jdbc_2.11-2.5.4.jar, C:\Users\EFE\.ivy2\cache\com.typesafe.play\play-jdbc-api_2.11\jars\play-jdbc-api_2.11-2.5.4.jar, C:\Users\EFE\.ivy2\cache\com.typesafe.play\play_2.11\jars\play_2.11-2.5.4.jar, C:\Users\EFE\.ivy2\cache\com.typesafe.play\build-link\jars\build-link-2.5.4.jar, C:\Users\EFE\.ivy2\cache\com.typesafe.play\play-exceptions\jars\play-exceptions-2.5.4.jar, C:\Users\EFE\.ivy2\cache\com.typesafe.play\play-iteratees_2.11\jars\play-iteratees_2.11-2.5.4.jar, C:\Users\EFE\.ivy2\cache\org.scala-stm\scala-stm_2.11\jars\scala-stm_2.11-0.7.jar, C:\activator-dist-1.3.10\repository\com.typesafe\config\1.3.0\bundles\config.jar, C:\Users\EFE\.ivy2\cache\ch.qos.logback\logback-classic\jars\logback-classic-1.1.7.jar, C:\Users\EFE\.ivy2\cache\ch.qos.logback\logback-core\jars\logback-core-1.1.7.jar, C:\Users\EFE\.ivy2\cache\com.typesafe.play\play-json_2.11\jars\play-json_2.11-2.5.4.jar, C:\Users\EFE\.ivy2\cache\com.typesafe.play\play-functional_2.11\jars\play-functional_2.11-2.5.4.jar, C:\Users\EFE\.ivy2\cache\com.typesafe.play\play-datacommons_2.11\jars\play-datacommons_2.11-2.5.4.jar, C:\activator-dist-1.3.10\repository\joda-time\joda-time\2.9.2\jars\joda-time.jar, C:\activator-dist-1.3.10\repository\org.joda\joda-convert\1.8.1\jars\joda-convert.jar, C:\activator-dist-1.3.10\repository\org.scala-lang\scala-reflect\2.11.7\jars\scala-reflect.jar, C:\activator-dist-1.3.10\repository\com.fasterxml.jackson.core\jackson-core\2.7.1\bundles\jackson-core.jar, C:\activator-dist-1.3.10\repository\com.fasterxml.jackson.core\jackson-annotations\2.7.1\bundles\jackson-annotations.jar, C:\activator-dist-1.3.10\repository\com.fasterxml.jackson.core\jackson-databind\2.7.1\bundles\jackson-databind.jar, C:\activator-dist-1.3.10\repository\com.fasterxml.jackson.datatype\jackson-datatype-jdk8\2.7.1\bundles\jackson-datatype-jdk8.jar, C:\activator-dist-1.3.10\repository\com.fasterxml.jackson.datatype\jackson-datatype-jsr310\2.7.1\bundles\jackson-datatype-jsr310.jar, C:\Users\EFE\.ivy2\cache\com.typesafe.play\play-netty-utils\jars\play-netty-utils-2.5.4.jar, C:\Users\EFE\.ivy2\cache\org.slf4j\jul-to-slf4j\jars\jul-to-slf4j-1.7.19.jar, C:\Users\EFE\.ivy2\cache\org.slf4j\jcl-over-slf4j\jars\jcl-over-slf4j-1.7.19.jar, C:\Users\EFE\.ivy2\cache\com.typesafe.play\play-streams_2.11\jars\play-streams_2.11-2.5.4.jar, C:\activator-dist-1.3.10\repository\org.reactivestreams\reactive-streams\1.0.0\jars\reactive-streams.jar, C:\Users\EFE\.ivy2\cache\com.typesafe.akka\akka-stream_2.11\jars\akka-stream_2.11-2.4.4.jar, C:\Users\EFE\.ivy2\cache\com.typesafe.akka\akka-actor_2.11\jars\akka-actor_2.11-2.4.4.jar, C:\activator-dist-1.3.10\repository\org.scala-lang.modules\scala-java8-compat_2.11\0.7.0\bundles\scala-java8-compat_2.11.jar, C:\Users\EFE\.ivy2\cache\com.typesafe\ssl-config-akka_2.11\bundles\ssl-config-akka_2.11-0.2.1.jar, C:\Users\EFE\.ivy2\cache\com.typesafe\ssl-config-core_2.11\bundles\ssl-config-core_2.11-0.2.1.jar, C:\Users\EFE\.ivy2\cache\org.scala-lang.modules\scala-parser-combinators_2.11\bundles\scala-parser-combinators_2.11-1.0.4.jar, C:\Users\EFE\.ivy2\cache\com.typesafe.akka\akka-slf4j_2.11\jars\akka-slf4j_2.11-2.4.4.jar, C:\activator-dist-1.3.10\repository\commons-codec\commons-codec\1.10\jars\commons-codec.jar, C:\Users\EFE\.ivy2\cache\xerces\xercesImpl\jars\xercesImpl-2.11.0.jar, C:\Users\EFE\.ivy2\cache\xml-apis\xml-apis\jars\xml-apis-1.4.01.jar, C:\Users\EFE\.ivy2\cache\javax.transaction\jta\jars\jta-1.1.jar, C:\activator-dist-1.3.10\repository\com.google.inject\guice\4.0\jars\guice.jar, C:\activator-dist-1.3.10\repository\javax.inject\javax.inject\1\jars\javax.inject.jar, C:\activator-dist-1.3.10\repository\aopalliance\aopalliance\1.0\jars\aopalliance.jar, C:\activator-dist-1.3.10\repository\com.google.inject.extensions\guice-assistedinject\4.0\jars\guice-assistedinject.jar, C:\activator-dist-1.3.10\repository\com.jolbox\bonecp\0.8.0.RELEASE\bundles\bonecp.jar, C:\activator-dist-1.3.10\repository\com.zaxxer\HikariCP\2.4.3\bundles\HikariCP.jar, C:\activator-dist-1.3.10\repository\com.googlecode.usc\jdbcdslog\1.0.6.2\jars\jdbcdslog.jar, C:\activator-dist-1.3.10\repository\com.h2database\h2\1.4.191\jars\h2.jar, C:\activator-dist-1.3.10\repository\tyrex\tyrex\1.0.1\jars\tyrex.jar, C:\Users\EFE\.ivy2\cache\com.typesafe.play\play-java_2.11\jars\play-java_2.11-2.5.4.jar, C:\activator-dist-1.3.10\repository\org.yaml\snakeyaml\1.16\bundles\snakeyaml.jar, C:\activator-dist-1.3.10\repository\org.hibernate\hibernate-validator\5.2.4.Final\jars\hibernate-validator.jar, C:\activator-dist-1.3.10\repository\javax.validation\validation-api\1.1.0.Final\jars\validation-api.jar, C:\activator-dist-1.3.10\repository\org.jboss.logging\jboss-logging\3.2.1.Final\jars\jboss-logging.jar, C:\activator-dist-1.3.10\repository\com.fasterxml\classmate\1.1.0\bundles\classmate.jar, C:\activator-dist-1.3.10\repository\javax.el\javax.el-api\3.0.0\jars\javax.el-api.jar, C:\activator-dist-1.3.10\repository\org.springframework\spring-context\4.2.4.RELEASE\jars\spring-context.jar, C:\activator-dist-1.3.10\repository\org.springframework\spring-core\4.2.4.RELEASE\jars\spring-core.jar, C:\activator-dist-1.3.10\repository\org.springframework\spring-beans\4.2.4.RELEASE\jars\spring-beans.jar, C:\activator-dist-1.3.10\repository\org.reflections\reflections\0.9.10\jars\reflections.jar, C:\activator-dist-1.3.10\repository\com.google.guava\guava\19.0\bundles\guava.jar, C:\activator-dist-1.3.10\repository\net.jodah\typetools\0.4.4\bundles\typetools.jar, C:\activator-dist-1.3.10\repository\com.google.code.findbugs\jsr305\3.0.1\jars\jsr305.jar, C:\Users\EFE\.ivy2\cache\org.apache.tomcat\tomcat-servlet-api\jars\tomcat-servlet-api-8.0.33.jar, C:\Users\EFE\.ivy2\cache\com.typesafe.play\play-jdbc-evolutions_2.11\jars\play-jdbc-evolutions_2.11-2.5.0.jar, C:\Users\EFE\.ivy2\cache\org.avaje.ebeanorm\avaje-ebeanorm\jars\avaje-ebeanorm-6.18.1.jar, C:\Users\EFE\.ivy2\cache\org.jetbrains\annotations\jars\annotations-13.0.jar, C:\Users\EFE\.ivy2\cache\javax.persistence\persistence-api\jars\persistence-api-1.0.jar, C:\Users\EFE\.ivy2\cache\org.avaje.ebeanorm\avaje-ebeanorm-agent\jars\avaje-ebeanorm-agent-4.9.1.jar, C:\Users\EFE\.ivy2\cache\com.typesafe.play\play-server_2.11\jars\play-server_2.11-2.5.4.jar, C:\Users\EFE\.ivy2\cache\com.typesafe.play\play-netty-server_2.11\jars\play-netty-server_2.11-2.5.4.jar, C:\Users\EFE\.ivy2\cache\com.typesafe.netty\netty-reactive-streams-http\jars\netty-reactive-streams-http-1.0.6.jar, C:\Users\EFE\.ivy2\cache\com.typesafe.netty\netty-reactive-streams\jars\netty-reactive-streams-1.0.6.jar, C:\activator-dist-1.3.10\repository\io.netty\netty-handler\4.0.36.Final\jars\netty-handler.jar, C:\activator-dist-1.3.10\repository\io.netty\netty-buffer\4.0.36.Final\jars\netty-buffer.jar, C:\activator-dist-1.3.10\repository\io.netty\netty-common\4.0.36.Final\jars\netty-common.jar, C:\activator-dist-1.3.10\repository\io.netty\netty-transport\4.0.36.Final\jars\netty-transport.jar, C:\activator-dist-1.3.10\repository\io.netty\netty-codec\4.0.36.Final\jars\netty-codec.jar, C:\activator-dist-1.3.10\repository\io.netty\netty-codec-http\4.0.36.Final\jars\netty-codec-http.jar, C:\activator-dist-1.3.10\repository\io.netty\netty-transport-native-epoll\4.0.36.Final\jars\netty-transport-native-epoll-linux-x86_64.jar, C:\Users\EFE\.ivy2\cache\com.typesafe.play\play-logback_2.11\jars\play-logback_2.11-2.5.4.jar, C:\Users\EFE\.ivy2\cache\com.typesafe.play\play-cache_2.11\jars\play-cache_2.11-2.5.4.jar, C:\activator-dist-1.3.10\repository\net.sf.ehcache\ehcache-core\2.6.11\jars\ehcache-core.jar, C:\Users\EFE\.ivy2\cache\com.typesafe.play\play-java-ws_2.11\jars\play-java-ws_2.11-2.5.4.jar, C:\Users\EFE\.ivy2\cache\com.typesafe.play\play-ws_2.11\jars\play-ws_2.11-2.5.4.jar, C:\Users\EFE\.ivy2\cache\org.asynchttpclient\async-http-client\jars\async-http-client-2.0.2.jar, C:\Users\EFE\.ivy2\cache\org.asynchttpclient\netty-resolver-dns\jars\netty-resolver-dns-2.0.2.jar, C:\Users\EFE\.ivy2\cache\org.asynchttpclient\netty-resolver\jars\netty-resolver-2.0.2.jar, C:\activator-dist-1.3.10\repository\org.slf4j\slf4j-api\1.7.21\jars\slf4j-api.jar, C:\Users\EFE\.ivy2\cache\org.asynchttpclient\netty-codec-dns\jars\netty-codec-dns-2.0.2.jar, C:\activator-dist-1.3.10\repository\org.javassist\javassist\3.20.0-GA\bundles\javassist.jar, C:\Users\EFE\.ivy2\cache\oauth.signpost\signpost-core\jars\signpost-core-1.2.1.2.jar, C:\Users\EFE\.ivy2\cache\oauth.signpost\signpost-commonshttp4\jars\signpost-commonshttp4-1.2.1.2.jar, C:\activator-dist-1.3.10\repository\org.apache.httpcomponents\httpcore\4.0.1\jars\httpcore.jar, C:\activator-dist-1.3.10\repository\org.apache.httpcomponents\httpclient\4.0.1\jars\httpclient.jar, C:\Users\EFE\.ivy2\cache\commons-logging\commons-logging\jars\commons-logging-1.1.1.jar),List((public/,C:\Users\EFE\play-java\target\web\public\main)),List(C:\Users\EFE\.ivy2\cache\com.typesafe.play\play-omnidoc_2.11\jars\play-omnidoc_2.11-2.5.4.jar, C:\activator-dist-1.3.10\repository\org.scala-lang\scala-library\2.11.7\jars\scala-library.jar, C:\Users\EFE\.ivy2\cache\com.typesafe.play\play-docs_2.11\jars\play-docs_2.11-2.5.4.jar, C:\Users\EFE\.ivy2\cache\com.typesafe.play\play-netty-server_2.11\jars\play-netty-server_2.11-2.5.4.jar, C:\Users\EFE\.ivy2\cache\com.typesafe.play\play-server_2.11\jars\play-server_2.11-2.5.4.jar, C:\Users\EFE\.ivy2\cache\com.typesafe.play\play_2.11\jars\play_2.11-2.5.4.jar, C:\Users\EFE\.ivy2\cache\com.typesafe.play\build-link\jars\build-link-2.5.4.jar, C:\Users\EFE\.ivy2\cache\com.typesafe.play\play-exceptions\jars\play-exceptions-2.5.4.jar, C:\Users\EFE\.ivy2\cache\com.typesafe.play\play-iteratees_2.11\jars\play-iteratees_2.11-2.5.4.jar, C:\Users\EFE\.ivy2\cache\org.scala-stm\scala-stm_2.11\jars\scala-stm_2.11-0.7.jar, C:\activator-dist-1.3.10\repository\com.typesafe\config\1.3.0\bundles\config.jar, C:\Users\EFE\.ivy2\cache\ch.qos.logback\logback-classic\jars\logback-classic-1.1.7.jar, C:\Users\EFE\.ivy2\cache\ch.qos.logback\logback-core\jars\logback-core-1.1.7.jar, C:\Users\EFE\.ivy2\cache\org.slf4j\slf4j-api\jars\slf4j-api-1.7.19.jar, C:\Users\EFE\.ivy2\cache\com.typesafe.play\play-json_2.11\jars\play-json_2.11-2.5.4.jar, C:\Users\EFE\.ivy2\cache\com.typesafe.play\play-functional_2.11\jars\play-functional_2.11-2.5.4.jar, C:\Users\EFE\.ivy2\cache\com.typesafe.play\play-datacommons_2.11\jars\play-datacommons_2.11-2.5.4.jar, C:\activator-dist-1.3.10\repository\joda-time\joda-time\2.9.2\jars\joda-time.jar, C:\activator-dist-1.3.10\repository\org.joda\joda-convert\1.8.1\jars\joda-convert.jar, C:\activator-dist-1.3.10\repository\org.scala-lang\scala-reflect\2.11.7\jars\scala-reflect.jar, C:\activator-dist-1.3.10\repository\com.fasterxml.jackson.core\jackson-core\2.7.1\bundles\jackson-core.jar, C:\activator-dist-1.3.10\repository\com.fasterxml.jackson.core\jackson-annotations\2.7.1\bundles\jackson-annotations.jar, C:\activator-dist-1.3.10\repository\com.fasterxml.jackson.core\jackson-databind\2.7.1\bundles\jackson-databind.jar, C:\activator-dist-1.3.10\repository\com.fasterxml.jackson.datatype\jackson-datatype-jdk8\2.7.1\bundles\jackson-datatype-jdk8.jar, C:\activator-dist-1.3.10\repository\com.fasterxml.jackson.datatype\jackson-datatype-jsr310\2.7.1\bundles\jackson-datatype-jsr310.jar, C:\Users\EFE\.ivy2\cache\com.typesafe.play\play-netty-utils\jars\play-netty-utils-2.5.4.jar, C:\Users\EFE\.ivy2\cache\org.slf4j\jul-to-slf4j\jars\jul-to-slf4j-1.7.19.jar, C:\Users\EFE\.ivy2\cache\org.slf4j\jcl-over-slf4j\jars\jcl-over-slf4j-1.7.19.jar, C:\Users\EFE\.ivy2\cache\com.typesafe.play\play-streams_2.11\jars\play-streams_2.11-2.5.4.jar, C:\activator-dist-1.3.10\repository\org.reactivestreams\reactive-streams\1.0.0\jars\reactive-streams.jar, C:\Users\EFE\.ivy2\cache\com.typesafe.akka\akka-stream_2.11\jars\akka-stream_2.11-2.4.4.jar, C:\Users\EFE\.ivy2\cache\com.typesafe.akka\akka-actor_2.11\jars\akka-actor_2.11-2.4.4.jar, C:\activator-dist-1.3.10\repository\org.scala-lang.modules\scala-java8-compat_2.11\0.7.0\bundles\scala-java8-compat_2.11.jar, C:\Users\EFE\.ivy2\cache\com.typesafe\ssl-config-akka_2.11\bundles\ssl-config-akka_2.11-0.2.1.jar, C:\Users\EFE\.ivy2\cache\com.typesafe\ssl-config-core_2.11\bundles\ssl-config-core_2.11-0.2.1.jar, C:\Users\EFE\.ivy2\cache\org.scala-lang.modules\scala-parser-combinators_2.11\bundles\scala-parser-combinators_2.11-1.0.4.jar, C:\activator-dist-1.3.10\repository\com.typesafe.play\twirl-api_2.11\1.1.1\jars\twirl-api_2.11.jar, C:\activator-dist-1.3.10\repository\org.apache.commons\commons-lang3\3.4\jars\commons-lang3.jar, C:\Users\EFE\.ivy2\cache\org.scala-lang.modules\scala-xml_2.11\bundles\scala-xml_2.11-1.0.1.jar, C:\Users\EFE\.ivy2\cache\com.typesafe.akka\akka-slf4j_2.11\jars\akka-slf4j_2.11-2.4.4.jar, C:\activator-dist-1.3.10\repository\commons-codec\commons-codec\1.10\jars\commons-codec.jar, C:\Users\EFE\.ivy2\cache\xerces\xercesImpl\jars\xercesImpl-2.11.0.jar, C:\Users\EFE\.ivy2\cache\xml-apis\xml-apis\jars\xml-apis-1.4.01.jar, C:\Users\EFE\.ivy2\cache\javax.transaction\jta\jars\jta-1.1.jar, C:\activator-dist-1.3.10\repository\com.google.inject\guice\4.0\jars\guice.jar, C:\activator-dist-1.3.10\repository\javax.inject\javax.inject\1\jars\javax.inject.jar, C:\activator-dist-1.3.10\repository\aopalliance\aopalliance\1.0\jars\aopalliance.jar, C:\Users\EFE\.ivy2\cache\com.google.guava\guava\bundles\guava-16.0.1.jar, C:\activator-dist-1.3.10\repository\com.google.inject.extensions\guice-assistedinject\4.0\jars\guice-assistedinject.jar, C:\Users\EFE\.ivy2\cache\com.typesafe.netty\netty-reactive-streams-http\jars\netty-reactive-streams-http-1.0.6.jar, C:\Users\EFE\.ivy2\cache\com.typesafe.netty\netty-reactive-streams\jars\netty-reactive-streams-1.0.6.jar, C:\activator-dist-1.3.10\repository\io.netty\netty-handler\4.0.36.Final\jars\netty-handler.jar, C:\activator-dist-1.3.10\repository\io.netty\netty-buffer\4.0.36.Final\jars\netty-buffer.jar, C:\activator-dist-1.3.10\repository\io.netty\netty-common\4.0.36.Final\jars\netty-common.jar, C:\activator-dist-1.3.10\repository\io.netty\netty-transport\4.0.36.Final\jars\netty-transport.jar, C:\activator-dist-1.3.10\repository\io.netty\netty-codec\4.0.36.Final\jars\netty-codec.jar, C:\activator-dist-1.3.10\repository\io.netty\netty-codec-http\4.0.36.Final\jars\netty-codec-http.jar, C:\activator-dist-1.3.10\repository\io.netty\netty-transport-native-epoll\4.0.36.Final\jars\netty-transport-native-epoll-linux-x86_64.jar, C:\activator-dist-1.3.10\repository\com.typesafe.play\play-doc_2.11\1.2.2\jars\play-doc_2.11.jar, C:\activator-dist-1.3.10\repository\org.pegdown\pegdown\1.4.0\jars\pegdown.jar, C:\activator-dist-1.3.10\repository\org.parboiled\parboiled-java\1.1.5\bundles\parboiled-java.jar, C:\activator-dist-1.3.10\repository\org.parboiled\parboiled-core\1.1.5\bundles\parboiled-core.jar, C:\activator-dist-1.3.10\repository\org.ow2.asm\asm\4.1\jars\asm.jar, C:\activator-dist-1.3.10\repository\org.ow2.asm\asm-tree\4.1\jars\asm-tree.jar, C:\activator-dist-1.3.10\repository\org.ow2.asm\asm-analysis\4.1\jars\asm-analysis.jar, C:\activator-dist-1.3.10\repository\org.ow2.asm\asm-util\4.1\jars\asm-util.jar, C:\activator-dist-1.3.10\repository\commons-io\commons-io\2.4\jars\commons-io.jar),Some(C:\Users\EFE\.ivy2\cache\com.typesafe.play\play-omnidoc_2.11\jars\play-omnidoc_2.11-2.5.4.jar),List(),9000,0.0.0.0,DefaultWatchService,List(C:\Users\EFE\play-java\public, C:\Users\EFE\play-java\conf, C:\Users\EFE\play-java\app),C:\Users\EFE\play-java\target,500,myProject/playForkNotifyStart,myProject/playForkReload,300000,play.core.server.DevServerStart))))
Sending msg to client play-fork-run-d078e517-d625-43de-a466-0821b67b7852: TaskStarted(77,9056,None)
Sending msg to client play-fork-run-d078e517-d625-43de-a466-0821b67b7852: TaskFinished(77,9056,None,true,None)
Sending msg to client play-fork-run-d078e517-d625-43de-a466-0821b67b7852: TaskStarted(77,9055,None)
Sending msg to client play-fork-run-d078e517-d625-43de-a466-0821b67b7852: TaskFinished(77,9055,None,true,None)
Sending msg to client play-fork-run-d078e517-d625-43de-a466-0821b67b7852: DetachedLogEvent(LogMessage(debug,cancel strategy finish enabled=false lastCommand=Some(LastCommand(CommandExecutionWork(ExecutionId(77),{file:/C:/Users/EFE/play-java/}myProject/*:playForkConfig,Set(LiveClient(play-fork-run d078e517-d625-43de-a466-0821b67b7852)),sbt.server.WorkCancellationStatus$$anon$1@3016b3a0)))))
Sending msg to client play-fork-run-d078e517-d625-43de-a466-0821b67b7852: DetachedLogEvent(LogSuccess(Total time: 0 s, completed 24.Tem.2016 23:12:36))
Sending msg to client play-fork-run-d078e517-d625-43de-a466-0821b67b7852: DetachedLogEvent(LogMessage(debug,> server-post-command-cleanup))
Sending msg to client play-fork-run-d078e517-d625-43de-a466-0821b67b7852: ExecutionSuccess(77)
Sending msg to client play-fork-run-d078e517-d625-43de-a466-0821b67b7852: DetachedLogEvent(LogMessage(debug,> server-handle-next-server-request))
Sending msg to client play-fork-run-d078e517-d625-43de-a466-0821b67b7852: ExecutionWaiting(78,jobStop 9,ClientInfo(54c66007-6dcf-4441-8070-fb8ace8859d4,activator,Activator,3,Vector()))
Sending msg to client play-fork-run-d078e517-d625-43de-a466-0821b67b7852: ExecutionStarting(78)
Sending msg to client play-fork-run-d078e517-d625-43de-a466-0821b67b7852: DetachedLogEvent(LogMessage(debug,> jobStop 9))
Sending msg to client play-fork-run-d078e517-d625-43de-a466-0821b67b7852: DetachedLogEvent(LogMessage(debug,Evaluating tasks: myProject/*:jobStop))
Sending msg to client play-fork-run-d078e517-d625-43de-a466-0821b67b7852: DetachedLogEvent(LogMessage(debug,Running task... Cancel: sbt.server.ServerTaskCancellation@5207a7b, check cycles: false))
Sending msg to client play-fork-run-d078e517-d625-43de-a466-0821b67b7852: DetachedLogEvent(LogMessage(debug,cancel strategy start enabled=true lastCommand=Some(LastCommand(CommandExecutionWork(ExecutionId(78),jobStop 9,Set(LiveClient(activator 54c66007-6dcf-4441-8070-fb8ace8859d4)),sbt.server.WorkCancellationStatus$$anon$1@709a6d1c)))))
Sending msg to client play-fork-run-d078e517-d625-43de-a466-0821b67b7852: TaskStarted(78,9133,Some(AttributeKey[void]("jobStop") in Scope(Global)))
Sending msg to client play-fork-run-d078e517-d625-43de-a466-0821b67b7852: BackgroundJobLogEvent(9,LogMessage(info,Stopping Play fork run ...))
Sending msg to client play-fork-run-d078e517-d625-43de-a466-0821b67b7852: TaskFinished(78,9133,Some(AttributeKey[void]("jobStop") in Scope(Global)),true,None)
Sending msg to client play-fork-run-d078e517-d625-43de-a466-0821b67b7852: TaskStarted(78,9132,None)
Sending msg to client play-fork-run-d078e517-d625-43de-a466-0821b67b7852: TaskFinished(78,9132,None,true,None)
Sending msg to client play-fork-run-d078e517-d625-43de-a466-0821b67b7852: TaskStarted(78,9131,None)
Sending msg to client play-fork-run-d078e517-d625-43de-a466-0821b67b7852: TaskFinished(78,9131,None,true,None)
Sending msg to client play-fork-run-d078e517-d625-43de-a466-0821b67b7852: DetachedLogEvent(LogMessage(debug,cancel strategy finish enabled=false lastCommand=Some(LastCommand(CommandExecutionWork(ExecutionId(78),jobStop 9,Set(LiveClient(activator 54c66007-6dcf-4441-8070-fb8ace8859d4)),sbt.server.WorkCancellationStatus$$anon$1@709a6d1c)))))
Sending msg to client play-fork-run-d078e517-d625-43de-a466-0821b67b7852: DetachedLogEvent(LogSuccess(Total time: 0 s, completed 24.Tem.2016 23:12:36))
Sending msg to client play-fork-run-d078e517-d625-43de-a466-0821b67b7852: DetachedLogEvent(LogMessage(debug,> server-post-command-cleanup))
Sending msg to client play-fork-run-d078e517-d625-43de-a466-0821b67b7852: ExecutionSuccess(78)
Sending msg to client play-fork-run-d078e517-d625-43de-a466-0821b67b7852: DetachedLogEvent(LogMessage(debug,> server-handle-next-server-request))
Sending msg to client play-fork-run-d078e517-d625-43de-a466-0821b67b7852: BackgroundJobLogEvent(9,LogMessage(info,))
Sending msg to client play-fork-run-d078e517-d625-43de-a466-0821b67b7852: BackgroundJobLogEvent(9,LogMessage(info,--- (Running the application, auto-reloading is enabled) ---))
Sending msg to client play-fork-run-d078e517-d625-43de-a466-0821b67b7852: BackgroundJobLogEvent(9,LogMessage(info,))
Sending msg to client play-fork-run-d078e517-d625-43de-a466-0821b67b7852: BackgroundJobLogEvent(9,LogMessage(info,p.c.s.NettyServer - Listening for HTTP on /0:0:0:0:0:0:0:0:9000))
Sending msg to client play-fork-run-d078e517-d625-43de-a466-0821b67b7852: BackgroundJobLogEvent(9,LogMessage(info,))
Sending msg to client play-fork-run-d078e517-d625-43de-a466-0821b67b7852: BackgroundJobLogEvent(9,LogMessage(info,(Server started, use Ctrl+D to stop and go back to the console...)))
Sending msg to client play-fork-run-d078e517-d625-43de-a466-0821b67b7852: BackgroundJobLogEvent(9,LogMessage(info,))
Got request: ExecutionRequest(myProject/playForkNotifyStart http://localhost:9000)
Reading next message from client.
Sending msg to client play-fork-run-d078e517-d625-43de-a466-0821b67b7852: (8,ExecutionRequestReceived(79))
Sending msg to client play-fork-run-d078e517-d625-43de-a466-0821b67b7852: ExecutionWaiting(79,myProject/playForkNotifyStart http://localhost:9000,ClientInfo(d078e517-d625-43de-a466-0821b67b7852,play-fork-run,Play Fork Run,1,Vector()))
Sending msg to client play-fork-run-d078e517-d625-43de-a466-0821b67b7852: ExecutionStarting(79)
Sending msg to client play-fork-run-d078e517-d625-43de-a466-0821b67b7852: DetachedLogEvent(LogMessage(debug,> myProject/playForkNotifyStart http://localhost:9000))
Sending msg to client play-fork-run-d078e517-d625-43de-a466-0821b67b7852: BackgroundJobLogEvent(9,LogMessage(info,p.c.s.NettyServer - Stopping server...))
Sending msg to client play-fork-run-d078e517-d625-43de-a466-0821b67b7852: DetachedLogEvent(LogMessage(debug,Evaluating tasks: myProject/*:playForkNotifyStart))
Sending msg to client play-fork-run-d078e517-d625-43de-a466-0821b67b7852: DetachedLogEvent(LogMessage(debug,Running task... Cancel: sbt.server.ServerTaskCancellation@14170938, check cycles: false))
Sending msg to client play-fork-run-d078e517-d625-43de-a466-0821b67b7852: DetachedLogEvent(LogMessage(debug,cancel strategy start enabled=true lastCommand=Some(LastCommand(CommandExecutionWork(ExecutionId(79),myProject/playForkNotifyStart http://localhost:9000,Set(LiveClient(play-fork-run d078e517-d625-43de-a466-0821b67b7852)),sbt.server.WorkCancellationStatus$$anon$1@7ca3fce7)))))
Sending msg to client play-fork-run-d078e517-d625-43de-a466-0821b67b7852: TaskStarted(79,9138,Some(AttributeKey[sbt.SendEventService]("sendEventService") in Scope(Global)))
Sending msg to client play-fork-run-d078e517-d625-43de-a466-0821b67b7852: TaskFinished(79,9138,Some(AttributeKey[sbt.SendEventService]("sendEventService") in Scope(Global)),true,None)
Sending msg to client play-fork-run-d078e517-d625-43de-a466-0821b67b7852: TaskStarted(79,9137,Some(AttributeKey[scala.Function1[java.lang.String,void]]("playForkStarted") in Scope(Build: file:/C:/Users/EFE/play-java/, , Project: ProjectReference(file:/C:/Users/EFE/play-java/,myProject))))
Sending msg to client play-fork-run-d078e517-d625-43de-a466-0821b67b7852: TaskFinished(79,9137,Some(AttributeKey[scala.Function1[java.lang.String,void]]("playForkStarted") in Scope(Build: file:/C:/Users/EFE/play-java/, , Project: ProjectReference(file:/C:/Users/EFE/play-java/,myProject))),true,None)
Sending msg to client play-fork-run-d078e517-d625-43de-a466-0821b67b7852: TaskStarted(79,9136,Some(AttributeKey[void]("playForkNotifyStart") in Scope(Build: file:/C:/Users/EFE/play-java/, , Project: ProjectReference(file:/C:/Users/EFE/play-java/,myProject))))
Sending msg to client play-fork-run-d078e517-d625-43de-a466-0821b67b7852: TaskEvent(9136,LazyValue(PlayServerStarted(http://localhost:9000),play.forkrun.protocol.Serializers$PlayForkrunProtocolPlayServerStartedPickler1$2$@539e2d0d))
Sending msg to client play-fork-run-d078e517-d625-43de-a466-0821b67b7852: TaskFinished(79,9136,Some(AttributeKey[void]("playForkNotifyStart") in Scope(Build: file:/C:/Users/EFE/play-java/, , Project: ProjectReference(file:/C:/Users/EFE/play-java/,myProject))),true,None)
Sending msg to client play-fork-run-d078e517-d625-43de-a466-0821b67b7852: TaskStarted(79,9135,None)
Sending msg to client play-fork-run-d078e517-d625-43de-a466-0821b67b7852: TaskFinished(79,9135,None,true,None)
Sending msg to client play-fork-run-d078e517-d625-43de-a466-0821b67b7852: TaskStarted(79,9134,None)
Sending msg to client play-fork-run-d078e517-d625-43de-a466-0821b67b7852: TaskFinished(79,9134,None,true,None)
Sending msg to client play-fork-run-d078e517-d625-43de-a466-0821b67b7852: DetachedLogEvent(LogMessage(debug,cancel strategy finish enabled=false lastCommand=Some(LastCommand(CommandExecutionWork(ExecutionId(79),myProject/playForkNotifyStart http://localhost:9000,Set(LiveClient(play-fork-run d078e517-d625-43de-a466-0821b67b7852)),sbt.server.WorkCancellationStatus$$anon$1@7ca3fce7)))))
Sending msg to client play-fork-run-d078e517-d625-43de-a466-0821b67b7852: DetachedLogEvent(LogSuccess(Total time: 0 s, completed 24.Tem.2016 23:12:37))
Sending msg to client play-fork-run-d078e517-d625-43de-a466-0821b67b7852: DetachedLogEvent(LogMessage(debug,> server-post-command-cleanup))
Sending msg to client play-fork-run-d078e517-d625-43de-a466-0821b67b7852: ExecutionSuccess(79)
Sending msg to client play-fork-run-d078e517-d625-43de-a466-0821b67b7852: DetachedLogEvent(LogMessage(debug,> server-handle-next-server-request))
Got request: UnlistenToEvents()
Reading next message from client.
Sending msg to client play-fork-run-d078e517-d625-43de-a466-0821b67b7852: (9,ReceivedResponse())
Got request: UnlistenToValue(AttributeKey[play.forkrun.protocol.ForkConfig]("playForkConfig") in Scope(Build: file:/C:/Users/EFE/play-java/, , Project: ProjectReference(file:/C:/Users/EFE/play-java/,myProject)))
Reading next message from client.
Client play-fork-run-d078e517-d625-43de-a466-0821b67b7852 EOF, shutting down.
Stopping client.
Client play-fork-run-d078e517-d625-43de-a466-0821b67b7852 thread exiting.
Dropping message (10,ReceivedResponse()) to dead client play-fork-run-d078e517-d625-43de-a466-0821b67b7852
Dropping message (0,ReceivedResponse()) to dead client play-fork-run-d078e517-d625-43de-a466-0821b67b7852
