New log file opened at Mon Jul 25 14:14:00 EEST 2016 by 10688@BUMBLEBEE
jvm 10688@BUMBLEBEE
jvm vmName=Java HotSpot(TM) 64-Bit Server VM vmVendor=Oracle Corporation vmVersion=25.91-b15
jvm specName=Java Virtual Machine Specification specVendor=Oracle Corporation specVersion=1.8
jvm arguments: [-Xms256m, -Xmx1024m, -XX:MetaspaceSize=64m, -XX:MaxMetaspaceSize=256m]
Starting event engine
Starting sbt command engine
Waiting for sbt command engine
Command engine arguments=List()
Command engine baseDirectory=C:\Users\EFE\play-java
Command engine initial remaining commands List(--initialize, onFailure load-failed, boot, server-send-ready-for-request, server-handle-next-server-request)
> --initialize
> initialize
> onFailure load-failed
> boot
> reload
[Loading] Scanning directory C:\Users\EFE\play-java\project
[Loading] Found non-root projects 
[Loading] Done in C:\Users\EFE\play-java\project, returning: ()
deducing auto plugins based on known facts Set(Atom(sbt.plugins.CorePlugin)) and clauses Clauses(List(Clause(Atom(sbt.plugins.JvmPlugin),Set(Atom(sbt.plugins.IvyPlugin))), Clause(Atom(sbt.plugins.JUnitXmlReportPlugin),Set(Atom(sbt.plugins.JvmPlugin))), Clause(Atom(sbt.plugins.CorePlugin),Set(Atom(sbt.plugins.IvyPlugin))), Clause(Atom(sbt.plugins.IvyPlugin),Set(Atom(sbt.plugins.JvmPlugin))), Clause(Atom(sbt.plugins.JvmPlugin),Set(Atom(sbt.plugins.JUnitXmlReportPlugin)))))
  :: deduced result: Matched(sbt.plugins.CorePlugin,sbt.plugins.IvyPlugin,sbt.plugins.JvmPlugin,sbt.plugins.JUnitXmlReportPlugin)
sorting: ns: List(sbt.plugins.CorePlugin, sbt.plugins.IvyPlugin, sbt.plugins.JvmPlugin, sbt.plugins.JUnitXmlReportPlugin)
  :: sorting:: found: List(sbt.plugins.CorePlugin) not found List(sbt.plugins.IvyPlugin, sbt.plugins.JvmPlugin, sbt.plugins.JUnitXmlReportPlugin)
  :: sorting:: found: List(sbt.plugins.CorePlugin, sbt.plugins.IvyPlugin) not found List(sbt.plugins.JvmPlugin, sbt.plugins.JUnitXmlReportPlugin)
  :: sorting:: found: List(sbt.plugins.CorePlugin, sbt.plugins.IvyPlugin, sbt.plugins.JvmPlugin) not found List(sbt.plugins.JUnitXmlReportPlugin)
  :: sorting:: found: List(sbt.plugins.CorePlugin, sbt.plugins.IvyPlugin, sbt.plugins.JvmPlugin, sbt.plugins.JUnitXmlReportPlugin) not found List()
  :: sorted deduced result: List(sbt.plugins.CorePlugin, sbt.plugins.IvyPlugin, sbt.plugins.JvmPlugin, sbt.plugins.JUnitXmlReportPlugin)
[Loading] Done in C:\Users\EFE\play-java\project, returning: (play-java-build)
Loading project definition from C:\Users\EFE\play-java\project
Running task... Cancel: sbt.TaskCancellationStrategy$Null$@7185527f, check cycles: false

Initial source changes: 
	removed:Set()
	added: Set()
	modified: Set()
Removed products: Set()
External API changes: API Changes: Set()
Modified binary dependencies: Set()
Initial directly invalidated sources: Set()

Sources indirectly invalidated by:
	product: Set()
	binary dep: Set()
	external source: Set()
All initially invalidated sources: Set()

Copy resource mappings: 
	
[Loading] Scanning directory C:\Users\EFE\play-java
[Loading] Found root project myProject w/ remaining nonEnhancedProject
deducing auto plugins based on known facts Set(Atom(play.sbt.PlayJava), Atom(play.ebean.sbt.PlayEbean), Atom(sbt.plugins.CorePlugin)) and clauses Clauses(List(Clause(Atom(sbt.plugins.JvmPlugin),Set(Atom(sbt.plugins.IvyPlugin))), Clause(Atom(sbt.plugins.JUnitXmlReportPlugin),Set(Atom(sbt.plugins.JvmPlugin))), Clause(Atom(com.typesafe.sbteclipse.plugin.EclipsePlugin),Set(Atom(sbt.plugins.JvmPlugin))), Clause(Atom(play.sbt.forkrun.PlayForkRun),Set(Atom(sbt.plugins.BackgroundRunPlugin))), Clause(Atom(play.sbt.forkrun.PlayForkRun),Set(Atom(play.sbt.Play))), Clause(Atom(play.sbt.forkrun.PlayForkRun),Set(Atom(sbt.plugins.SerializersPlugin))), Clause(Atom(play.sbt.Play),Set(Atom(com.typesafe.sbt.packager.archetypes.JavaServerAppPackaging))), Clause(Atom(play.sbt.Play),Set(Atom(play.sbt.routes.RoutesCompiler))), Clause(Atom(play.sbt.Play),Set(Atom(play.twirl.sbt.SbtTwirl))), Clause(Atom(play.sbt.Play),Set(Atom(com.typesafe.sbt.jse.SbtJsTask))), Clause(Atom(play.sbt.PlayAkkaHttpServer),Set(Atom(play.sbt.Play))), Clause(Atom(play.sbt.PlayJava),Set(Atom(play.sbt.Play))), Clause(Atom(play.sbt.PlayLayoutPlugin),Set(Atom(play.sbt.Play))), Clause(Atom(play.sbt.PlayLogback),Set(Atom(play.sbt.Play))), Clause(Atom(play.sbt.PlayNettyServer),Set(Atom(play.sbt.Play))), Clause(Atom(play.sbt.PlayScala),Set(Atom(play.sbt.Play))), Clause(Atom(play.sbt.routes.RoutesCompiler),Set(Atom(sbt.plugins.JvmPlugin))), Clause(Atom(play.twirl.sbt.SbtTwirl),Set(Atom(sbt.plugins.JvmPlugin))), Clause(Atom(com.typesafe.sbt.packager.archetypes.AkkaAppPackaging),Set(Atom(com.typesafe.sbt.packager.archetypes.JavaAppPackaging))), Clause(Atom(com.typesafe.sbt.packager.archetypes.JavaAppPackaging),Set(Atom(com.typesafe.sbt.packager.windows.WindowsPlugin))), Clause(Atom(com.typesafe.sbt.packager.archetypes.JavaAppPackaging),Set(Atom(com.typesafe.sbt.packager.docker.DockerPlugin))), Clause(Atom(com.typesafe.sbt.packager.archetypes.JavaAppPackaging),Set(Atom(com.typesafe.sbt.packager.debian.DebianPlugin))), Clause(Atom(com.typesafe.sbt.packager.archetypes.JavaAppPackaging),Set(Atom(com.typesafe.sbt.packager.rpm.RpmPlugin))), Clause(Atom(com.typesafe.sbt.packager.archetypes.JavaServerAppPackaging),Set(Atom(com.typesafe.sbt.packager.archetypes.JavaAppPackaging))), Clause(Atom(com.typesafe.sbt.packager.archetypes.jar.ClasspathJarPlugin),Set(Atom(com.typesafe.sbt.packager.archetypes.JavaAppPackaging))), Clause(Atom(com.typesafe.sbt.packager.archetypes.jar.LauncherJarPlugin),Set(Atom(com.typesafe.sbt.packager.archetypes.JavaAppPackaging))), Clause(Atom(com.typesafe.sbt.packager.debian.DebianDeployPlugin),Set(Atom(com.typesafe.sbt.packager.debian.DebianPlugin))), Clause(Atom(com.typesafe.sbt.packager.debian.DebianPlugin),Set(Atom(com.typesafe.sbt.packager.linux.LinuxPlugin))), Clause(Atom(com.typesafe.sbt.packager.debian.JDebPackaging),Set(Atom(com.typesafe.sbt.packager.debian.DebianPlugin))), Clause(Atom(com.typesafe.sbt.packager.docker.DockerPlugin),Set(Atom(com.typesafe.sbt.packager.universal.UniversalPlugin))), Clause(Atom(com.typesafe.sbt.packager.jdkpackager.JDKPackagerDeployPlugin),Set(Atom(com.typesafe.sbt.packager.jdkpackager.JDKPackagerPlugin))), Clause(Atom(com.typesafe.sbt.packager.jdkpackager.JDKPackagerPlugin),Set(Atom(com.typesafe.sbt.packager.archetypes.JavaAppPackaging))), Clause(Atom(com.typesafe.sbt.packager.jdkpackager.JDKPackagerPlugin),Set(Atom(com.typesafe.sbt.packager.archetypes.jar.LauncherJarPlugin))), Clause(Atom(com.typesafe.sbt.packager.linux.LinuxPlugin),Set(Atom(com.typesafe.sbt.packager.universal.UniversalPlugin))), Clause(Atom(com.typesafe.sbt.packager.rpm.RpmDeployPlugin),Set(Atom(com.typesafe.sbt.packager.rpm.RpmPlugin))), Clause(Atom(com.typesafe.sbt.packager.rpm.RpmPlugin),Set(Atom(com.typesafe.sbt.packager.linux.LinuxPlugin))), Clause(Atom(com.typesafe.sbt.packager.universal.UniversalDeployPlugin),Set(Atom(com.typesafe.sbt.packager.universal.UniversalPlugin))), Clause(Atom(com.typesafe.sbt.packager.universal.UniversalPlugin),Set(Atom(com.typesafe.sbt.SbtNativePackager))), Clause(Atom(com.typesafe.sbt.packager.windows.WindowsDeployPlugin),Set(Atom(com.typesafe.sbt.packager.windows.WindowsPlugin))), Clause(Atom(com.typesafe.sbt.packager.windows.WindowsPlugin),Set(Atom(com.typesafe.sbt.packager.universal.UniversalPlugin))), Clause(Atom(com.typesafe.sbt.web.SbtWeb),Set(Atom(sbt.plugins.JvmPlugin))), Clause(Atom(com.typesafe.sbt.jse.SbtJsEngine),Set(Atom(com.typesafe.sbt.web.SbtWeb))), Clause(Atom(com.typesafe.sbt.jse.SbtJsTask),Set(Atom(com.typesafe.sbt.jse.SbtJsEngine))), Clause(Atom(sbt.plugins.BackgroundRunPlugin),Set(Atom(sbt.plugins.JvmPlugin))), Clause(Atom(com.typesafe.sbt.coffeescript.SbtCoffeeScript),Set(Atom(com.typesafe.sbt.jse.SbtJsTask))), Clause(Atom(com.typesafe.sbt.less.SbtLess),Set(Atom(com.typesafe.sbt.jse.SbtJsTask))), Clause(Atom(com.typesafe.sbt.jshint.SbtJSHint),Set(Atom(com.typesafe.sbt.jse.SbtJsTask))), Clause(Atom(com.typesafe.sbt.rjs.SbtRjs),Set(Atom(com.typesafe.sbt.jse.SbtJsTask))), Clause(Atom(com.typesafe.sbt.digest.SbtDigest),Set(Atom(com.typesafe.sbt.web.SbtWeb))), Clause(Atom(com.typesafe.sbt.mocha.SbtMocha),Set(Atom(com.typesafe.sbt.jse.SbtJsTask))), Clause(Atom(org.irundaia.sbt.sass.SbtSassify),Set(Atom(com.typesafe.sbt.web.SbtWeb))), Clause(Atom(play.ebean.sbt.PlayEbean),Set(Atom(com.typesafe.play.sbt.enhancer.PlayEnhancer))), Clause(Atom(com.typesafe.play.sbt.enhancer.PlayEnhancer),Set(Atom(sbt.plugins.JvmPlugin))), Clause(Atom(com.heroku.sbt.HerokuPlugin),Set(Atom(sbt.plugins.JvmPlugin))), Clause(Atom(sbt.plugins.CorePlugin),Set(Atom(sbt.plugins.IvyPlugin))), Clause(Atom(sbt.plugins.IvyPlugin),Set(Atom(sbt.plugins.JvmPlugin))), Clause(Atom(sbt.plugins.JvmPlugin),Set(Atom(sbt.plugins.JUnitXmlReportPlugin))), Clause(Atom(sbt.plugins.JvmPlugin),Set(Atom(com.typesafe.sbteclipse.plugin.EclipsePlugin))), Clause(And(Set(Atom(sbt.plugins.BackgroundRunPlugin), Atom(play.sbt.Play), Atom(sbt.plugins.SerializersPlugin))),Set(Atom(play.sbt.forkrun.PlayForkRun))), Clause(Atom(play.sbt.Play),Set(Atom(play.sbt.PlayLayoutPlugin))), Clause(Atom(play.sbt.Play),Set(Atom(play.sbt.PlayLogback))), Clause(Atom(play.sbt.Play),Set(Atom(play.sbt.PlayNettyServer))), Clause(Atom(com.typesafe.sbt.web.SbtWeb),Set(Atom(com.typesafe.sbt.jse.SbtJsEngine))), Clause(Atom(com.typesafe.sbt.jse.SbtJsEngine),Set(Atom(com.typesafe.sbt.jse.SbtJsTask))), Clause(Atom(sbt.plugins.JvmPlugin),Set(Atom(sbt.plugins.BackgroundRunPlugin))), Clause(Atom(sbt.plugins.CorePlugin),Set(Atom(sbt.plugins.InteractionServicePlugin))), Clause(Atom(sbt.plugins.CorePlugin),Set(Atom(sbt.plugins.SendEventServicePlugin))), Clause(Atom(sbt.plugins.CorePlugin),Set(Atom(sbt.plugins.SerializersPlugin))), Clause(Atom(com.typesafe.sbt.jse.SbtJsTask),Set(Atom(com.typesafe.sbt.coffeescript.SbtCoffeeScript))), Clause(Atom(com.typesafe.sbt.jse.SbtJsTask),Set(Atom(com.typesafe.sbt.less.SbtLess))), Clause(Atom(com.typesafe.sbt.jse.SbtJsTask),Set(Atom(com.typesafe.sbt.jshint.SbtJSHint))), Clause(Atom(com.typesafe.sbt.jse.SbtJsTask),Set(Atom(com.typesafe.sbt.rjs.SbtRjs))), Clause(Atom(com.typesafe.sbt.web.SbtWeb),Set(Atom(com.typesafe.sbt.digest.SbtDigest))), Clause(Atom(com.typesafe.sbt.jse.SbtJsTask),Set(Atom(com.typesafe.sbt.mocha.SbtMocha))), Clause(Atom(com.typesafe.sbt.web.SbtWeb),Set(Atom(org.irundaia.sbt.sass.SbtSassify))), Clause(Atom(sbt.plugins.JvmPlugin),Set(Atom(com.typesafe.play.sbt.enhancer.PlayEnhancer))), Clause(Atom(sbt.plugins.JvmPlugin),Set(Atom(com.heroku.sbt.HerokuPlugin)))))
  :: deduced result: Matched(sbt.plugins.CorePlugin,play.ebean.sbt.PlayEbean,play.sbt.PlayJava,com.typesafe.play.sbt.enhancer.PlayEnhancer,sbt.plugins.InteractionServicePlugin,sbt.plugins.SendEventServicePlugin,play.sbt.Play,sbt.plugins.SerializersPlugin,sbt.plugins.IvyPlugin,com.typesafe.sbt.packager.archetypes.JavaServerAppPackaging,play.twirl.sbt.SbtTwirl,sbt.plugins.JvmPlugin,play.sbt.PlayNettyServer,play.sbt.PlayLayoutPlugin,play.sbt.routes.RoutesCompiler,play.sbt.PlayLogback,com.typesafe.sbt.jse.SbtJsTask,com.typesafe.sbt.jshint.SbtJSHint,com.typesafe.sbteclipse.plugin.EclipsePlugin,com.typesafe.sbt.packager.archetypes.JavaAppPackaging,sbt.plugins.JUnitXmlReportPlugin,com.typesafe.sbt.mocha.SbtMocha,com.typesafe.sbt.less.SbtLess,com.typesafe.sbt.rjs.SbtRjs,com.typesafe.sbt.jse.SbtJsEngine,com.typesafe.sbt.coffeescript.SbtCoffeeScript,com.heroku.sbt.HerokuPlugin,sbt.plugins.BackgroundRunPlugin,com.typesafe.sbt.packager.rpm.RpmPlugin,com.typesafe.sbt.packager.windows.WindowsPlugin,com.typesafe.sbt.web.SbtWeb,com.typesafe.sbt.packager.docker.DockerPlugin,play.sbt.forkrun.PlayForkRun,com.typesafe.sbt.packager.debian.DebianPlugin,org.irundaia.sbt.sass.SbtSassify,com.typesafe.sbt.digest.SbtDigest,com.typesafe.sbt.packager.universal.UniversalPlugin,com.typesafe.sbt.packager.linux.LinuxPlugin,com.typesafe.sbt.SbtNativePackager)
sorting: ns: List(sbt.plugins.CorePlugin, play.ebean.sbt.PlayEbean, play.sbt.PlayJava, com.typesafe.play.sbt.enhancer.PlayEnhancer, sbt.plugins.InteractionServicePlugin, sbt.plugins.SendEventServicePlugin, play.sbt.Play, sbt.plugins.SerializersPlugin, sbt.plugins.IvyPlugin, com.typesafe.sbt.packager.archetypes.JavaServerAppPackaging, play.twirl.sbt.SbtTwirl, sbt.plugins.JvmPlugin, play.sbt.PlayNettyServer, play.sbt.PlayLayoutPlugin, play.sbt.routes.RoutesCompiler, play.sbt.PlayLogback, com.typesafe.sbt.jse.SbtJsTask, com.typesafe.sbt.jshint.SbtJSHint, com.typesafe.sbteclipse.plugin.EclipsePlugin, com.typesafe.sbt.packager.archetypes.JavaAppPackaging, sbt.plugins.JUnitXmlReportPlugin, com.typesafe.sbt.mocha.SbtMocha, com.typesafe.sbt.less.SbtLess, com.typesafe.sbt.rjs.SbtRjs, com.typesafe.sbt.jse.SbtJsEngine, com.typesafe.sbt.coffeescript.SbtCoffeeScript, com.heroku.sbt.HerokuPlugin, sbt.plugins.BackgroundRunPlugin, com.typesafe.sbt.packager.rpm.RpmPlugin, com.typesafe.sbt.packager.windows.WindowsPlugin, com.typesafe.sbt.web.SbtWeb, com.typesafe.sbt.packager.docker.DockerPlugin, play.sbt.forkrun.PlayForkRun, com.typesafe.sbt.packager.debian.DebianPlugin, org.irundaia.sbt.sass.SbtSassify, com.typesafe.sbt.digest.SbtDigest, com.typesafe.sbt.packager.universal.UniversalPlugin, com.typesafe.sbt.packager.linux.LinuxPlugin, com.typesafe.sbt.SbtNativePackager)
  :: sorting:: found: List(sbt.plugins.CorePlugin, com.typesafe.sbt.SbtNativePackager) not found List(play.ebean.sbt.PlayEbean, play.sbt.PlayJava, com.typesafe.play.sbt.enhancer.PlayEnhancer, sbt.plugins.InteractionServicePlugin, sbt.plugins.SendEventServicePlugin, play.sbt.Play, sbt.plugins.SerializersPlugin, sbt.plugins.IvyPlugin, com.typesafe.sbt.packager.archetypes.JavaServerAppPackaging, play.twirl.sbt.SbtTwirl, sbt.plugins.JvmPlugin, play.sbt.PlayNettyServer, play.sbt.PlayLayoutPlugin, play.sbt.routes.RoutesCompiler, play.sbt.PlayLogback, com.typesafe.sbt.jse.SbtJsTask, com.typesafe.sbt.jshint.SbtJSHint, com.typesafe.sbteclipse.plugin.EclipsePlugin, com.typesafe.sbt.packager.archetypes.JavaAppPackaging, sbt.plugins.JUnitXmlReportPlugin, com.typesafe.sbt.mocha.SbtMocha, com.typesafe.sbt.less.SbtLess, com.typesafe.sbt.rjs.SbtRjs, com.typesafe.sbt.jse.SbtJsEngine, com.typesafe.sbt.coffeescript.SbtCoffeeScript, com.heroku.sbt.HerokuPlugin, sbt.plugins.BackgroundRunPlugin, com.typesafe.sbt.packager.rpm.RpmPlugin, com.typesafe.sbt.packager.windows.WindowsPlugin, com.typesafe.sbt.web.SbtWeb, com.typesafe.sbt.packager.docker.DockerPlugin, play.sbt.forkrun.PlayForkRun, com.typesafe.sbt.packager.debian.DebianPlugin, org.irundaia.sbt.sass.SbtSassify, com.typesafe.sbt.digest.SbtDigest, com.typesafe.sbt.packager.universal.UniversalPlugin, com.typesafe.sbt.packager.linux.LinuxPlugin)
  :: sorting:: found: List(sbt.plugins.CorePlugin, com.typesafe.sbt.SbtNativePackager, sbt.plugins.InteractionServicePlugin, sbt.plugins.SendEventServicePlugin, sbt.plugins.SerializersPlugin, sbt.plugins.IvyPlugin, com.typesafe.sbt.packager.universal.UniversalPlugin) not found List(play.ebean.sbt.PlayEbean, play.sbt.PlayJava, com.typesafe.play.sbt.enhancer.PlayEnhancer, play.sbt.Play, com.typesafe.sbt.packager.archetypes.JavaServerAppPackaging, play.twirl.sbt.SbtTwirl, sbt.plugins.JvmPlugin, play.sbt.PlayNettyServer, play.sbt.PlayLayoutPlugin, play.sbt.routes.RoutesCompiler, play.sbt.PlayLogback, com.typesafe.sbt.jse.SbtJsTask, com.typesafe.sbt.jshint.SbtJSHint, com.typesafe.sbteclipse.plugin.EclipsePlugin, com.typesafe.sbt.packager.archetypes.JavaAppPackaging, sbt.plugins.JUnitXmlReportPlugin, com.typesafe.sbt.mocha.SbtMocha, com.typesafe.sbt.less.SbtLess, com.typesafe.sbt.rjs.SbtRjs, com.typesafe.sbt.jse.SbtJsEngine, com.typesafe.sbt.coffeescript.SbtCoffeeScript, com.heroku.sbt.HerokuPlugin, sbt.plugins.BackgroundRunPlugin, com.typesafe.sbt.packager.rpm.RpmPlugin, com.typesafe.sbt.packager.windows.WindowsPlugin, com.typesafe.sbt.web.SbtWeb, com.typesafe.sbt.packager.docker.DockerPlugin, play.sbt.forkrun.PlayForkRun, com.typesafe.sbt.packager.debian.DebianPlugin, org.irundaia.sbt.sass.SbtSassify, com.typesafe.sbt.digest.SbtDigest, com.typesafe.sbt.packager.linux.LinuxPlugin)
  :: sorting:: found: List(sbt.plugins.CorePlugin, com.typesafe.sbt.SbtNativePackager, sbt.plugins.InteractionServicePlugin, sbt.plugins.SendEventServicePlugin, sbt.plugins.SerializersPlugin, sbt.plugins.IvyPlugin, com.typesafe.sbt.packager.universal.UniversalPlugin, sbt.plugins.JvmPlugin, com.typesafe.sbt.packager.windows.WindowsPlugin, com.typesafe.sbt.packager.docker.DockerPlugin, com.typesafe.sbt.packager.linux.LinuxPlugin) not found List(play.ebean.sbt.PlayEbean, play.sbt.PlayJava, com.typesafe.play.sbt.enhancer.PlayEnhancer, play.sbt.Play, com.typesafe.sbt.packager.archetypes.JavaServerAppPackaging, play.twirl.sbt.SbtTwirl, play.sbt.PlayNettyServer, play.sbt.PlayLayoutPlugin, play.sbt.routes.RoutesCompiler, play.sbt.PlayLogback, com.typesafe.sbt.jse.SbtJsTask, com.typesafe.sbt.jshint.SbtJSHint, com.typesafe.sbteclipse.plugin.EclipsePlugin, com.typesafe.sbt.packager.archetypes.JavaAppPackaging, sbt.plugins.JUnitXmlReportPlugin, com.typesafe.sbt.mocha.SbtMocha, com.typesafe.sbt.less.SbtLess, com.typesafe.sbt.rjs.SbtRjs, com.typesafe.sbt.jse.SbtJsEngine, com.typesafe.sbt.coffeescript.SbtCoffeeScript, com.heroku.sbt.HerokuPlugin, sbt.plugins.BackgroundRunPlugin, com.typesafe.sbt.packager.rpm.RpmPlugin, com.typesafe.sbt.web.SbtWeb, play.sbt.forkrun.PlayForkRun, com.typesafe.sbt.packager.debian.DebianPlugin, org.irundaia.sbt.sass.SbtSassify, com.typesafe.sbt.digest.SbtDigest)
  :: sorting:: found: List(sbt.plugins.CorePlugin, com.typesafe.sbt.SbtNativePackager, sbt.plugins.InteractionServicePlugin, sbt.plugins.SendEventServicePlugin, sbt.plugins.SerializersPlugin, sbt.plugins.IvyPlugin, com.typesafe.sbt.packager.universal.UniversalPlugin, sbt.plugins.JvmPlugin, com.typesafe.sbt.packager.windows.WindowsPlugin, com.typesafe.sbt.packager.docker.DockerPlugin, com.typesafe.sbt.packager.linux.LinuxPlugin, com.typesafe.play.sbt.enhancer.PlayEnhancer, play.twirl.sbt.SbtTwirl, play.sbt.routes.RoutesCompiler, com.typesafe.sbteclipse.plugin.EclipsePlugin, sbt.plugins.JUnitXmlReportPlugin, com.heroku.sbt.HerokuPlugin, sbt.plugins.BackgroundRunPlugin, com.typesafe.sbt.packager.rpm.RpmPlugin, com.typesafe.sbt.web.SbtWeb, com.typesafe.sbt.packager.debian.DebianPlugin) not found List(play.ebean.sbt.PlayEbean, play.sbt.PlayJava, play.sbt.Play, com.typesafe.sbt.packager.archetypes.JavaServerAppPackaging, play.sbt.PlayNettyServer, play.sbt.PlayLayoutPlugin, play.sbt.PlayLogback, com.typesafe.sbt.jse.SbtJsTask, com.typesafe.sbt.jshint.SbtJSHint, com.typesafe.sbt.packager.archetypes.JavaAppPackaging, com.typesafe.sbt.mocha.SbtMocha, com.typesafe.sbt.less.SbtLess, com.typesafe.sbt.rjs.SbtRjs, com.typesafe.sbt.jse.SbtJsEngine, com.typesafe.sbt.coffeescript.SbtCoffeeScript, play.sbt.forkrun.PlayForkRun, org.irundaia.sbt.sass.SbtSassify, com.typesafe.sbt.digest.SbtDigest)
  :: sorting:: found: List(sbt.plugins.CorePlugin, com.typesafe.sbt.SbtNativePackager, sbt.plugins.InteractionServicePlugin, sbt.plugins.SendEventServicePlugin, sbt.plugins.SerializersPlugin, sbt.plugins.IvyPlugin, com.typesafe.sbt.packager.universal.UniversalPlugin, sbt.plugins.JvmPlugin, com.typesafe.sbt.packager.windows.WindowsPlugin, com.typesafe.sbt.packager.docker.DockerPlugin, com.typesafe.sbt.packager.linux.LinuxPlugin, com.typesafe.play.sbt.enhancer.PlayEnhancer, play.twirl.sbt.SbtTwirl, play.sbt.routes.RoutesCompiler, com.typesafe.sbteclipse.plugin.EclipsePlugin, sbt.plugins.JUnitXmlReportPlugin, com.heroku.sbt.HerokuPlugin, sbt.plugins.BackgroundRunPlugin, com.typesafe.sbt.packager.rpm.RpmPlugin, com.typesafe.sbt.web.SbtWeb, com.typesafe.sbt.packager.debian.DebianPlugin, play.ebean.sbt.PlayEbean, com.typesafe.sbt.packager.archetypes.JavaAppPackaging, com.typesafe.sbt.jse.SbtJsEngine, org.irundaia.sbt.sass.SbtSassify, com.typesafe.sbt.digest.SbtDigest) not found List(play.sbt.PlayJava, play.sbt.Play, com.typesafe.sbt.packager.archetypes.JavaServerAppPackaging, play.sbt.PlayNettyServer, play.sbt.PlayLayoutPlugin, play.sbt.PlayLogback, com.typesafe.sbt.jse.SbtJsTask, com.typesafe.sbt.jshint.SbtJSHint, com.typesafe.sbt.mocha.SbtMocha, com.typesafe.sbt.less.SbtLess, com.typesafe.sbt.rjs.SbtRjs, com.typesafe.sbt.coffeescript.SbtCoffeeScript, play.sbt.forkrun.PlayForkRun)
  :: sorting:: found: List(sbt.plugins.CorePlugin, com.typesafe.sbt.SbtNativePackager, sbt.plugins.InteractionServicePlugin, sbt.plugins.SendEventServicePlugin, sbt.plugins.SerializersPlugin, sbt.plugins.IvyPlugin, com.typesafe.sbt.packager.universal.UniversalPlugin, sbt.plugins.JvmPlugin, com.typesafe.sbt.packager.windows.WindowsPlugin, com.typesafe.sbt.packager.docker.DockerPlugin, com.typesafe.sbt.packager.linux.LinuxPlugin, com.typesafe.play.sbt.enhancer.PlayEnhancer, play.twirl.sbt.SbtTwirl, play.sbt.routes.RoutesCompiler, com.typesafe.sbteclipse.plugin.EclipsePlugin, sbt.plugins.JUnitXmlReportPlugin, com.heroku.sbt.HerokuPlugin, sbt.plugins.BackgroundRunPlugin, com.typesafe.sbt.packager.rpm.RpmPlugin, com.typesafe.sbt.web.SbtWeb, com.typesafe.sbt.packager.debian.DebianPlugin, play.ebean.sbt.PlayEbean, com.typesafe.sbt.packager.archetypes.JavaAppPackaging, com.typesafe.sbt.jse.SbtJsEngine, org.irundaia.sbt.sass.SbtSassify, com.typesafe.sbt.digest.SbtDigest, com.typesafe.sbt.packager.archetypes.JavaServerAppPackaging, com.typesafe.sbt.jse.SbtJsTask) not found List(play.sbt.PlayJava, play.sbt.Play, play.sbt.PlayNettyServer, play.sbt.PlayLayoutPlugin, play.sbt.PlayLogback, com.typesafe.sbt.jshint.SbtJSHint, com.typesafe.sbt.mocha.SbtMocha, com.typesafe.sbt.less.SbtLess, com.typesafe.sbt.rjs.SbtRjs, com.typesafe.sbt.coffeescript.SbtCoffeeScript, play.sbt.forkrun.PlayForkRun)
  :: sorting:: found: List(sbt.plugins.CorePlugin, com.typesafe.sbt.SbtNativePackager, sbt.plugins.InteractionServicePlugin, sbt.plugins.SendEventServicePlugin, sbt.plugins.SerializersPlugin, sbt.plugins.IvyPlugin, com.typesafe.sbt.packager.universal.UniversalPlugin, sbt.plugins.JvmPlugin, com.typesafe.sbt.packager.windows.WindowsPlugin, com.typesafe.sbt.packager.docker.DockerPlugin, com.typesafe.sbt.packager.linux.LinuxPlugin, com.typesafe.play.sbt.enhancer.PlayEnhancer, play.twirl.sbt.SbtTwirl, play.sbt.routes.RoutesCompiler, com.typesafe.sbteclipse.plugin.EclipsePlugin, sbt.plugins.JUnitXmlReportPlugin, com.heroku.sbt.HerokuPlugin, sbt.plugins.BackgroundRunPlugin, com.typesafe.sbt.packager.rpm.RpmPlugin, com.typesafe.sbt.web.SbtWeb, com.typesafe.sbt.packager.debian.DebianPlugin, play.ebean.sbt.PlayEbean, com.typesafe.sbt.packager.archetypes.JavaAppPackaging, com.typesafe.sbt.jse.SbtJsEngine, org.irundaia.sbt.sass.SbtSassify, com.typesafe.sbt.digest.SbtDigest, com.typesafe.sbt.packager.archetypes.JavaServerAppPackaging, com.typesafe.sbt.jse.SbtJsTask, play.sbt.Play, com.typesafe.sbt.jshint.SbtJSHint, com.typesafe.sbt.mocha.SbtMocha, com.typesafe.sbt.less.SbtLess, com.typesafe.sbt.rjs.SbtRjs, com.typesafe.sbt.coffeescript.SbtCoffeeScript) not found List(play.sbt.PlayJava, play.sbt.PlayNettyServer, play.sbt.PlayLayoutPlugin, play.sbt.PlayLogback, play.sbt.forkrun.PlayForkRun)
  :: sorting:: found: List(sbt.plugins.CorePlugin, com.typesafe.sbt.SbtNativePackager, sbt.plugins.InteractionServicePlugin, sbt.plugins.SendEventServicePlugin, sbt.plugins.SerializersPlugin, sbt.plugins.IvyPlugin, com.typesafe.sbt.packager.universal.UniversalPlugin, sbt.plugins.JvmPlugin, com.typesafe.sbt.packager.windows.WindowsPlugin, com.typesafe.sbt.packager.docker.DockerPlugin, com.typesafe.sbt.packager.linux.LinuxPlugin, com.typesafe.play.sbt.enhancer.PlayEnhancer, play.twirl.sbt.SbtTwirl, play.sbt.routes.RoutesCompiler, com.typesafe.sbteclipse.plugin.EclipsePlugin, sbt.plugins.JUnitXmlReportPlugin, com.heroku.sbt.HerokuPlugin, sbt.plugins.BackgroundRunPlugin, com.typesafe.sbt.packager.rpm.RpmPlugin, com.typesafe.sbt.web.SbtWeb, com.typesafe.sbt.packager.debian.DebianPlugin, play.ebean.sbt.PlayEbean, com.typesafe.sbt.packager.archetypes.JavaAppPackaging, com.typesafe.sbt.jse.SbtJsEngine, org.irundaia.sbt.sass.SbtSassify, com.typesafe.sbt.digest.SbtDigest, com.typesafe.sbt.packager.archetypes.JavaServerAppPackaging, com.typesafe.sbt.jse.SbtJsTask, play.sbt.Play, com.typesafe.sbt.jshint.SbtJSHint, com.typesafe.sbt.mocha.SbtMocha, com.typesafe.sbt.less.SbtLess, com.typesafe.sbt.rjs.SbtRjs, com.typesafe.sbt.coffeescript.SbtCoffeeScript, play.sbt.PlayJava, play.sbt.PlayNettyServer, play.sbt.PlayLayoutPlugin, play.sbt.PlayLogback, play.sbt.forkrun.PlayForkRun) not found List()
  :: sorted deduced result: List(sbt.plugins.CorePlugin, com.typesafe.sbt.SbtNativePackager, sbt.plugins.InteractionServicePlugin, sbt.plugins.SendEventServicePlugin, sbt.plugins.SerializersPlugin, sbt.plugins.IvyPlugin, com.typesafe.sbt.packager.universal.UniversalPlugin, sbt.plugins.JvmPlugin, com.typesafe.sbt.packager.windows.WindowsPlugin, com.typesafe.sbt.packager.docker.DockerPlugin, com.typesafe.sbt.packager.linux.LinuxPlugin, com.typesafe.play.sbt.enhancer.PlayEnhancer, play.twirl.sbt.SbtTwirl, play.sbt.routes.RoutesCompiler, com.typesafe.sbteclipse.plugin.EclipsePlugin, sbt.plugins.JUnitXmlReportPlugin, com.heroku.sbt.HerokuPlugin, sbt.plugins.BackgroundRunPlugin, com.typesafe.sbt.packager.rpm.RpmPlugin, com.typesafe.sbt.web.SbtWeb, com.typesafe.sbt.packager.debian.DebianPlugin, play.ebean.sbt.PlayEbean, com.typesafe.sbt.packager.archetypes.JavaAppPackaging, com.typesafe.sbt.jse.SbtJsEngine, org.irundaia.sbt.sass.SbtSassify, com.typesafe.sbt.digest.SbtDigest, com.typesafe.sbt.packager.archetypes.JavaServerAppPackaging, com.typesafe.sbt.jse.SbtJsTask, play.sbt.Play, com.typesafe.sbt.jshint.SbtJSHint, com.typesafe.sbt.mocha.SbtMocha, com.typesafe.sbt.less.SbtLess, com.typesafe.sbt.rjs.SbtRjs, com.typesafe.sbt.coffeescript.SbtCoffeeScript, play.sbt.PlayJava, play.sbt.PlayNettyServer, play.sbt.PlayLayoutPlugin, play.sbt.PlayLogback, play.sbt.forkrun.PlayForkRun)
[Loading] Loading project nonEnhancedProject @ C:\Users\EFE\play-java\non-enhanced
deducing auto plugins based on known facts Set(Atom(sbt.plugins.CorePlugin)) and clauses Clauses(List(Clause(Atom(sbt.plugins.JvmPlugin),Set(Atom(sbt.plugins.IvyPlugin))), Clause(Atom(sbt.plugins.JUnitXmlReportPlugin),Set(Atom(sbt.plugins.JvmPlugin))), Clause(Atom(com.typesafe.sbteclipse.plugin.EclipsePlugin),Set(Atom(sbt.plugins.JvmPlugin))), Clause(Atom(play.sbt.forkrun.PlayForkRun),Set(Atom(sbt.plugins.BackgroundRunPlugin))), Clause(Atom(play.sbt.forkrun.PlayForkRun),Set(Atom(play.sbt.Play))), Clause(Atom(play.sbt.forkrun.PlayForkRun),Set(Atom(sbt.plugins.SerializersPlugin))), Clause(Atom(play.sbt.Play),Set(Atom(com.typesafe.sbt.packager.archetypes.JavaServerAppPackaging))), Clause(Atom(play.sbt.Play),Set(Atom(play.sbt.routes.RoutesCompiler))), Clause(Atom(play.sbt.Play),Set(Atom(play.twirl.sbt.SbtTwirl))), Clause(Atom(play.sbt.Play),Set(Atom(com.typesafe.sbt.jse.SbtJsTask))), Clause(Atom(play.sbt.PlayAkkaHttpServer),Set(Atom(play.sbt.Play))), Clause(Atom(play.sbt.PlayJava),Set(Atom(play.sbt.Play))), Clause(Atom(play.sbt.PlayLayoutPlugin),Set(Atom(play.sbt.Play))), Clause(Atom(play.sbt.PlayLogback),Set(Atom(play.sbt.Play))), Clause(Atom(play.sbt.PlayNettyServer),Set(Atom(play.sbt.Play))), Clause(Atom(play.sbt.PlayScala),Set(Atom(play.sbt.Play))), Clause(Atom(play.sbt.routes.RoutesCompiler),Set(Atom(sbt.plugins.JvmPlugin))), Clause(Atom(play.twirl.sbt.SbtTwirl),Set(Atom(sbt.plugins.JvmPlugin))), Clause(Atom(com.typesafe.sbt.packager.archetypes.AkkaAppPackaging),Set(Atom(com.typesafe.sbt.packager.archetypes.JavaAppPackaging))), Clause(Atom(com.typesafe.sbt.packager.archetypes.JavaAppPackaging),Set(Atom(com.typesafe.sbt.packager.windows.WindowsPlugin))), Clause(Atom(com.typesafe.sbt.packager.archetypes.JavaAppPackaging),Set(Atom(com.typesafe.sbt.packager.docker.DockerPlugin))), Clause(Atom(com.typesafe.sbt.packager.archetypes.JavaAppPackaging),Set(Atom(com.typesafe.sbt.packager.debian.DebianPlugin))), Clause(Atom(com.typesafe.sbt.packager.archetypes.JavaAppPackaging),Set(Atom(com.typesafe.sbt.packager.rpm.RpmPlugin))), Clause(Atom(com.typesafe.sbt.packager.archetypes.JavaServerAppPackaging),Set(Atom(com.typesafe.sbt.packager.archetypes.JavaAppPackaging))), Clause(Atom(com.typesafe.sbt.packager.archetypes.jar.ClasspathJarPlugin),Set(Atom(com.typesafe.sbt.packager.archetypes.JavaAppPackaging))), Clause(Atom(com.typesafe.sbt.packager.archetypes.jar.LauncherJarPlugin),Set(Atom(com.typesafe.sbt.packager.archetypes.JavaAppPackaging))), Clause(Atom(com.typesafe.sbt.packager.debian.DebianDeployPlugin),Set(Atom(com.typesafe.sbt.packager.debian.DebianPlugin))), Clause(Atom(com.typesafe.sbt.packager.debian.DebianPlugin),Set(Atom(com.typesafe.sbt.packager.linux.LinuxPlugin))), Clause(Atom(com.typesafe.sbt.packager.debian.JDebPackaging),Set(Atom(com.typesafe.sbt.packager.debian.DebianPlugin))), Clause(Atom(com.typesafe.sbt.packager.docker.DockerPlugin),Set(Atom(com.typesafe.sbt.packager.universal.UniversalPlugin))), Clause(Atom(com.typesafe.sbt.packager.jdkpackager.JDKPackagerDeployPlugin),Set(Atom(com.typesafe.sbt.packager.jdkpackager.JDKPackagerPlugin))), Clause(Atom(com.typesafe.sbt.packager.jdkpackager.JDKPackagerPlugin),Set(Atom(com.typesafe.sbt.packager.archetypes.JavaAppPackaging))), Clause(Atom(com.typesafe.sbt.packager.jdkpackager.JDKPackagerPlugin),Set(Atom(com.typesafe.sbt.packager.archetypes.jar.LauncherJarPlugin))), Clause(Atom(com.typesafe.sbt.packager.linux.LinuxPlugin),Set(Atom(com.typesafe.sbt.packager.universal.UniversalPlugin))), Clause(Atom(com.typesafe.sbt.packager.rpm.RpmDeployPlugin),Set(Atom(com.typesafe.sbt.packager.rpm.RpmPlugin))), Clause(Atom(com.typesafe.sbt.packager.rpm.RpmPlugin),Set(Atom(com.typesafe.sbt.packager.linux.LinuxPlugin))), Clause(Atom(com.typesafe.sbt.packager.universal.UniversalDeployPlugin),Set(Atom(com.typesafe.sbt.packager.universal.UniversalPlugin))), Clause(Atom(com.typesafe.sbt.packager.universal.UniversalPlugin),Set(Atom(com.typesafe.sbt.SbtNativePackager))), Clause(Atom(com.typesafe.sbt.packager.windows.WindowsDeployPlugin),Set(Atom(com.typesafe.sbt.packager.windows.WindowsPlugin))), Clause(Atom(com.typesafe.sbt.packager.windows.WindowsPlugin),Set(Atom(com.typesafe.sbt.packager.universal.UniversalPlugin))), Clause(Atom(com.typesafe.sbt.web.SbtWeb),Set(Atom(sbt.plugins.JvmPlugin))), Clause(Atom(com.typesafe.sbt.jse.SbtJsEngine),Set(Atom(com.typesafe.sbt.web.SbtWeb))), Clause(Atom(com.typesafe.sbt.jse.SbtJsTask),Set(Atom(com.typesafe.sbt.jse.SbtJsEngine))), Clause(Atom(sbt.plugins.BackgroundRunPlugin),Set(Atom(sbt.plugins.JvmPlugin))), Clause(Atom(com.typesafe.sbt.coffeescript.SbtCoffeeScript),Set(Atom(com.typesafe.sbt.jse.SbtJsTask))), Clause(Atom(com.typesafe.sbt.less.SbtLess),Set(Atom(com.typesafe.sbt.jse.SbtJsTask))), Clause(Atom(com.typesafe.sbt.jshint.SbtJSHint),Set(Atom(com.typesafe.sbt.jse.SbtJsTask))), Clause(Atom(com.typesafe.sbt.rjs.SbtRjs),Set(Atom(com.typesafe.sbt.jse.SbtJsTask))), Clause(Atom(com.typesafe.sbt.digest.SbtDigest),Set(Atom(com.typesafe.sbt.web.SbtWeb))), Clause(Atom(com.typesafe.sbt.mocha.SbtMocha),Set(Atom(com.typesafe.sbt.jse.SbtJsTask))), Clause(Atom(org.irundaia.sbt.sass.SbtSassify),Set(Atom(com.typesafe.sbt.web.SbtWeb))), Clause(Atom(play.ebean.sbt.PlayEbean),Set(Atom(com.typesafe.play.sbt.enhancer.PlayEnhancer))), Clause(Atom(com.typesafe.play.sbt.enhancer.PlayEnhancer),Set(Atom(sbt.plugins.JvmPlugin))), Clause(Atom(com.heroku.sbt.HerokuPlugin),Set(Atom(sbt.plugins.JvmPlugin))), Clause(Atom(sbt.plugins.CorePlugin),Set(Atom(sbt.plugins.IvyPlugin))), Clause(Atom(sbt.plugins.IvyPlugin),Set(Atom(sbt.plugins.JvmPlugin))), Clause(Atom(sbt.plugins.JvmPlugin),Set(Atom(sbt.plugins.JUnitXmlReportPlugin))), Clause(Atom(sbt.plugins.JvmPlugin),Set(Atom(com.typesafe.sbteclipse.plugin.EclipsePlugin))), Clause(And(Set(Atom(sbt.plugins.BackgroundRunPlugin), Atom(play.sbt.Play), Atom(sbt.plugins.SerializersPlugin))),Set(Atom(play.sbt.forkrun.PlayForkRun))), Clause(Atom(play.sbt.Play),Set(Atom(play.sbt.PlayLayoutPlugin))), Clause(Atom(play.sbt.Play),Set(Atom(play.sbt.PlayLogback))), Clause(Atom(play.sbt.Play),Set(Atom(play.sbt.PlayNettyServer))), Clause(Atom(com.typesafe.sbt.web.SbtWeb),Set(Atom(com.typesafe.sbt.jse.SbtJsEngine))), Clause(Atom(com.typesafe.sbt.jse.SbtJsEngine),Set(Atom(com.typesafe.sbt.jse.SbtJsTask))), Clause(Atom(sbt.plugins.JvmPlugin),Set(Atom(sbt.plugins.BackgroundRunPlugin))), Clause(Atom(sbt.plugins.CorePlugin),Set(Atom(sbt.plugins.InteractionServicePlugin))), Clause(Atom(sbt.plugins.CorePlugin),Set(Atom(sbt.plugins.SendEventServicePlugin))), Clause(Atom(sbt.plugins.CorePlugin),Set(Atom(sbt.plugins.SerializersPlugin))), Clause(Atom(com.typesafe.sbt.jse.SbtJsTask),Set(Atom(com.typesafe.sbt.coffeescript.SbtCoffeeScript))), Clause(Atom(com.typesafe.sbt.jse.SbtJsTask),Set(Atom(com.typesafe.sbt.less.SbtLess))), Clause(Atom(com.typesafe.sbt.jse.SbtJsTask),Set(Atom(com.typesafe.sbt.jshint.SbtJSHint))), Clause(Atom(com.typesafe.sbt.jse.SbtJsTask),Set(Atom(com.typesafe.sbt.rjs.SbtRjs))), Clause(Atom(com.typesafe.sbt.web.SbtWeb),Set(Atom(com.typesafe.sbt.digest.SbtDigest))), Clause(Atom(com.typesafe.sbt.jse.SbtJsTask),Set(Atom(com.typesafe.sbt.mocha.SbtMocha))), Clause(Atom(com.typesafe.sbt.web.SbtWeb),Set(Atom(org.irundaia.sbt.sass.SbtSassify))), Clause(Atom(sbt.plugins.JvmPlugin),Set(Atom(com.typesafe.play.sbt.enhancer.PlayEnhancer))), Clause(Atom(sbt.plugins.JvmPlugin),Set(Atom(com.heroku.sbt.HerokuPlugin)))))
  :: deduced result: Matched(sbt.plugins.CorePlugin,sbt.plugins.SerializersPlugin,sbt.plugins.SendEventServicePlugin,sbt.plugins.InteractionServicePlugin,sbt.plugins.IvyPlugin,sbt.plugins.JvmPlugin,com.heroku.sbt.HerokuPlugin,sbt.plugins.BackgroundRunPlugin,com.typesafe.sbteclipse.plugin.EclipsePlugin,sbt.plugins.JUnitXmlReportPlugin)
sorting: ns: List(sbt.plugins.CorePlugin, sbt.plugins.SerializersPlugin, sbt.plugins.SendEventServicePlugin, sbt.plugins.InteractionServicePlugin, sbt.plugins.IvyPlugin, sbt.plugins.JvmPlugin, com.heroku.sbt.HerokuPlugin, sbt.plugins.BackgroundRunPlugin, com.typesafe.sbteclipse.plugin.EclipsePlugin, sbt.plugins.JUnitXmlReportPlugin)
  :: sorting:: found: List(sbt.plugins.CorePlugin) not found List(sbt.plugins.SerializersPlugin, sbt.plugins.SendEventServicePlugin, sbt.plugins.InteractionServicePlugin, sbt.plugins.IvyPlugin, sbt.plugins.JvmPlugin, com.heroku.sbt.HerokuPlugin, sbt.plugins.BackgroundRunPlugin, com.typesafe.sbteclipse.plugin.EclipsePlugin, sbt.plugins.JUnitXmlReportPlugin)
  :: sorting:: found: List(sbt.plugins.CorePlugin, sbt.plugins.SerializersPlugin, sbt.plugins.SendEventServicePlugin, sbt.plugins.InteractionServicePlugin, sbt.plugins.IvyPlugin) not found List(sbt.plugins.JvmPlugin, com.heroku.sbt.HerokuPlugin, sbt.plugins.BackgroundRunPlugin, com.typesafe.sbteclipse.plugin.EclipsePlugin, sbt.plugins.JUnitXmlReportPlugin)
  :: sorting:: found: List(sbt.plugins.CorePlugin, sbt.plugins.SerializersPlugin, sbt.plugins.SendEventServicePlugin, sbt.plugins.InteractionServicePlugin, sbt.plugins.IvyPlugin, sbt.plugins.JvmPlugin) not found List(com.heroku.sbt.HerokuPlugin, sbt.plugins.BackgroundRunPlugin, com.typesafe.sbteclipse.plugin.EclipsePlugin, sbt.plugins.JUnitXmlReportPlugin)
  :: sorting:: found: List(sbt.plugins.CorePlugin, sbt.plugins.SerializersPlugin, sbt.plugins.SendEventServicePlugin, sbt.plugins.InteractionServicePlugin, sbt.plugins.IvyPlugin, sbt.plugins.JvmPlugin, com.heroku.sbt.HerokuPlugin, sbt.plugins.BackgroundRunPlugin, com.typesafe.sbteclipse.plugin.EclipsePlugin, sbt.plugins.JUnitXmlReportPlugin) not found List()
  :: sorted deduced result: List(sbt.plugins.CorePlugin, sbt.plugins.SerializersPlugin, sbt.plugins.SendEventServicePlugin, sbt.plugins.InteractionServicePlugin, sbt.plugins.IvyPlugin, sbt.plugins.JvmPlugin, com.heroku.sbt.HerokuPlugin, sbt.plugins.BackgroundRunPlugin, com.typesafe.sbteclipse.plugin.EclipsePlugin, sbt.plugins.JUnitXmlReportPlugin)
[Loading] Done in C:\Users\EFE\play-java, returning: (myProject, nonEnhancedProject)
Set current project to play-java (in build file:/C:/Users/EFE/play-java/)
Reapplying settings...
Set current project to play-java (in build file:/C:/Users/EFE/play-java/)
> iflast shell
> server-send-ready-for-request
> server-handle-next-server-request
> {file:/C:/Users/EFE/play-java/}myProject/compile:mainClass
Evaluating tasks: myProject/compile:mainClass
Running task... Cancel: sbt.server.ServerTaskCancellation@2f3c9cb4, check cycles: false
Total time: 0 s, completed 25.Tem.2016 14:14:04
> server-post-command-cleanup
> server-handle-next-server-request
> {file:/C:/Users/EFE/play-java/}myProject/compile:discoveredMainClasses
Evaluating tasks: myProject/compile:discoveredMainClasses
Running task... Cancel: sbt.server.ServerTaskCancellation@a6ccc3e, check cycles: false
Invalidating C:\Users\EFE\play-java\target\scala-2.11\classes\controllers\HomeController.class: stamp changed from lastModified(1469439048108) to lastModified(1469439306167)

Initial source changes: 
	removed:Set()
	added: Set()
	modified: Set()
Removed products: Set()
External API changes: API Changes: Set()
Modified binary dependencies: Set(C:\Users\EFE\play-java\target\scala-2.11\classes\controllers\HomeController.class)
Initial directly invalidated sources: Set()

Sources indirectly invalidated by:
	product: Set()
	binary dep: Set(C:\Users\EFE\play-java\app\controllers\HomeController.java)
	external source: Set()
All initially invalidated sources: Set(C:\Users\EFE\play-java\app\controllers\HomeController.java)

Read from stdout: Compiling 1 Java source to C:\Users\EFE\play-java\target\scala-2.11\classes...
Compiling 1 Java source to C:\Users\EFE\play-java\target\scala-2.11\classes...
Attempting to call com.sun.tools.javac.api.JavacTool@10df889c directly...
Java compilation took 0.814886844 s
Java analysis took 0.040511081 s
Java compile + analysis took 0.867179457 s
New invalidations:
	Set()
Initial set of included nodes: Set()
Previously invalidated, but (transitively) depend on new invalidations:
	Set()
All newly invalidated sources after taking into account (previously) recompiled sources:Set()
play.api.Configuration$$anon$1: Configuration error[application.conf @ file:/C:/Users/EFE/play-java/conf/application.conf: 346: Could not resolve substitution to a value: ${DATABASE_URL}]
java.lang.RuntimeException: play.api.Configuration$$anon$1: Configuration error[application.conf @ file:/C:/Users/EFE/play-java/conf/application.conf: 346: Could not resolve substitution to a value: ${DATABASE_URL}]
	at play.api.Configuration$.configError(Configuration.scala:154)
	at play.api.Configuration$.load(Configuration.scala:101)
	at play.api.Configuration$.load(Configuration.scala:109)
	at play.api.Configuration$.load(Configuration.scala:115)
	at play.api.Configuration.load(Configuration.scala)
	at play.Configuration.load(Configuration.java:45)
	at play.db.ebean.ModelsConfigLoader.apply(ModelsConfigLoader.java:23)
	at play.db.ebean.ModelsConfigLoader.apply(ModelsConfigLoader.java:17)
	at play.ebean.sbt.PlayEbean$$anonfun$configuredEbeanModels$1$$anonfun$apply$1.apply(PlayEbean.scala:140)
	at play.ebean.sbt.PlayEbean$$anonfun$configuredEbeanModels$1$$anonfun$apply$1.apply(PlayEbean.scala:137)
	at play.ebean.sbt.PlayEbean$$anonfun$configuredEbeanModels$1.withClassLoader$1(PlayEbean.scala:117)
	at play.ebean.sbt.PlayEbean$$anonfun$configuredEbeanModels$1.apply(PlayEbean.scala:137)
	at play.ebean.sbt.PlayEbean$$anonfun$configuredEbeanModels$1.apply(PlayEbean.scala:107)
	at scala.Function1$$anonfun$compose$1.apply(Function1.scala:47)
	at sbt.$tilde$greater$$anonfun$$u2219$1.apply(TypeFunctions.scala:40)
	at sbt.std.Transform$$anon$4.work(System.scala:63)
	at sbt.Execute$$anonfun$submit$1$$anonfun$apply$1.apply(Execute.scala:226)
	at sbt.Execute$$anonfun$submit$1$$anonfun$apply$1.apply(Execute.scala:226)
	at sbt.ErrorHandling$.wideConvert(ErrorHandling.scala:17)
	at sbt.Execute.work(Execute.scala:235)
	at sbt.Execute$$anonfun$submit$1.apply(Execute.scala:226)
	at sbt.Execute$$anonfun$submit$1.apply(Execute.scala:226)
	at sbt.ConcurrentRestrictions$$anon$4$$anonfun$1.apply(ConcurrentRestrictions.scala:159)
	at sbt.CompletionService$$anon$2.call(CompletionService.scala:28)
	at java.util.concurrent.FutureTask.run(FutureTask.java:266)
	at java.util.concurrent.Executors$RunnableAdapter.call(Executors.java:511)
	at java.util.concurrent.FutureTask.run(FutureTask.java:266)
	at java.util.concurrent.ThreadPoolExecutor.runWorker(ThreadPoolExecutor.java:1142)
	at java.util.concurrent.ThreadPoolExecutor$Worker.run(ThreadPoolExecutor.java:617)
	at java.lang.Thread.run(Thread.java:745)
Caused by: java.lang.RuntimeException: com.typesafe.config.ConfigException$UnresolvedSubstitution: application.conf @ file:/C:/Users/EFE/play-java/conf/application.conf: 346: Could not resolve substitution to a value: ${DATABASE_URL}
	at com.typesafe.config.impl.ConfigReference.resolveSubstitutions(ConfigReference.java:108)
	at com.typesafe.config.impl.ResolveContext.realResolve(ResolveContext.java:179)
	at com.typesafe.config.impl.ResolveContext.resolve(ResolveContext.java:142)
	at com.typesafe.config.impl.SimpleConfigObject$ResolveModifier.modifyChildMayThrow(SimpleConfigObject.java:379)
	at com.typesafe.config.impl.SimpleConfigObject.modifyMayThrow(SimpleConfigObject.java:312)
	at com.typesafe.config.impl.SimpleConfigObject.resolveSubstitutions(SimpleConfigObject.java:398)
	at com.typesafe.config.impl.ResolveContext.realResolve(ResolveContext.java:179)
	at com.typesafe.config.impl.ResolveContext.resolve(ResolveContext.java:142)
	at com.typesafe.config.impl.SimpleConfigObject$ResolveModifier.modifyChildMayThrow(SimpleConfigObject.java:379)
	at com.typesafe.config.impl.SimpleConfigObject.modifyMayThrow(SimpleConfigObject.java:312)
	at com.typesafe.config.impl.SimpleConfigObject.resolveSubstitutions(SimpleConfigObject.java:398)
	at com.typesafe.config.impl.ResolveContext.realResolve(ResolveContext.java:179)
	at com.typesafe.config.impl.ResolveContext.resolve(ResolveContext.java:142)
	at com.typesafe.config.impl.ResolveContext.resolve(ResolveContext.java:231)
	at com.typesafe.config.impl.SimpleConfig.resolveWith(SimpleConfig.java:74)
	at com.typesafe.config.impl.SimpleConfig.resolve(SimpleConfig.java:64)
	at com.typesafe.config.impl.SimpleConfig.resolve(SimpleConfig.java:59)
	at com.typesafe.config.impl.SimpleConfig.resolve(SimpleConfig.java:37)
	at play.api.Configuration$.load(Configuration.scala:97)
	at play.api.Configuration$.load(Configuration.scala:109)
	at play.api.Configuration$.load(Configuration.scala:115)
	at play.api.Configuration.load(Configuration.scala)
	at play.Configuration.load(Configuration.java:45)
	at play.db.ebean.ModelsConfigLoader.apply(ModelsConfigLoader.java:23)
	at play.db.ebean.ModelsConfigLoader.apply(ModelsConfigLoader.java:17)
	at play.ebean.sbt.PlayEbean$$anonfun$configuredEbeanModels$1$$anonfun$apply$1.apply(PlayEbean.scala:140)
	at play.ebean.sbt.PlayEbean$$anonfun$configuredEbeanModels$1$$anonfun$apply$1.apply(PlayEbean.scala:137)
	at play.ebean.sbt.PlayEbean$$anonfun$configuredEbeanModels$1.withClassLoader$1(PlayEbean.scala:117)
	at play.ebean.sbt.PlayEbean$$anonfun$configuredEbeanModels$1.apply(PlayEbean.scala:137)
	at play.ebean.sbt.PlayEbean$$anonfun$configuredEbeanModels$1.apply(PlayEbean.scala:107)
	at scala.Function1$$anonfun$compose$1.apply(Function1.scala:47)
	at sbt.$tilde$greater$$anonfun$$u2219$1.apply(TypeFunctions.scala:40)
	at sbt.std.Transform$$anon$4.work(System.scala:63)
	at sbt.Execute$$anonfun$submit$1$$anonfun$apply$1.apply(Execute.scala:226)
	at sbt.Execute$$anonfun$submit$1$$anonfun$apply$1.apply(Execute.scala:226)
	at sbt.ErrorHandling$.wideConvert(ErrorHandling.scala:17)
	at sbt.Execute.work(Execute.scala:235)
	at sbt.Execute$$anonfun$submit$1.apply(Execute.scala:226)
	at sbt.Execute$$anonfun$submit$1.apply(Execute.scala:226)
	at sbt.ConcurrentRestrictions$$anon$4$$anonfun$1.apply(ConcurrentRestrictions.scala:159)
	at sbt.CompletionService$$anon$2.call(CompletionService.scala:28)
	at java.util.concurrent.FutureTask.run(FutureTask.java:266)
	at java.util.concurrent.Executors$RunnableAdapter.call(Executors.java:511)
	at java.util.concurrent.FutureTask.run(FutureTask.java:266)
	at java.util.concurrent.ThreadPoolExecutor.runWorker(ThreadPoolExecutor.java:1142)
	at java.util.concurrent.ThreadPoolExecutor$Worker.run(ThreadPoolExecutor.java:617)
	at java.lang.Thread.run(Thread.java:745)
Read from stdout: (myProject/compile:playEbeanModels) play.api.Configuration$$anon$1: Configuration error[application.conf @ file:/C:/Users/EFE/play-java/conf/application.conf: 346: Could not resolve substitution to a value: ${DATABASE_URL}]
(myProject/compile:playEbeanModels) play.api.Configuration$$anon$1: Configuration error[application.conf @ file:/C:/Users/EFE/play-java/conf/application.conf: 346: Could not resolve substitution to a value: ${DATABASE_URL}]
Total time: 3 s, completed 25.Tem.2016 14:14:07
> server-post-command-error-handler
> server-post-command-cleanup
> server-handle-next-server-request
> {file:/C:/Users/EFE/play-java/}myProject/compile:mainClass
Evaluating tasks: myProject/compile:mainClass
Running task... Cancel: sbt.server.ServerTaskCancellation@58673022, check cycles: false
Total time: 0 s, completed 25.Tem.2016 14:14:07
> server-post-command-cleanup
> server-handle-next-server-request
> {file:/C:/Users/EFE/play-java/}myProject/compile:discoveredMainClasses
Evaluating tasks: myProject/compile:discoveredMainClasses
Running task... Cancel: sbt.server.ServerTaskCancellation@1eff4928, check cycles: false
Invalidating C:\Users\EFE\play-java\target\scala-2.11\classes\controllers\HomeController.class: stamp changed from lastModified(1469439048108) to lastModified(1469445247105)

Initial source changes: 
	removed:Set()
	added: Set()
	modified: Set()
Removed products: Set(C:\Users\EFE\play-java\target\scala-2.11\classes\controllers\HomeController$Login.class)
External API changes: API Changes: Set()
Modified binary dependencies: Set(C:\Users\EFE\play-java\target\scala-2.11\classes\controllers\HomeController.class)
Initial directly invalidated sources: Set()

Sources indirectly invalidated by:
	product: Set(C:\Users\EFE\play-java\app\controllers\HomeController.java)
	binary dep: Set(C:\Users\EFE\play-java\app\controllers\HomeController.java)
	external source: Set()
All initially invalidated sources: Set(C:\Users\EFE\play-java\app\controllers\HomeController.java)

Read from stdout: Compiling 1 Java source to C:\Users\EFE\play-java\target\scala-2.11\classes...
Compiling 1 Java source to C:\Users\EFE\play-java\target\scala-2.11\classes...
Attempting to call com.sun.tools.javac.api.JavacTool@77f7648e directly...
Java compilation took 0.185483912 s
Java analysis took 0.020644198 s
Java compile + analysis took 0.215492367 s
New invalidations:
	Set()
Initial set of included nodes: Set()
Previously invalidated, but (transitively) depend on new invalidations:
	Set()
All newly invalidated sources after taking into account (previously) recompiled sources:Set()
play.api.Configuration$$anon$1: Configuration error[application.conf @ file:/C:/Users/EFE/play-java/conf/application.conf: 346: Could not resolve substitution to a value: ${DATABASE_URL}]
java.lang.RuntimeException: play.api.Configuration$$anon$1: Configuration error[application.conf @ file:/C:/Users/EFE/play-java/conf/application.conf: 346: Could not resolve substitution to a value: ${DATABASE_URL}]
	at play.api.Configuration$.configError(Configuration.scala:154)
	at play.api.Configuration$.load(Configuration.scala:101)
	at play.api.Configuration$.load(Configuration.scala:109)
	at play.api.Configuration$.load(Configuration.scala:115)
	at play.api.Configuration.load(Configuration.scala)
	at play.Configuration.load(Configuration.java:45)
	at play.db.ebean.ModelsConfigLoader.apply(ModelsConfigLoader.java:23)
	at play.db.ebean.ModelsConfigLoader.apply(ModelsConfigLoader.java:17)
	at play.ebean.sbt.PlayEbean$$anonfun$configuredEbeanModels$1$$anonfun$apply$1.apply(PlayEbean.scala:140)
	at play.ebean.sbt.PlayEbean$$anonfun$configuredEbeanModels$1$$anonfun$apply$1.apply(PlayEbean.scala:137)
	at play.ebean.sbt.PlayEbean$$anonfun$configuredEbeanModels$1.withClassLoader$1(PlayEbean.scala:117)
	at play.ebean.sbt.PlayEbean$$anonfun$configuredEbeanModels$1.apply(PlayEbean.scala:137)
	at play.ebean.sbt.PlayEbean$$anonfun$configuredEbeanModels$1.apply(PlayEbean.scala:107)
	at scala.Function1$$anonfun$compose$1.apply(Function1.scala:47)
	at sbt.$tilde$greater$$anonfun$$u2219$1.apply(TypeFunctions.scala:40)
	at sbt.std.Transform$$anon$4.work(System.scala:63)
	at sbt.Execute$$anonfun$submit$1$$anonfun$apply$1.apply(Execute.scala:226)
	at sbt.Execute$$anonfun$submit$1$$anonfun$apply$1.apply(Execute.scala:226)
	at sbt.ErrorHandling$.wideConvert(ErrorHandling.scala:17)
	at sbt.Execute.work(Execute.scala:235)
	at sbt.Execute$$anonfun$submit$1.apply(Execute.scala:226)
	at sbt.Execute$$anonfun$submit$1.apply(Execute.scala:226)
	at sbt.ConcurrentRestrictions$$anon$4$$anonfun$1.apply(ConcurrentRestrictions.scala:159)
	at sbt.CompletionService$$anon$2.call(CompletionService.scala:28)
	at java.util.concurrent.FutureTask.run(FutureTask.java:266)
	at java.util.concurrent.Executors$RunnableAdapter.call(Executors.java:511)
	at java.util.concurrent.FutureTask.run(FutureTask.java:266)
	at java.util.concurrent.ThreadPoolExecutor.runWorker(ThreadPoolExecutor.java:1142)
	at java.util.concurrent.ThreadPoolExecutor$Worker.run(ThreadPoolExecutor.java:617)
	at java.lang.Thread.run(Thread.java:745)
Caused by: java.lang.RuntimeException: com.typesafe.config.ConfigException$UnresolvedSubstitution: application.conf @ file:/C:/Users/EFE/play-java/conf/application.conf: 346: Could not resolve substitution to a value: ${DATABASE_URL}
	at com.typesafe.config.impl.ConfigReference.resolveSubstitutions(ConfigReference.java:108)
	at com.typesafe.config.impl.ResolveContext.realResolve(ResolveContext.java:179)
	at com.typesafe.config.impl.ResolveContext.resolve(ResolveContext.java:142)
	at com.typesafe.config.impl.SimpleConfigObject$ResolveModifier.modifyChildMayThrow(SimpleConfigObject.java:379)
	at com.typesafe.config.impl.SimpleConfigObject.modifyMayThrow(SimpleConfigObject.java:312)
	at com.typesafe.config.impl.SimpleConfigObject.resolveSubstitutions(SimpleConfigObject.java:398)
	at com.typesafe.config.impl.ResolveContext.realResolve(ResolveContext.java:179)
	at com.typesafe.config.impl.ResolveContext.resolve(ResolveContext.java:142)
	at com.typesafe.config.impl.SimpleConfigObject$ResolveModifier.modifyChildMayThrow(SimpleConfigObject.java:379)
	at com.typesafe.config.impl.SimpleConfigObject.modifyMayThrow(SimpleConfigObject.java:312)
	at com.typesafe.config.impl.SimpleConfigObject.resolveSubstitutions(SimpleConfigObject.java:398)
	at com.typesafe.config.impl.ResolveContext.realResolve(ResolveContext.java:179)
	at com.typesafe.config.impl.ResolveContext.resolve(ResolveContext.java:142)
	at com.typesafe.config.impl.ResolveContext.resolve(ResolveContext.java:231)
	at com.typesafe.config.impl.SimpleConfig.resolveWith(SimpleConfig.java:74)
	at com.typesafe.config.impl.SimpleConfig.resolve(SimpleConfig.java:64)
	at com.typesafe.config.impl.SimpleConfig.resolve(SimpleConfig.java:59)
	at com.typesafe.config.impl.SimpleConfig.resolve(SimpleConfig.java:37)
	at play.api.Configuration$.load(Configuration.scala:97)
	at play.api.Configuration$.load(Configuration.scala:109)
	at play.api.Configuration$.load(Configuration.scala:115)
	at play.api.Configuration.load(Configuration.scala)
	at play.Configuration.load(Configuration.java:45)
	at play.db.ebean.ModelsConfigLoader.apply(ModelsConfigLoader.java:23)
	at play.db.ebean.ModelsConfigLoader.apply(ModelsConfigLoader.java:17)
	at play.ebean.sbt.PlayEbean$$anonfun$configuredEbeanModels$1$$anonfun$apply$1.apply(PlayEbean.scala:140)
	at play.ebean.sbt.PlayEbean$$anonfun$configuredEbeanModels$1$$anonfun$apply$1.apply(PlayEbean.scala:137)
	at play.ebean.sbt.PlayEbean$$anonfun$configuredEbeanModels$1.withClassLoader$1(PlayEbean.scala:117)
	at play.ebean.sbt.PlayEbean$$anonfun$configuredEbeanModels$1.apply(PlayEbean.scala:137)
	at play.ebean.sbt.PlayEbean$$anonfun$configuredEbeanModels$1.apply(PlayEbean.scala:107)
	at scala.Function1$$anonfun$compose$1.apply(Function1.scala:47)
	at sbt.$tilde$greater$$anonfun$$u2219$1.apply(TypeFunctions.scala:40)
	at sbt.std.Transform$$anon$4.work(System.scala:63)
	at sbt.Execute$$anonfun$submit$1$$anonfun$apply$1.apply(Execute.scala:226)
	at sbt.Execute$$anonfun$submit$1$$anonfun$apply$1.apply(Execute.scala:226)
	at sbt.ErrorHandling$.wideConvert(ErrorHandling.scala:17)
	at sbt.Execute.work(Execute.scala:235)
	at sbt.Execute$$anonfun$submit$1.apply(Execute.scala:226)
	at sbt.Execute$$anonfun$submit$1.apply(Execute.scala:226)
	at sbt.ConcurrentRestrictions$$anon$4$$anonfun$1.apply(ConcurrentRestrictions.scala:159)
	at sbt.CompletionService$$anon$2.call(CompletionService.scala:28)
	at java.util.concurrent.FutureTask.run(FutureTask.java:266)
	at java.util.concurrent.Executors$RunnableAdapter.call(Executors.java:511)
	at java.util.concurrent.FutureTask.run(FutureTask.java:266)
	at java.util.concurrent.ThreadPoolExecutor.runWorker(ThreadPoolExecutor.java:1142)
	at java.util.concurrent.ThreadPoolExecutor$Worker.run(ThreadPoolExecutor.java:617)
	at java.lang.Thread.run(Thread.java:745)
Read from stdout: (myProject/compile:playEbeanModels) play.api.Configuration$$anon$1: Configuration error[application.conf @ file:/C:/Users/EFE/play-java/conf/application.conf: 346: Could not resolve substitution to a value: ${DATABASE_URL}]
(myProject/compile:playEbeanModels) play.api.Configuration$$anon$1: Configuration error[application.conf @ file:/C:/Users/EFE/play-java/conf/application.conf: 346: Could not resolve substitution to a value: ${DATABASE_URL}]
Total time: 1 s, completed 25.Tem.2016 14:14:08
> server-post-command-error-handler
> server-post-command-cleanup
> server-handle-next-server-request
> compile
Evaluating tasks: myProject/compile:compile
Running task... Cancel: sbt.server.ServerTaskCancellation@7dddfdd7, check cycles: false
Invalidating C:\Users\EFE\play-java\target\scala-2.11\classes\controllers\HomeController.class: stamp changed from lastModified(1469439048108) to lastModified(1469445248396)

Initial source changes: 
	removed:Set()
	added: Set()
	modified: Set()
Removed products: Set(C:\Users\EFE\play-java\target\scala-2.11\classes\controllers\HomeController$Login.class)
External API changes: API Changes: Set()
Modified binary dependencies: Set(C:\Users\EFE\play-java\target\scala-2.11\classes\controllers\HomeController.class)
Initial directly invalidated sources: Set()

Sources indirectly invalidated by:
	product: Set(C:\Users\EFE\play-java\app\controllers\HomeController.java)
	binary dep: Set(C:\Users\EFE\play-java\app\controllers\HomeController.java)
	external source: Set()
All initially invalidated sources: Set(C:\Users\EFE\play-java\app\controllers\HomeController.java)

Read from stdout: Compiling 1 Java source to C:\Users\EFE\play-java\target\scala-2.11\classes...
Compiling 1 Java source to C:\Users\EFE\play-java\target\scala-2.11\classes...
Attempting to call com.sun.tools.javac.api.JavacTool@3399538f directly...
Java compilation took 0.296340193 s
Java analysis took 0.023156503 s
Java compile + analysis took 0.332256312 s
New invalidations:
	Set()
Initial set of included nodes: Set()
Previously invalidated, but (transitively) depend on new invalidations:
	Set()
All newly invalidated sources after taking into account (previously) recompiled sources:Set()
play.api.Configuration$$anon$1: Configuration error[application.conf @ file:/C:/Users/EFE/play-java/conf/application.conf: 347: Could not resolve substitution to a value: ${DATABASE_URL}]
java.lang.RuntimeException: play.api.Configuration$$anon$1: Configuration error[application.conf @ file:/C:/Users/EFE/play-java/conf/application.conf: 347: Could not resolve substitution to a value: ${DATABASE_URL}]
	at play.api.Configuration$.configError(Configuration.scala:154)
	at play.api.Configuration$.load(Configuration.scala:101)
	at play.api.Configuration$.load(Configuration.scala:109)
	at play.api.Configuration$.load(Configuration.scala:115)
	at play.api.Configuration.load(Configuration.scala)
	at play.Configuration.load(Configuration.java:45)
	at play.db.ebean.ModelsConfigLoader.apply(ModelsConfigLoader.java:23)
	at play.db.ebean.ModelsConfigLoader.apply(ModelsConfigLoader.java:17)
	at play.ebean.sbt.PlayEbean$$anonfun$configuredEbeanModels$1$$anonfun$apply$1.apply(PlayEbean.scala:140)
	at play.ebean.sbt.PlayEbean$$anonfun$configuredEbeanModels$1$$anonfun$apply$1.apply(PlayEbean.scala:137)
	at play.ebean.sbt.PlayEbean$$anonfun$configuredEbeanModels$1.withClassLoader$1(PlayEbean.scala:117)
	at play.ebean.sbt.PlayEbean$$anonfun$configuredEbeanModels$1.apply(PlayEbean.scala:137)
	at play.ebean.sbt.PlayEbean$$anonfun$configuredEbeanModels$1.apply(PlayEbean.scala:107)
	at scala.Function1$$anonfun$compose$1.apply(Function1.scala:47)
	at sbt.$tilde$greater$$anonfun$$u2219$1.apply(TypeFunctions.scala:40)
	at sbt.std.Transform$$anon$4.work(System.scala:63)
	at sbt.Execute$$anonfun$submit$1$$anonfun$apply$1.apply(Execute.scala:226)
	at sbt.Execute$$anonfun$submit$1$$anonfun$apply$1.apply(Execute.scala:226)
	at sbt.ErrorHandling$.wideConvert(ErrorHandling.scala:17)
	at sbt.Execute.work(Execute.scala:235)
	at sbt.Execute$$anonfun$submit$1.apply(Execute.scala:226)
	at sbt.Execute$$anonfun$submit$1.apply(Execute.scala:226)
	at sbt.ConcurrentRestrictions$$anon$4$$anonfun$1.apply(ConcurrentRestrictions.scala:159)
	at sbt.CompletionService$$anon$2.call(CompletionService.scala:28)
	at java.util.concurrent.FutureTask.run(FutureTask.java:266)
	at java.util.concurrent.Executors$RunnableAdapter.call(Executors.java:511)
	at java.util.concurrent.FutureTask.run(FutureTask.java:266)
	at java.util.concurrent.ThreadPoolExecutor.runWorker(ThreadPoolExecutor.java:1142)
	at java.util.concurrent.ThreadPoolExecutor$Worker.run(ThreadPoolExecutor.java:617)
	at java.lang.Thread.run(Thread.java:745)
Caused by: java.lang.RuntimeException: com.typesafe.config.ConfigException$UnresolvedSubstitution: application.conf @ file:/C:/Users/EFE/play-java/conf/application.conf: 347: Could not resolve substitution to a value: ${DATABASE_URL}
	at com.typesafe.config.impl.ConfigReference.resolveSubstitutions(ConfigReference.java:108)
	at com.typesafe.config.impl.ResolveContext.realResolve(ResolveContext.java:179)
	at com.typesafe.config.impl.ResolveContext.resolve(ResolveContext.java:142)
	at com.typesafe.config.impl.SimpleConfigObject$ResolveModifier.modifyChildMayThrow(SimpleConfigObject.java:379)
	at com.typesafe.config.impl.SimpleConfigObject.modifyMayThrow(SimpleConfigObject.java:312)
	at com.typesafe.config.impl.SimpleConfigObject.resolveSubstitutions(SimpleConfigObject.java:398)
	at com.typesafe.config.impl.ResolveContext.realResolve(ResolveContext.java:179)
	at com.typesafe.config.impl.ResolveContext.resolve(ResolveContext.java:142)
	at com.typesafe.config.impl.ConfigDelayedMerge.resolveSubstitutions(ConfigDelayedMerge.java:132)
	at com.typesafe.config.impl.ConfigDelayedMergeObject.resolveSubstitutions(ConfigDelayedMergeObject.java:55)
	at com.typesafe.config.impl.ResolveContext.realResolve(ResolveContext.java:179)
	at com.typesafe.config.impl.ResolveContext.resolve(ResolveContext.java:142)
	at com.typesafe.config.impl.SimpleConfigObject$ResolveModifier.modifyChildMayThrow(SimpleConfigObject.java:379)
	at com.typesafe.config.impl.SimpleConfigObject.modifyMayThrow(SimpleConfigObject.java:312)
	at com.typesafe.config.impl.SimpleConfigObject.resolveSubstitutions(SimpleConfigObject.java:398)
	at com.typesafe.config.impl.ResolveContext.realResolve(ResolveContext.java:179)
	at com.typesafe.config.impl.ResolveContext.resolve(ResolveContext.java:142)
	at com.typesafe.config.impl.SimpleConfigObject$ResolveModifier.modifyChildMayThrow(SimpleConfigObject.java:379)
	at com.typesafe.config.impl.SimpleConfigObject.modifyMayThrow(SimpleConfigObject.java:312)
	at com.typesafe.config.impl.SimpleConfigObject.resolveSubstitutions(SimpleConfigObject.java:398)
	at com.typesafe.config.impl.ResolveContext.realResolve(ResolveContext.java:179)
	at com.typesafe.config.impl.ResolveContext.resolve(ResolveContext.java:142)
	at com.typesafe.config.impl.ResolveContext.resolve(ResolveContext.java:231)
	at com.typesafe.config.impl.SimpleConfig.resolveWith(SimpleConfig.java:74)
	at com.typesafe.config.impl.SimpleConfig.resolve(SimpleConfig.java:64)
	at com.typesafe.config.impl.SimpleConfig.resolve(SimpleConfig.java:59)
	at com.typesafe.config.impl.SimpleConfig.resolve(SimpleConfig.java:37)
	at play.api.Configuration$.load(Configuration.scala:97)
	at play.api.Configuration$.load(Configuration.scala:109)
	at play.api.Configuration$.load(Configuration.scala:115)
	at play.api.Configuration.load(Configuration.scala)
	at play.Configuration.load(Configuration.java:45)
	at play.db.ebean.ModelsConfigLoader.apply(ModelsConfigLoader.java:23)
	at play.db.ebean.ModelsConfigLoader.apply(ModelsConfigLoader.java:17)
	at play.ebean.sbt.PlayEbean$$anonfun$configuredEbeanModels$1$$anonfun$apply$1.apply(PlayEbean.scala:140)
	at play.ebean.sbt.PlayEbean$$anonfun$configuredEbeanModels$1$$anonfun$apply$1.apply(PlayEbean.scala:137)
	at play.ebean.sbt.PlayEbean$$anonfun$configuredEbeanModels$1.withClassLoader$1(PlayEbean.scala:117)
	at play.ebean.sbt.PlayEbean$$anonfun$configuredEbeanModels$1.apply(PlayEbean.scala:137)
	at play.ebean.sbt.PlayEbean$$anonfun$configuredEbeanModels$1.apply(PlayEbean.scala:107)
	at scala.Function1$$anonfun$compose$1.apply(Function1.scala:47)
	at sbt.$tilde$greater$$anonfun$$u2219$1.apply(TypeFunctions.scala:40)
	at sbt.std.Transform$$anon$4.work(System.scala:63)
	at sbt.Execute$$anonfun$submit$1$$anonfun$apply$1.apply(Execute.scala:226)
	at sbt.Execute$$anonfun$submit$1$$anonfun$apply$1.apply(Execute.scala:226)
	at sbt.ErrorHandling$.wideConvert(ErrorHandling.scala:17)
	at sbt.Execute.work(Execute.scala:235)
	at sbt.Execute$$anonfun$submit$1.apply(Execute.scala:226)
	at sbt.Execute$$anonfun$submit$1.apply(Execute.scala:226)
	at sbt.ConcurrentRestrictions$$anon$4$$anonfun$1.apply(ConcurrentRestrictions.scala:159)
	at sbt.CompletionService$$anon$2.call(CompletionService.scala:28)
	at java.util.concurrent.FutureTask.run(FutureTask.java:266)
	at java.util.concurrent.Executors$RunnableAdapter.call(Executors.java:511)
	at java.util.concurrent.FutureTask.run(FutureTask.java:266)
	at java.util.concurrent.ThreadPoolExecutor.runWorker(ThreadPoolExecutor.java:1142)
	at java.util.concurrent.ThreadPoolExecutor$Worker.run(ThreadPoolExecutor.java:617)
	at java.lang.Thread.run(Thread.java:745)
Read from stdout: (myProject/compile:playEbeanModels) play.api.Configuration$$anon$1: Configuration error[application.conf @ file:/C:/Users/EFE/play-java/conf/application.conf: 347: Could not resolve substitution to a value: ${DATABASE_URL}]
(myProject/compile:playEbeanModels) play.api.Configuration$$anon$1: Configuration error[application.conf @ file:/C:/Users/EFE/play-java/conf/application.conf: 347: Could not resolve substitution to a value: ${DATABASE_URL}]
Total time: 1 s, completed 25.Tem.2016 14:29:59
> server-post-command-error-handler
> server-post-command-cleanup
> server-handle-next-server-request
> compile
Evaluating tasks: myProject/compile:compile
Running task... Cancel: sbt.server.ServerTaskCancellation@306e9976, check cycles: false
Invalidating C:\Users\EFE\play-java\target\scala-2.11\classes\controllers\HomeController.class: stamp changed from lastModified(1469439048108) to lastModified(1469446199346)

Initial source changes: 
	removed:Set()
	added: Set()
	modified: Set()
Removed products: Set(C:\Users\EFE\play-java\target\scala-2.11\classes\controllers\HomeController$Login.class)
External API changes: API Changes: Set()
Modified binary dependencies: Set(C:\Users\EFE\play-java\target\scala-2.11\classes\controllers\HomeController.class)
Initial directly invalidated sources: Set()

Sources indirectly invalidated by:
	product: Set(C:\Users\EFE\play-java\app\controllers\HomeController.java)
	binary dep: Set(C:\Users\EFE\play-java\app\controllers\HomeController.java)
	external source: Set()
All initially invalidated sources: Set(C:\Users\EFE\play-java\app\controllers\HomeController.java)

Read from stdout: Compiling 1 Java source to C:\Users\EFE\play-java\target\scala-2.11\classes...
Compiling 1 Java source to C:\Users\EFE\play-java\target\scala-2.11\classes...
Attempting to call com.sun.tools.javac.api.JavacTool@c129f7a directly...
Java compilation took 0.235237115 s
Java analysis took 0.012132544 s
Java compile + analysis took 0.262225986 s
New invalidations:
	Set()
Initial set of included nodes: Set()
Previously invalidated, but (transitively) depend on new invalidations:
	Set()
All newly invalidated sources after taking into account (previously) recompiled sources:Set()
play.api.Configuration$$anon$1: Configuration error[application.conf @ file:/C:/Users/EFE/play-java/conf/application.conf: 347: Could not resolve substitution to a value: ${DATABASE_URL}]
java.lang.RuntimeException: play.api.Configuration$$anon$1: Configuration error[application.conf @ file:/C:/Users/EFE/play-java/conf/application.conf: 347: Could not resolve substitution to a value: ${DATABASE_URL}]
	at play.api.Configuration$.configError(Configuration.scala:154)
	at play.api.Configuration$.load(Configuration.scala:101)
	at play.api.Configuration$.load(Configuration.scala:109)
	at play.api.Configuration$.load(Configuration.scala:115)
	at play.api.Configuration.load(Configuration.scala)
	at play.Configuration.load(Configuration.java:45)
	at play.db.ebean.ModelsConfigLoader.apply(ModelsConfigLoader.java:23)
	at play.db.ebean.ModelsConfigLoader.apply(ModelsConfigLoader.java:17)
	at play.ebean.sbt.PlayEbean$$anonfun$configuredEbeanModels$1$$anonfun$apply$1.apply(PlayEbean.scala:140)
	at play.ebean.sbt.PlayEbean$$anonfun$configuredEbeanModels$1$$anonfun$apply$1.apply(PlayEbean.scala:137)
	at play.ebean.sbt.PlayEbean$$anonfun$configuredEbeanModels$1.withClassLoader$1(PlayEbean.scala:117)
	at play.ebean.sbt.PlayEbean$$anonfun$configuredEbeanModels$1.apply(PlayEbean.scala:137)
	at play.ebean.sbt.PlayEbean$$anonfun$configuredEbeanModels$1.apply(PlayEbean.scala:107)
	at scala.Function1$$anonfun$compose$1.apply(Function1.scala:47)
	at sbt.$tilde$greater$$anonfun$$u2219$1.apply(TypeFunctions.scala:40)
	at sbt.std.Transform$$anon$4.work(System.scala:63)
	at sbt.Execute$$anonfun$submit$1$$anonfun$apply$1.apply(Execute.scala:226)
	at sbt.Execute$$anonfun$submit$1$$anonfun$apply$1.apply(Execute.scala:226)
	at sbt.ErrorHandling$.wideConvert(ErrorHandling.scala:17)
	at sbt.Execute.work(Execute.scala:235)
	at sbt.Execute$$anonfun$submit$1.apply(Execute.scala:226)
	at sbt.Execute$$anonfun$submit$1.apply(Execute.scala:226)
	at sbt.ConcurrentRestrictions$$anon$4$$anonfun$1.apply(ConcurrentRestrictions.scala:159)
	at sbt.CompletionService$$anon$2.call(CompletionService.scala:28)
	at java.util.concurrent.FutureTask.run(FutureTask.java:266)
	at java.util.concurrent.Executors$RunnableAdapter.call(Executors.java:511)
	at java.util.concurrent.FutureTask.run(FutureTask.java:266)
	at java.util.concurrent.ThreadPoolExecutor.runWorker(ThreadPoolExecutor.java:1142)
	at java.util.concurrent.ThreadPoolExecutor$Worker.run(ThreadPoolExecutor.java:617)
	at java.lang.Thread.run(Thread.java:745)
Caused by: java.lang.RuntimeException: com.typesafe.config.ConfigException$UnresolvedSubstitution: application.conf @ file:/C:/Users/EFE/play-java/conf/application.conf: 347: Could not resolve substitution to a value: ${DATABASE_URL}
	at com.typesafe.config.impl.ConfigReference.resolveSubstitutions(ConfigReference.java:108)
	at com.typesafe.config.impl.ResolveContext.realResolve(ResolveContext.java:179)
	at com.typesafe.config.impl.ResolveContext.resolve(ResolveContext.java:142)
	at com.typesafe.config.impl.SimpleConfigObject$ResolveModifier.modifyChildMayThrow(SimpleConfigObject.java:379)
	at com.typesafe.config.impl.SimpleConfigObject.modifyMayThrow(SimpleConfigObject.java:312)
	at com.typesafe.config.impl.SimpleConfigObject.resolveSubstitutions(SimpleConfigObject.java:398)
	at com.typesafe.config.impl.ResolveContext.realResolve(ResolveContext.java:179)
	at com.typesafe.config.impl.ResolveContext.resolve(ResolveContext.java:142)
	at com.typesafe.config.impl.ConfigDelayedMerge.resolveSubstitutions(ConfigDelayedMerge.java:132)
	at com.typesafe.config.impl.ConfigDelayedMergeObject.resolveSubstitutions(ConfigDelayedMergeObject.java:55)
	at com.typesafe.config.impl.ResolveContext.realResolve(ResolveContext.java:179)
	at com.typesafe.config.impl.ResolveContext.resolve(ResolveContext.java:142)
	at com.typesafe.config.impl.SimpleConfigObject$ResolveModifier.modifyChildMayThrow(SimpleConfigObject.java:379)
	at com.typesafe.config.impl.SimpleConfigObject.modifyMayThrow(SimpleConfigObject.java:312)
	at com.typesafe.config.impl.SimpleConfigObject.resolveSubstitutions(SimpleConfigObject.java:398)
	at com.typesafe.config.impl.ResolveContext.realResolve(ResolveContext.java:179)
	at com.typesafe.config.impl.ResolveContext.resolve(ResolveContext.java:142)
	at com.typesafe.config.impl.SimpleConfigObject$ResolveModifier.modifyChildMayThrow(SimpleConfigObject.java:379)
	at com.typesafe.config.impl.SimpleConfigObject.modifyMayThrow(SimpleConfigObject.java:312)
	at com.typesafe.config.impl.SimpleConfigObject.resolveSubstitutions(SimpleConfigObject.java:398)
	at com.typesafe.config.impl.ResolveContext.realResolve(ResolveContext.java:179)
	at com.typesafe.config.impl.ResolveContext.resolve(ResolveContext.java:142)
	at com.typesafe.config.impl.ResolveContext.resolve(ResolveContext.java:231)
	at com.typesafe.config.impl.SimpleConfig.resolveWith(SimpleConfig.java:74)
	at com.typesafe.config.impl.SimpleConfig.resolve(SimpleConfig.java:64)
	at com.typesafe.config.impl.SimpleConfig.resolve(SimpleConfig.java:59)
	at com.typesafe.config.impl.SimpleConfig.resolve(SimpleConfig.java:37)
	at play.api.Configuration$.load(Configuration.scala:97)
	at play.api.Configuration$.load(Configuration.scala:109)
	at play.api.Configuration$.load(Configuration.scala:115)
	at play.api.Configuration.load(Configuration.scala)
	at play.Configuration.load(Configuration.java:45)
	at play.db.ebean.ModelsConfigLoader.apply(ModelsConfigLoader.java:23)
	at play.db.ebean.ModelsConfigLoader.apply(ModelsConfigLoader.java:17)
	at play.ebean.sbt.PlayEbean$$anonfun$configuredEbeanModels$1$$anonfun$apply$1.apply(PlayEbean.scala:140)
	at play.ebean.sbt.PlayEbean$$anonfun$configuredEbeanModels$1$$anonfun$apply$1.apply(PlayEbean.scala:137)
	at play.ebean.sbt.PlayEbean$$anonfun$configuredEbeanModels$1.withClassLoader$1(PlayEbean.scala:117)
	at play.ebean.sbt.PlayEbean$$anonfun$configuredEbeanModels$1.apply(PlayEbean.scala:137)
	at play.ebean.sbt.PlayEbean$$anonfun$configuredEbeanModels$1.apply(PlayEbean.scala:107)
	at scala.Function1$$anonfun$compose$1.apply(Function1.scala:47)
	at sbt.$tilde$greater$$anonfun$$u2219$1.apply(TypeFunctions.scala:40)
	at sbt.std.Transform$$anon$4.work(System.scala:63)
	at sbt.Execute$$anonfun$submit$1$$anonfun$apply$1.apply(Execute.scala:226)
	at sbt.Execute$$anonfun$submit$1$$anonfun$apply$1.apply(Execute.scala:226)
	at sbt.ErrorHandling$.wideConvert(ErrorHandling.scala:17)
	at sbt.Execute.work(Execute.scala:235)
	at sbt.Execute$$anonfun$submit$1.apply(Execute.scala:226)
	at sbt.Execute$$anonfun$submit$1.apply(Execute.scala:226)
	at sbt.ConcurrentRestrictions$$anon$4$$anonfun$1.apply(ConcurrentRestrictions.scala:159)
	at sbt.CompletionService$$anon$2.call(CompletionService.scala:28)
	at java.util.concurrent.FutureTask.run(FutureTask.java:266)
	at java.util.concurrent.Executors$RunnableAdapter.call(Executors.java:511)
	at java.util.concurrent.FutureTask.run(FutureTask.java:266)
	at java.util.concurrent.ThreadPoolExecutor.runWorker(ThreadPoolExecutor.java:1142)
	at java.util.concurrent.ThreadPoolExecutor$Worker.run(ThreadPoolExecutor.java:617)
	at java.lang.Thread.run(Thread.java:745)
Read from stdout: (myProject/compile:playEbeanModels) play.api.Configuration$$anon$1: Configuration error[application.conf @ file:/C:/Users/EFE/play-java/conf/application.conf: 347: Could not resolve substitution to a value: ${DATABASE_URL}]
(myProject/compile:playEbeanModels) play.api.Configuration$$anon$1: Configuration error[application.conf @ file:/C:/Users/EFE/play-java/conf/application.conf: 347: Could not resolve substitution to a value: ${DATABASE_URL}]
Total time: 1 s, completed 25.Tem.2016 14:30:24
> server-post-command-error-handler
> server-post-command-cleanup
> server-handle-next-server-request
> compile
Evaluating tasks: myProject/compile:compile
Running task... Cancel: sbt.server.ServerTaskCancellation@152bec1a, check cycles: false
Invalidating C:\Users\EFE\play-java\target\scala-2.11\classes\controllers\HomeController.class: stamp changed from lastModified(1469439048108) to lastModified(1469446224437)

Initial source changes: 
	removed:Set()
	added: Set()
	modified: Set()
Removed products: Set(C:\Users\EFE\play-java\target\scala-2.11\classes\controllers\HomeController$Login.class)
External API changes: API Changes: Set()
Modified binary dependencies: Set(C:\Users\EFE\play-java\target\scala-2.11\classes\controllers\HomeController.class)
Initial directly invalidated sources: Set()

Sources indirectly invalidated by:
	product: Set(C:\Users\EFE\play-java\app\controllers\HomeController.java)
	binary dep: Set(C:\Users\EFE\play-java\app\controllers\HomeController.java)
	external source: Set()
All initially invalidated sources: Set(C:\Users\EFE\play-java\app\controllers\HomeController.java)

Read from stdout: Compiling 1 Java source to C:\Users\EFE\play-java\target\scala-2.11\classes...
Compiling 1 Java source to C:\Users\EFE\play-java\target\scala-2.11\classes...
Attempting to call com.sun.tools.javac.api.JavacTool@4009d502 directly...
Java compilation took 0.151923495 s
Java analysis took 0.011723308 s
Java compile + analysis took 0.172390347 s
New invalidations:
	Set()
Initial set of included nodes: Set()
Previously invalidated, but (transitively) depend on new invalidations:
	Set()
All newly invalidated sources after taking into account (previously) recompiled sources:Set()
play.api.Configuration$$anon$1: Configuration error[application.conf @ file:/C:/Users/EFE/play-java/conf/application.conf: 346: Could not resolve substitution to a value: ${DATABASE_URL}]
java.lang.RuntimeException: play.api.Configuration$$anon$1: Configuration error[application.conf @ file:/C:/Users/EFE/play-java/conf/application.conf: 346: Could not resolve substitution to a value: ${DATABASE_URL}]
	at play.api.Configuration$.configError(Configuration.scala:154)
	at play.api.Configuration$.load(Configuration.scala:101)
	at play.api.Configuration$.load(Configuration.scala:109)
	at play.api.Configuration$.load(Configuration.scala:115)
	at play.api.Configuration.load(Configuration.scala)
	at play.Configuration.load(Configuration.java:45)
	at play.db.ebean.ModelsConfigLoader.apply(ModelsConfigLoader.java:23)
	at play.db.ebean.ModelsConfigLoader.apply(ModelsConfigLoader.java:17)
	at play.ebean.sbt.PlayEbean$$anonfun$configuredEbeanModels$1$$anonfun$apply$1.apply(PlayEbean.scala:140)
	at play.ebean.sbt.PlayEbean$$anonfun$configuredEbeanModels$1$$anonfun$apply$1.apply(PlayEbean.scala:137)
	at play.ebean.sbt.PlayEbean$$anonfun$configuredEbeanModels$1.withClassLoader$1(PlayEbean.scala:117)
	at play.ebean.sbt.PlayEbean$$anonfun$configuredEbeanModels$1.apply(PlayEbean.scala:137)
	at play.ebean.sbt.PlayEbean$$anonfun$configuredEbeanModels$1.apply(PlayEbean.scala:107)
	at scala.Function1$$anonfun$compose$1.apply(Function1.scala:47)
	at sbt.$tilde$greater$$anonfun$$u2219$1.apply(TypeFunctions.scala:40)
	at sbt.std.Transform$$anon$4.work(System.scala:63)
	at sbt.Execute$$anonfun$submit$1$$anonfun$apply$1.apply(Execute.scala:226)
	at sbt.Execute$$anonfun$submit$1$$anonfun$apply$1.apply(Execute.scala:226)
	at sbt.ErrorHandling$.wideConvert(ErrorHandling.scala:17)
	at sbt.Execute.work(Execute.scala:235)
	at sbt.Execute$$anonfun$submit$1.apply(Execute.scala:226)
	at sbt.Execute$$anonfun$submit$1.apply(Execute.scala:226)
	at sbt.ConcurrentRestrictions$$anon$4$$anonfun$1.apply(ConcurrentRestrictions.scala:159)
	at sbt.CompletionService$$anon$2.call(CompletionService.scala:28)
	at java.util.concurrent.FutureTask.run(FutureTask.java:266)
	at java.util.concurrent.Executors$RunnableAdapter.call(Executors.java:511)
	at java.util.concurrent.FutureTask.run(FutureTask.java:266)
	at java.util.concurrent.ThreadPoolExecutor.runWorker(ThreadPoolExecutor.java:1142)
	at java.util.concurrent.ThreadPoolExecutor$Worker.run(ThreadPoolExecutor.java:617)
	at java.lang.Thread.run(Thread.java:745)
Caused by: java.lang.RuntimeException: com.typesafe.config.ConfigException$UnresolvedSubstitution: application.conf @ file:/C:/Users/EFE/play-java/conf/application.conf: 346: Could not resolve substitution to a value: ${DATABASE_URL}
	at com.typesafe.config.impl.ConfigReference.resolveSubstitutions(ConfigReference.java:108)
	at com.typesafe.config.impl.ResolveContext.realResolve(ResolveContext.java:179)
	at com.typesafe.config.impl.ResolveContext.resolve(ResolveContext.java:142)
	at com.typesafe.config.impl.SimpleConfigObject$ResolveModifier.modifyChildMayThrow(SimpleConfigObject.java:379)
	at com.typesafe.config.impl.SimpleConfigObject.modifyMayThrow(SimpleConfigObject.java:312)
	at com.typesafe.config.impl.SimpleConfigObject.resolveSubstitutions(SimpleConfigObject.java:398)
	at com.typesafe.config.impl.ResolveContext.realResolve(ResolveContext.java:179)
	at com.typesafe.config.impl.ResolveContext.resolve(ResolveContext.java:142)
	at com.typesafe.config.impl.SimpleConfigObject$ResolveModifier.modifyChildMayThrow(SimpleConfigObject.java:379)
	at com.typesafe.config.impl.SimpleConfigObject.modifyMayThrow(SimpleConfigObject.java:312)
	at com.typesafe.config.impl.SimpleConfigObject.resolveSubstitutions(SimpleConfigObject.java:398)
	at com.typesafe.config.impl.ResolveContext.realResolve(ResolveContext.java:179)
	at com.typesafe.config.impl.ResolveContext.resolve(ResolveContext.java:142)
	at com.typesafe.config.impl.SimpleConfigObject$ResolveModifier.modifyChildMayThrow(SimpleConfigObject.java:379)
	at com.typesafe.config.impl.SimpleConfigObject.modifyMayThrow(SimpleConfigObject.java:312)
	at com.typesafe.config.impl.SimpleConfigObject.resolveSubstitutions(SimpleConfigObject.java:398)
	at com.typesafe.config.impl.ResolveContext.realResolve(ResolveContext.java:179)
	at com.typesafe.config.impl.ResolveContext.resolve(ResolveContext.java:142)
	at com.typesafe.config.impl.ResolveContext.resolve(ResolveContext.java:231)
	at com.typesafe.config.impl.SimpleConfig.resolveWith(SimpleConfig.java:74)
	at com.typesafe.config.impl.SimpleConfig.resolve(SimpleConfig.java:64)
	at com.typesafe.config.impl.SimpleConfig.resolve(SimpleConfig.java:59)
	at com.typesafe.config.impl.SimpleConfig.resolve(SimpleConfig.java:37)
	at play.api.Configuration$.load(Configuration.scala:97)
	at play.api.Configuration$.load(Configuration.scala:109)
	at play.api.Configuration$.load(Configuration.scala:115)
	at play.api.Configuration.load(Configuration.scala)
	at play.Configuration.load(Configuration.java:45)
	at play.db.ebean.ModelsConfigLoader.apply(ModelsConfigLoader.java:23)
	at play.db.ebean.ModelsConfigLoader.apply(ModelsConfigLoader.java:17)
	at play.ebean.sbt.PlayEbean$$anonfun$configuredEbeanModels$1$$anonfun$apply$1.apply(PlayEbean.scala:140)
	at play.ebean.sbt.PlayEbean$$anonfun$configuredEbeanModels$1$$anonfun$apply$1.apply(PlayEbean.scala:137)
	at play.ebean.sbt.PlayEbean$$anonfun$configuredEbeanModels$1.withClassLoader$1(PlayEbean.scala:117)
	at play.ebean.sbt.PlayEbean$$anonfun$configuredEbeanModels$1.apply(PlayEbean.scala:137)
	at play.ebean.sbt.PlayEbean$$anonfun$configuredEbeanModels$1.apply(PlayEbean.scala:107)
	at scala.Function1$$anonfun$compose$1.apply(Function1.scala:47)
	at sbt.$tilde$greater$$anonfun$$u2219$1.apply(TypeFunctions.scala:40)
	at sbt.std.Transform$$anon$4.work(System.scala:63)
	at sbt.Execute$$anonfun$submit$1$$anonfun$apply$1.apply(Execute.scala:226)
	at sbt.Execute$$anonfun$submit$1$$anonfun$apply$1.apply(Execute.scala:226)
	at sbt.ErrorHandling$.wideConvert(ErrorHandling.scala:17)
	at sbt.Execute.work(Execute.scala:235)
	at sbt.Execute$$anonfun$submit$1.apply(Execute.scala:226)
	at sbt.Execute$$anonfun$submit$1.apply(Execute.scala:226)
	at sbt.ConcurrentRestrictions$$anon$4$$anonfun$1.apply(ConcurrentRestrictions.scala:159)
	at sbt.CompletionService$$anon$2.call(CompletionService.scala:28)
	at java.util.concurrent.FutureTask.run(FutureTask.java:266)
	at java.util.concurrent.Executors$RunnableAdapter.call(Executors.java:511)
	at java.util.concurrent.FutureTask.run(FutureTask.java:266)
	at java.util.concurrent.ThreadPoolExecutor.runWorker(ThreadPoolExecutor.java:1142)
	at java.util.concurrent.ThreadPoolExecutor$Worker.run(ThreadPoolExecutor.java:617)
	at java.lang.Thread.run(Thread.java:745)
Read from stdout: (myProject/compile:playEbeanModels) play.api.Configuration$$anon$1: Configuration error[application.conf @ file:/C:/Users/EFE/play-java/conf/application.conf: 346: Could not resolve substitution to a value: ${DATABASE_URL}]
(myProject/compile:playEbeanModels) play.api.Configuration$$anon$1: Configuration error[application.conf @ file:/C:/Users/EFE/play-java/conf/application.conf: 346: Could not resolve substitution to a value: ${DATABASE_URL}]
Total time: 1 s, completed 25.Tem.2016 14:34:21
> server-post-command-error-handler
> server-post-command-cleanup
> server-handle-next-server-request
